running develop
Removing /home/genozen/Desktop/ros2_ws/install/mobile_robotics/lib/python3.10/site-packages/mobile-robotics.egg-link (link to .)
running egg_info
writing ../../build/mobile_robotics/mobile_robotics.egg-info/PKG-INFO
writing dependency_links to ../../build/mobile_robotics/mobile_robotics.egg-info/dependency_links.txt
writing entry points to ../../build/mobile_robotics/mobile_robotics.egg-info/entry_points.txt
writing requirements to ../../build/mobile_robotics/mobile_robotics.egg-info/requires.txt
writing top-level names to ../../build/mobile_robotics/mobile_robotics.egg-info/top_level.txt
reading manifest file '../../build/mobile_robotics/mobile_robotics.egg-info/SOURCES.txt'
writing manifest file '../../build/mobile_robotics/mobile_robotics.egg-info/SOURCES.txt'
running build
running build_py
creating /home/genozen/Desktop/ros2_ws/build/mobile_robotics/build
creating /home/genozen/Desktop/ros2_ws/build/mobile_robotics/build/lib
creating /home/genozen/Desktop/ros2_ws/build/mobile_robotics/build/lib/mobile_robotics
copying mobile_robotics/img_sub.py -> /home/genozen/Desktop/ros2_ws/build/mobile_robotics/build/lib/mobile_robotics
copying mobile_robotics/img_threading.py -> /home/genozen/Desktop/ros2_ws/build/mobile_robotics/build/lib/mobile_robotics
copying mobile_robotics/__init__.py -> /home/genozen/Desktop/ros2_ws/build/mobile_robotics/build/lib/mobile_robotics
copying mobile_robotics/img_pub2.py -> /home/genozen/Desktop/ros2_ws/build/mobile_robotics/build/lib/mobile_robotics
copying mobile_robotics/img_pub.py -> /home/genozen/Desktop/ros2_ws/build/mobile_robotics/build/lib/mobile_robotics
running install
running install_lib
creating /home/genozen/Desktop/ros2_ws/install/mobile_robotics/lib/python3.10/site-packages/mobile_robotics
copying /home/genozen/Desktop/ros2_ws/build/mobile_robotics/build/lib/mobile_robotics/img_sub.py -> /home/genozen/Desktop/ros2_ws/install/mobile_robotics/lib/python3.10/site-packages/mobile_robotics
copying /home/genozen/Desktop/ros2_ws/build/mobile_robotics/build/lib/mobile_robotics/img_threading.py -> /home/genozen/Desktop/ros2_ws/install/mobile_robotics/lib/python3.10/site-packages/mobile_robotics
copying /home/genozen/Desktop/ros2_ws/build/mobile_robotics/build/lib/mobile_robotics/__init__.py -> /home/genozen/Desktop/ros2_ws/install/mobile_robotics/lib/python3.10/site-packages/mobile_robotics
copying /home/genozen/Desktop/ros2_ws/build/mobile_robotics/build/lib/mobile_robotics/img_pub2.py -> /home/genozen/Desktop/ros2_ws/install/mobile_robotics/lib/python3.10/site-packages/mobile_robotics
copying /home/genozen/Desktop/ros2_ws/build/mobile_robotics/build/lib/mobile_robotics/img_pub.py -> /home/genozen/Desktop/ros2_ws/install/mobile_robotics/lib/python3.10/site-packages/mobile_robotics
byte-compiling /home/genozen/Desktop/ros2_ws/install/mobile_robotics/lib/python3.10/site-packages/mobile_robotics/img_sub.py to img_sub.cpython-310.pyc
byte-compiling /home/genozen/Desktop/ros2_ws/install/mobile_robotics/lib/python3.10/site-packages/mobile_robotics/img_threading.py to img_threading.cpython-310.pyc
byte-compiling /home/genozen/Desktop/ros2_ws/install/mobile_robotics/lib/python3.10/site-packages/mobile_robotics/__init__.py to __init__.cpython-310.pyc
byte-compiling /home/genozen/Desktop/ros2_ws/install/mobile_robotics/lib/python3.10/site-packages/mobile_robotics/img_pub2.py to img_pub2.cpython-310.pyc
byte-compiling /home/genozen/Desktop/ros2_ws/install/mobile_robotics/lib/python3.10/site-packages/mobile_robotics/img_pub.py to img_pub.cpython-310.pyc
running install_data
running install_egg_info
Copying ../../build/mobile_robotics/mobile_robotics.egg-info to /home/genozen/Desktop/ros2_ws/install/mobile_robotics/lib/python3.10/site-packages/mobile_robotics-0.0.0-py3.10.egg-info
running install_scripts
Installing cod_ex2 script to /home/genozen/Desktop/ros2_ws/install/mobile_robotics/lib/mobile_robotics
Installing part1 script to /home/genozen/Desktop/ros2_ws/install/mobile_robotics/lib/mobile_robotics
writing list of installed files to '/home/genozen/Desktop/ros2_ws/build/mobile_robotics/install.log'
