[3.669s] Invoking command in '/home/genozen/Desktop/ros2_ws/src/my_first_robot': PYTHONPATH=/home/genozen/Desktop/ros2_ws/build/my_first_robot/prefix_override:/home/genozen/Desktop/ros2_ws/install/my_first_robot/lib/python3.10/site-packages:${PYTHONPATH} /usr/bin/python3 setup.py egg_info --egg-base ../../build/my_first_robot build --build-base /home/genozen/Desktop/ros2_ws/build/my_first_robot/build install --record /home/genozen/Desktop/ros2_ws/build/my_first_robot/install.log --single-version-externally-managed
[5.173s] running egg_info
[5.177s] writing ../../build/my_first_robot/my_first_robot.egg-info/PKG-INFO
[5.179s] writing dependency_links to ../../build/my_first_robot/my_first_robot.egg-info/dependency_links.txt
[5.181s] writing entry points to ../../build/my_first_robot/my_first_robot.egg-info/entry_points.txt
[5.182s] writing requirements to ../../build/my_first_robot/my_first_robot.egg-info/requires.txt
[5.183s] writing top-level names to ../../build/my_first_robot/my_first_robot.egg-info/top_level.txt
[5.194s] reading manifest file '../../build/my_first_robot/my_first_robot.egg-info/SOURCES.txt'
[5.200s] writing manifest file '../../build/my_first_robot/my_first_robot.egg-info/SOURCES.txt'
[5.201s] running build
[5.202s] running build_py
[5.203s] copying my_first_robot/my_first_robot_driver.py -> /home/genozen/Desktop/ros2_ws/build/my_first_robot/build/lib/my_first_robot
[5.204s] running install
[5.205s] /usr/lib/python3/dist-packages/setuptools/command/install.py:34: SetuptoolsDeprecationWarning: setup.py install is deprecated. Use build and pip and other standards-based tools.
[5.206s]   warnings.warn(
[5.206s] running install_lib
[5.210s] copying /home/genozen/Desktop/ros2_ws/build/my_first_robot/build/lib/my_first_robot/my_first_robot_driver.py -> /home/genozen/Desktop/ros2_ws/install/my_first_robot/lib/python3.10/site-packages/my_first_robot
[5.213s] byte-compiling /home/genozen/Desktop/ros2_ws/install/my_first_robot/lib/python3.10/site-packages/my_first_robot/my_first_robot_driver.py to my_first_robot_driver.cpython-310.pyc
[5.218s] running install_data
[5.221s] running install_egg_info
[5.229s] removing '/home/genozen/Desktop/ros2_ws/install/my_first_robot/lib/python3.10/site-packages/my_first_robot-0.0.0-py3.10.egg-info' (and everything under it)
[5.231s] Copying ../../build/my_first_robot/my_first_robot.egg-info to /home/genozen/Desktop/ros2_ws/install/my_first_robot/lib/python3.10/site-packages/my_first_robot-0.0.0-py3.10.egg-info
[5.239s] running install_scripts
[5.356s] Installing joystick_listender script to /home/genozen/Desktop/ros2_ws/install/my_first_robot/lib/my_first_robot
[5.358s] writing list of installed files to '/home/genozen/Desktop/ros2_ws/build/my_first_robot/install.log'
[5.494s] Invoked command in '/home/genozen/Desktop/ros2_ws/src/my_first_robot' returned '0': PYTHONPATH=/home/genozen/Desktop/ros2_ws/build/my_first_robot/prefix_override:/home/genozen/Desktop/ros2_ws/install/my_first_robot/lib/python3.10/site-packages:${PYTHONPATH} /usr/bin/python3 setup.py egg_info --egg-base ../../build/my_first_robot build --build-base /home/genozen/Desktop/ros2_ws/build/my_first_robot/build install --record /home/genozen/Desktop/ros2_ws/build/my_first_robot/install.log --single-version-externally-managed
