[0.173s] Invoking command in '/home/genozen/Desktop/ros2_ws/build/slam_gmapping': CMAKE_PREFIX_PATH=/home/genozen/Desktop/ros2_ws/install/openslam_gmapping:/home/genozen/Desktop/ros2_ws/install/sllidar_ros2:/home/genozen/Desktop/ros2_ws/install/slam_gmapping:/home/genozen/Desktop/ros2_ws/install/rplidar_ros:/home/genozen/Desktop/ros2_ws/install/my_first_robot:/home/genozen/Desktop/ros2_ws/install/mobile_robotics:/opt/ros/humble /usr/bin/cmake --build /home/genozen/Desktop/ros2_ws/build/slam_gmapping -- -j4 -l4
[1.246s] [100%] Built target slam_gmapping
[1.428s] Invoked command in '/home/genozen/Desktop/ros2_ws/build/slam_gmapping' returned '0': CMAKE_PREFIX_PATH=/home/genozen/Desktop/ros2_ws/install/openslam_gmapping:/home/genozen/Desktop/ros2_ws/install/sllidar_ros2:/home/genozen/Desktop/ros2_ws/install/slam_gmapping:/home/genozen/Desktop/ros2_ws/install/rplidar_ros:/home/genozen/Desktop/ros2_ws/install/my_first_robot:/home/genozen/Desktop/ros2_ws/install/mobile_robotics:/opt/ros/humble /usr/bin/cmake --build /home/genozen/Desktop/ros2_ws/build/slam_gmapping -- -j4 -l4
[1.637s] Invoking command in '/home/genozen/Desktop/ros2_ws/build/slam_gmapping': CMAKE_PREFIX_PATH=/home/genozen/Desktop/ros2_ws/install/openslam_gmapping:/home/genozen/Desktop/ros2_ws/install/sllidar_ros2:/home/genozen/Desktop/ros2_ws/install/slam_gmapping:/home/genozen/Desktop/ros2_ws/install/rplidar_ros:/home/genozen/Desktop/ros2_ws/install/my_first_robot:/home/genozen/Desktop/ros2_ws/install/mobile_robotics:/opt/ros/humble /usr/bin/cmake --install /home/genozen/Desktop/ros2_ws/build/slam_gmapping
[1.748s] -- Install configuration: ""
[1.793s] -- Up-to-date: /home/genozen/Desktop/ros2_ws/install/slam_gmapping/lib/slam_gmapping/slam_gmapping
[1.795s] -- Up-to-date: /home/genozen/Desktop/ros2_ws/install/slam_gmapping/share/slam_gmapping/launch
[1.796s] -- Up-to-date: /home/genozen/Desktop/ros2_ws/install/slam_gmapping/share/slam_gmapping/launch/slam_gmapping.launch.py
[1.798s] -- Up-to-date: /home/genozen/Desktop/ros2_ws/install/slam_gmapping/share/ament_index/resource_index/package_run_dependencies/slam_gmapping
[1.799s] -- Up-to-date: /home/genozen/Desktop/ros2_ws/install/slam_gmapping/share/ament_index/resource_index/parent_prefix_path/slam_gmapping
[1.802s] -- Up-to-date: /home/genozen/Desktop/ros2_ws/install/slam_gmapping/share/slam_gmapping/environment/ament_prefix_path.sh
[1.804s] -- Up-to-date: /home/genozen/Desktop/ros2_ws/install/slam_gmapping/share/slam_gmapping/environment/ament_prefix_path.dsv
[1.805s] -- Up-to-date: /home/genozen/Desktop/ros2_ws/install/slam_gmapping/share/slam_gmapping/environment/path.sh
[1.807s] -- Up-to-date: /home/genozen/Desktop/ros2_ws/install/slam_gmapping/share/slam_gmapping/environment/path.dsv
[1.808s] -- Up-to-date: /home/genozen/Desktop/ros2_ws/install/slam_gmapping/share/slam_gmapping/local_setup.bash
[1.810s] -- Up-to-date: /home/genozen/Desktop/ros2_ws/install/slam_gmapping/share/slam_gmapping/local_setup.sh
[1.811s] -- Up-to-date: /home/genozen/Desktop/ros2_ws/install/slam_gmapping/share/slam_gmapping/local_setup.zsh
[1.815s] -- Up-to-date: /home/genozen/Desktop/ros2_ws/install/slam_gmapping/share/slam_gmapping/local_setup.dsv
[1.816s] -- Installing: /home/genozen/Desktop/ros2_ws/install/slam_gmapping/share/slam_gmapping/package.dsv
[1.817s] -- Up-to-date: /home/genozen/Desktop/ros2_ws/install/slam_gmapping/share/ament_index/resource_index/packages/slam_gmapping
[1.817s] -- Up-to-date: /home/genozen/Desktop/ros2_ws/install/slam_gmapping/share/slam_gmapping/cmake/slam_gmappingConfig.cmake
[1.818s] -- Up-to-date: /home/genozen/Desktop/ros2_ws/install/slam_gmapping/share/slam_gmapping/cmake/slam_gmappingConfig-version.cmake
[1.819s] -- Up-to-date: /home/genozen/Desktop/ros2_ws/install/slam_gmapping/share/slam_gmapping/package.xml
[1.912s] Invoked command in '/home/genozen/Desktop/ros2_ws/build/slam_gmapping' returned '0': CMAKE_PREFIX_PATH=/home/genozen/Desktop/ros2_ws/install/openslam_gmapping:/home/genozen/Desktop/ros2_ws/install/sllidar_ros2:/home/genozen/Desktop/ros2_ws/install/slam_gmapping:/home/genozen/Desktop/ros2_ws/install/rplidar_ros:/home/genozen/Desktop/ros2_ws/install/my_first_robot:/home/genozen/Desktop/ros2_ws/install/mobile_robotics:/opt/ros/humble /usr/bin/cmake --install /home/genozen/Desktop/ros2_ws/build/slam_gmapping
