running develop
/usr/lib/python3/dist-packages/setuptools/command/easy_install.py:158: EasyInstallDeprecationWarning: easy_install command is deprecated. Use build and pip and other standards-based tools.
  warnings.warn(
/usr/lib/python3/dist-packages/setuptools/command/install.py:34: SetuptoolsDeprecationWarning: setup.py install is deprecated. Use build and pip and other standards-based tools.
  warnings.warn(
/usr/lib/python3/dist-packages/pkg_resources/__init__.py:116: PkgResourcesDeprecationWarning: 1.1build1 is an invalid version and will not be supported in a future release
  warnings.warn(
/usr/lib/python3/dist-packages/pkg_resources/__init__.py:116: PkgResourcesDeprecationWarning: 0.1.43ubuntu1 is an invalid version and will not be supported in a future release
  warnings.warn(
running egg_info
creating mobile_robotics.egg-info
writing mobile_robotics.egg-info/PKG-INFO
writing dependency_links to mobile_robotics.egg-info/dependency_links.txt
writing entry points to mobile_robotics.egg-info/entry_points.txt
writing requirements to mobile_robotics.egg-info/requires.txt
writing top-level names to mobile_robotics.egg-info/top_level.txt
writing manifest file 'mobile_robotics.egg-info/SOURCES.txt'
reading manifest file 'mobile_robotics.egg-info/SOURCES.txt'
writing manifest file 'mobile_robotics.egg-info/SOURCES.txt'
running build_ext
Creating /home/genozen/Desktop/ros2_ws/install/mobile_robotics/lib/python3.10/site-packages/mobile-robotics.egg-link (link to .)
Installing cod_ex2 script to /home/genozen/Desktop/ros2_ws/install/mobile_robotics/lib/mobile_robotics
Installing part1 script to /home/genozen/Desktop/ros2_ws/install/mobile_robotics/lib/mobile_robotics

Installed /home/genozen/Desktop/ros2_ws/build/mobile_robotics
running install_data
creating /home/genozen/Desktop/ros2_ws/install/mobile_robotics/share/ament_index
creating /home/genozen/Desktop/ros2_ws/install/mobile_robotics/share/ament_index/resource_index
creating /home/genozen/Desktop/ros2_ws/install/mobile_robotics/share/ament_index/resource_index/packages
copying resource/mobile_robotics -> /home/genozen/Desktop/ros2_ws/install/mobile_robotics/share/ament_index/resource_index/packages
copying package.xml -> /home/genozen/Desktop/ros2_ws/install/mobile_robotics/share/mobile_robotics
