running develop
running egg_info
creating mobile_robotics.egg-info
writing mobile_robotics.egg-info/PKG-INFO
writing dependency_links to mobile_robotics.egg-info/dependency_links.txt
writing entry points to mobile_robotics.egg-info/entry_points.txt
writing requirements to mobile_robotics.egg-info/requires.txt
writing top-level names to mobile_robotics.egg-info/top_level.txt
writing manifest file 'mobile_robotics.egg-info/SOURCES.txt'
reading manifest file 'mobile_robotics.egg-info/SOURCES.txt'
writing manifest file 'mobile_robotics.egg-info/SOURCES.txt'
running build_ext
Creating /home/genozen/Desktop/ros2_ws/install/mobile_robotics/lib/python3.10/site-packages/mobile-robotics.egg-link (link to .)
Installing cod_ex2 script to /home/genozen/Desktop/ros2_ws/install/mobile_robotics/lib/mobile_robotics
Installing part1 script to /home/genozen/Desktop/ros2_ws/install/mobile_robotics/lib/mobile_robotics

Installed /home/genozen/Desktop/ros2_ws/build/mobile_robotics
running install_data
creating /home/genozen/Desktop/ros2_ws/install/mobile_robotics/share/ament_index
creating /home/genozen/Desktop/ros2_ws/install/mobile_robotics/share/ament_index/resource_index
creating /home/genozen/Desktop/ros2_ws/install/mobile_robotics/share/ament_index/resource_index/packages
copying resource/mobile_robotics -> /home/genozen/Desktop/ros2_ws/install/mobile_robotics/share/ament_index/resource_index/packages
copying package.xml -> /home/genozen/Desktop/ros2_ws/install/mobile_robotics/share/mobile_robotics
