[3.279s] Invoking command in '/home/genozen/Desktop/ros2_ws/build/mobile_robotics': PYTHONPATH=/home/genozen/Desktop/ros2_ws/build/mobile_robotics/prefix_override:/home/genozen/Desktop/ros2_ws/install/mobile_robotics/lib/python3.10/site-packages:${PYTHONPATH} /usr/bin/python3 setup.py develop --editable --build-directory /home/genozen/Desktop/ros2_ws/build/mobile_robotics/build --no-deps install_data
[4.626s] running develop
[4.631s] /usr/lib/python3/dist-packages/setuptools/command/easy_install.py:158: EasyInstallDeprecationWarning: easy_install command is deprecated. Use build and pip and other standards-based tools.
[4.631s]   warnings.warn(
[4.638s] /usr/lib/python3/dist-packages/setuptools/command/install.py:34: SetuptoolsDeprecationWarning: setup.py install is deprecated. Use build and pip and other standards-based tools.
[4.639s]   warnings.warn(
[4.982s] /usr/lib/python3/dist-packages/pkg_resources/__init__.py:116: PkgResourcesDeprecationWarning: 1.1build1 is an invalid version and will not be supported in a future release
[4.984s]   warnings.warn(
[4.986s] /usr/lib/python3/dist-packages/pkg_resources/__init__.py:116: PkgResourcesDeprecationWarning: 0.1.43ubuntu1 is an invalid version and will not be supported in a future release
[4.987s]   warnings.warn(
[5.555s] running egg_info
[5.555s] creating mobile_robotics.egg-info
[5.556s] writing mobile_robotics.egg-info/PKG-INFO
[5.557s] writing dependency_links to mobile_robotics.egg-info/dependency_links.txt
[5.557s] writing entry points to mobile_robotics.egg-info/entry_points.txt
[5.558s] writing requirements to mobile_robotics.egg-info/requires.txt
[5.559s] writing top-level names to mobile_robotics.egg-info/top_level.txt
[5.559s] writing manifest file 'mobile_robotics.egg-info/SOURCES.txt'
[5.567s] reading manifest file 'mobile_robotics.egg-info/SOURCES.txt'
[5.570s] writing manifest file 'mobile_robotics.egg-info/SOURCES.txt'
[5.577s] running build_ext
[5.578s] Creating /home/genozen/Desktop/ros2_ws/install/mobile_robotics/lib/python3.10/site-packages/mobile-robotics.egg-link (link to .)
[5.582s] Installing cod_ex2 script to /home/genozen/Desktop/ros2_ws/install/mobile_robotics/lib/mobile_robotics
[5.584s] Installing part1 script to /home/genozen/Desktop/ros2_ws/install/mobile_robotics/lib/mobile_robotics
[5.586s] 
[5.587s] Installed /home/genozen/Desktop/ros2_ws/build/mobile_robotics
[5.587s] running install_data
[5.588s] creating /home/genozen/Desktop/ros2_ws/install/mobile_robotics/share/ament_index
[5.588s] creating /home/genozen/Desktop/ros2_ws/install/mobile_robotics/share/ament_index/resource_index
[5.591s] creating /home/genozen/Desktop/ros2_ws/install/mobile_robotics/share/ament_index/resource_index/packages
[5.593s] copying resource/mobile_robotics -> /home/genozen/Desktop/ros2_ws/install/mobile_robotics/share/ament_index/resource_index/packages
[5.594s] copying package.xml -> /home/genozen/Desktop/ros2_ws/install/mobile_robotics/share/mobile_robotics
[5.741s] Invoked command in '/home/genozen/Desktop/ros2_ws/build/mobile_robotics' returned '0': PYTHONPATH=/home/genozen/Desktop/ros2_ws/build/mobile_robotics/prefix_override:/home/genozen/Desktop/ros2_ws/install/mobile_robotics/lib/python3.10/site-packages:${PYTHONPATH} /usr/bin/python3 setup.py develop --editable --build-directory /home/genozen/Desktop/ros2_ws/build/mobile_robotics/build --no-deps install_data
