[3.161s] Invoking command in '/home/genozen/Desktop/ros2_ws/src/my_first_robot': PYTHONPATH=/home/genozen/Desktop/ros2_ws/build/my_first_robot/prefix_override:/home/genozen/Desktop/ros2_ws/install/my_first_robot/lib/python3.10/site-packages:${PYTHONPATH} /usr/bin/python3 setup.py egg_info --egg-base ../../build/my_first_robot build --build-base /home/genozen/Desktop/ros2_ws/build/my_first_robot/build install --record /home/genozen/Desktop/ros2_ws/build/my_first_robot/install.log --single-version-externally-managed
[4.412s] running egg_info
[4.415s] writing ../../build/my_first_robot/my_first_robot.egg-info/PKG-INFO
[4.417s] writing dependency_links to ../../build/my_first_robot/my_first_robot.egg-info/dependency_links.txt
[4.418s] writing entry points to ../../build/my_first_robot/my_first_robot.egg-info/entry_points.txt
[4.419s] writing requirements to ../../build/my_first_robot/my_first_robot.egg-info/requires.txt
[4.419s] writing top-level names to ../../build/my_first_robot/my_first_robot.egg-info/top_level.txt
[4.429s] reading manifest file '../../build/my_first_robot/my_first_robot.egg-info/SOURCES.txt'
[4.453s] writing manifest file '../../build/my_first_robot/my_first_robot.egg-info/SOURCES.txt'
[4.454s] running build
[4.455s] running build_py
[4.456s] copying my_first_robot/my_first_robot_driver.py -> /home/genozen/Desktop/ros2_ws/build/my_first_robot/build/lib/my_first_robot
[4.456s] running install
[4.457s] /usr/lib/python3/dist-packages/setuptools/command/install.py:34: SetuptoolsDeprecationWarning: setup.py install is deprecated. Use build and pip and other standards-based tools.
[4.465s]   warnings.warn(
[4.475s] running install_lib
[4.475s] copying /home/genozen/Desktop/ros2_ws/build/my_first_robot/build/lib/my_first_robot/my_first_robot_driver.py -> /home/genozen/Desktop/ros2_ws/install/my_first_robot/lib/python3.10/site-packages/my_first_robot
[4.476s] byte-compiling /home/genozen/Desktop/ros2_ws/install/my_first_robot/lib/python3.10/site-packages/my_first_robot/my_first_robot_driver.py to my_first_robot_driver.cpython-310.pyc
[4.477s] running install_data
[4.477s] running install_egg_info
[4.478s] removing '/home/genozen/Desktop/ros2_ws/install/my_first_robot/lib/python3.10/site-packages/my_first_robot-0.0.0-py3.10.egg-info' (and everything under it)
[4.479s] Copying ../../build/my_first_robot/my_first_robot.egg-info to /home/genozen/Desktop/ros2_ws/install/my_first_robot/lib/python3.10/site-packages/my_first_robot-0.0.0-py3.10.egg-info
[4.489s] running install_scripts
[4.573s] Installing joystick_listener script to /home/genozen/Desktop/ros2_ws/install/my_first_robot/lib/my_first_robot
[4.576s] writing list of installed files to '/home/genozen/Desktop/ros2_ws/build/my_first_robot/install.log'
[4.724s] Invoked command in '/home/genozen/Desktop/ros2_ws/src/my_first_robot' returned '0': PYTHONPATH=/home/genozen/Desktop/ros2_ws/build/my_first_robot/prefix_override:/home/genozen/Desktop/ros2_ws/install/my_first_robot/lib/python3.10/site-packages:${PYTHONPATH} /usr/bin/python3 setup.py egg_info --egg-base ../../build/my_first_robot build --build-base /home/genozen/Desktop/ros2_ws/build/my_first_robot/build install --record /home/genozen/Desktop/ros2_ws/build/my_first_robot/install.log --single-version-externally-managed
