[4.487s] Invoking command in '/home/genozen/Desktop/ros2_ws/src/my_first_robot': PYTHONPATH=/home/genozen/Desktop/ros2_ws/build/my_first_robot/prefix_override:/home/genozen/Desktop/ros2_ws/install/my_first_robot/lib/python3.10/site-packages:${PYTHONPATH} /usr/bin/python3 setup.py egg_info --egg-base ../../build/my_first_robot build --build-base /home/genozen/Desktop/ros2_ws/build/my_first_robot/build install --record /home/genozen/Desktop/ros2_ws/build/my_first_robot/install.log --single-version-externally-managed
[6.316s] running egg_info
[6.319s] writing ../../build/my_first_robot/my_first_robot.egg-info/PKG-INFO
[6.322s] writing dependency_links to ../../build/my_first_robot/my_first_robot.egg-info/dependency_links.txt
[6.324s] writing entry points to ../../build/my_first_robot/my_first_robot.egg-info/entry_points.txt
[6.325s] writing requirements to ../../build/my_first_robot/my_first_robot.egg-info/requires.txt
[6.326s] writing top-level names to ../../build/my_first_robot/my_first_robot.egg-info/top_level.txt
[6.336s] reading manifest file '../../build/my_first_robot/my_first_robot.egg-info/SOURCES.txt'
[6.341s] writing manifest file '../../build/my_first_robot/my_first_robot.egg-info/SOURCES.txt'
[6.342s] running build
[6.343s] running build_py
[6.344s] copying my_first_robot/my_first_robot_driver.py -> /home/genozen/Desktop/ros2_ws/build/my_first_robot/build/lib/my_first_robot
[6.347s] running install
[6.347s] /usr/lib/python3/dist-packages/setuptools/command/install.py:34: SetuptoolsDeprecationWarning: setup.py install is deprecated. Use build and pip and other standards-based tools.
[6.348s]   warnings.warn(
[6.352s] running install_lib
[6.353s] copying /home/genozen/Desktop/ros2_ws/build/my_first_robot/build/lib/my_first_robot/my_first_robot_driver.py -> /home/genozen/Desktop/ros2_ws/install/my_first_robot/lib/python3.10/site-packages/my_first_robot
[6.355s] byte-compiling /home/genozen/Desktop/ros2_ws/install/my_first_robot/lib/python3.10/site-packages/my_first_robot/my_first_robot_driver.py to my_first_robot_driver.cpython-310.pyc
[6.364s] running install_data
[6.367s] running install_egg_info
[6.375s] removing '/home/genozen/Desktop/ros2_ws/install/my_first_robot/lib/python3.10/site-packages/my_first_robot-0.0.0-py3.10.egg-info' (and everything under it)
[6.378s] Copying ../../build/my_first_robot/my_first_robot.egg-info to /home/genozen/Desktop/ros2_ws/install/my_first_robot/lib/python3.10/site-packages/my_first_robot-0.0.0-py3.10.egg-info
[6.393s] running install_scripts
[6.530s] Installing joystick_listener script to /home/genozen/Desktop/ros2_ws/install/my_first_robot/lib/my_first_robot
[6.537s] writing list of installed files to '/home/genozen/Desktop/ros2_ws/build/my_first_robot/install.log'
[6.785s] Invoked command in '/home/genozen/Desktop/ros2_ws/src/my_first_robot' returned '0': PYTHONPATH=/home/genozen/Desktop/ros2_ws/build/my_first_robot/prefix_override:/home/genozen/Desktop/ros2_ws/install/my_first_robot/lib/python3.10/site-packages:${PYTHONPATH} /usr/bin/python3 setup.py egg_info --egg-base ../../build/my_first_robot build --build-base /home/genozen/Desktop/ros2_ws/build/my_first_robot/build install --record /home/genozen/Desktop/ros2_ws/build/my_first_robot/install.log --single-version-externally-managed
