[3.589s] Invoking command in '/home/genozen/Desktop/ros2_ws/src/my_first_robot': PYTHONPATH=/home/genozen/Desktop/ros2_ws/build/my_first_robot/prefix_override:/home/genozen/Desktop/ros2_ws/install/my_first_robot/lib/python3.10/site-packages:${PYTHONPATH} /usr/bin/python3 setup.py egg_info --egg-base ../../build/my_first_robot build --build-base /home/genozen/Desktop/ros2_ws/build/my_first_robot/build install --record /home/genozen/Desktop/ros2_ws/build/my_first_robot/install.log --single-version-externally-managed
[5.030s] running egg_info
[5.038s] writing ../../build/my_first_robot/my_first_robot.egg-info/PKG-INFO
[5.039s] writing dependency_links to ../../build/my_first_robot/my_first_robot.egg-info/dependency_links.txt
[5.048s] writing entry points to ../../build/my_first_robot/my_first_robot.egg-info/entry_points.txt
[5.048s] writing requirements to ../../build/my_first_robot/my_first_robot.egg-info/requires.txt
[5.049s] writing top-level names to ../../build/my_first_robot/my_first_robot.egg-info/top_level.txt
[5.052s] reading manifest file '../../build/my_first_robot/my_first_robot.egg-info/SOURCES.txt'
[5.060s] writing manifest file '../../build/my_first_robot/my_first_robot.egg-info/SOURCES.txt'
[5.063s] running build
[5.066s] running build_py
[5.067s] running install
[5.068s] /usr/lib/python3/dist-packages/setuptools/command/install.py:34: SetuptoolsDeprecationWarning: setup.py install is deprecated. Use build and pip and other standards-based tools.
[5.068s]   warnings.warn(
[5.069s] running install_lib
[5.077s] running install_data
[5.077s] running install_egg_info
[5.087s] removing '/home/genozen/Desktop/ros2_ws/install/my_first_robot/lib/python3.10/site-packages/my_first_robot-0.0.0-py3.10.egg-info' (and everything under it)
[5.090s] Copying ../../build/my_first_robot/my_first_robot.egg-info to /home/genozen/Desktop/ros2_ws/install/my_first_robot/lib/python3.10/site-packages/my_first_robot-0.0.0-py3.10.egg-info
[5.102s] running install_scripts
[5.220s] Installing joystick_listener script to /home/genozen/Desktop/ros2_ws/install/my_first_robot/lib/my_first_robot
[5.223s] writing list of installed files to '/home/genozen/Desktop/ros2_ws/build/my_first_robot/install.log'
[5.439s] Invoked command in '/home/genozen/Desktop/ros2_ws/src/my_first_robot' returned '0': PYTHONPATH=/home/genozen/Desktop/ros2_ws/build/my_first_robot/prefix_override:/home/genozen/Desktop/ros2_ws/install/my_first_robot/lib/python3.10/site-packages:${PYTHONPATH} /usr/bin/python3 setup.py egg_info --egg-base ../../build/my_first_robot build --build-base /home/genozen/Desktop/ros2_ws/build/my_first_robot/build install --record /home/genozen/Desktop/ros2_ws/build/my_first_robot/install.log --single-version-externally-managed
