[2.307s] DEBUG:colcon:Command line arguments: ['/usr/bin/colcon', 'build', '--symlink-install', '--packages-select', 'my_first_robot']
[2.307s] DEBUG:colcon:Parsed command line arguments: Namespace(log_base=None, log_level=None, verb_name='build', build_base='build', install_base='install', merge_install=False, symlink_install=True, test_result_base=None, continue_on_error=False, executor='parallel', parallel_workers=4, event_handlers=None, ignore_user_meta=False, metas=['./colcon.meta'], base_paths=['.'], packages_ignore=None, packages_ignore_regex=None, paths=None, packages_up_to=None, packages_up_to_regex=None, packages_above=None, packages_above_and_dependencies=None, packages_above_depth=None, packages_select_by_dep=None, packages_skip_by_dep=None, packages_skip_up_to=None, packages_select_build_failed=False, packages_skip_build_finished=False, packages_select_test_failures=False, packages_skip_test_passed=False, packages_select=['my_first_robot'], packages_skip=None, packages_select_regex=None, packages_skip_regex=None, packages_start=None, packages_end=None, allow_overriding=[], cmake_args=None, cmake_target=None, cmake_target_skip_unavailable=False, cmake_clean_cache=False, cmake_clean_first=False, cmake_force_configure=False, ament_cmake_args=None, catkin_cmake_args=None, catkin_skip_building_tests=False, verb_parser=<colcon_defaults.argument_parser.defaults.DefaultArgumentsDecorator object at 0xffff8b4e71c0>, verb_extension=<colcon_core.verb.build.BuildVerb object at 0xffff8b65c400>, main=<bound method BuildVerb.main of <colcon_core.verb.build.BuildVerb object at 0xffff8b65c400>>)
[2.539s] Level 1:colcon.colcon_core.package_discovery:discover_packages(colcon_meta) check parameters
[2.540s] Level 1:colcon.colcon_core.package_discovery:discover_packages(recursive) check parameters
[2.542s] Level 1:colcon.colcon_core.package_discovery:discover_packages(ignore) check parameters
[2.543s] Level 1:colcon.colcon_core.package_discovery:discover_packages(path) check parameters
[2.544s] Level 1:colcon.colcon_core.package_discovery:discover_packages(colcon_meta) discover
[2.546s] Level 1:colcon.colcon_core.package_discovery:discover_packages(recursive) discover
[2.547s] INFO:colcon.colcon_core.package_discovery:Crawling recursively for packages in '/home/genozen/Desktop/ros2_ws'
[2.548s] Level 1:colcon.colcon_core.package_identification:_identify(.) by extensions ['ignore', 'ignore_ament_install']
[2.550s] Level 1:colcon.colcon_core.package_identification:_identify(.) by extension 'ignore'
[2.551s] Level 1:colcon.colcon_core.package_identification:_identify(.) by extension 'ignore_ament_install'
[2.553s] Level 1:colcon.colcon_core.package_identification:_identify(.) by extensions ['colcon_pkg']
[2.554s] Level 1:colcon.colcon_core.package_identification:_identify(.) by extension 'colcon_pkg'
[2.555s] Level 1:colcon.colcon_core.package_identification:_identify(.) by extensions ['colcon_meta']
[2.556s] Level 1:colcon.colcon_core.package_identification:_identify(.) by extension 'colcon_meta'
[2.557s] Level 1:colcon.colcon_core.package_identification:_identify(.) by extensions ['ros']
[2.558s] Level 1:colcon.colcon_core.package_identification:_identify(.) by extension 'ros'
[2.625s] Level 1:colcon.colcon_core.package_identification:_identify(.) by extensions ['cmake', 'python']
[2.625s] Level 1:colcon.colcon_core.package_identification:_identify(.) by extension 'cmake'
[2.626s] Level 1:colcon.colcon_core.package_identification:_identify(.) by extension 'python'
[2.626s] Level 1:colcon.colcon_core.package_identification:_identify(.) by extensions ['python_setup_py']
[2.626s] Level 1:colcon.colcon_core.package_identification:_identify(.) by extension 'python_setup_py'
[2.627s] Level 1:colcon.colcon_core.package_identification:_identify(build) by extensions ['ignore', 'ignore_ament_install']
[2.628s] Level 1:colcon.colcon_core.package_identification:_identify(build) by extension 'ignore'
[2.628s] Level 1:colcon.colcon_core.package_identification:_identify(build) ignored
[2.629s] Level 1:colcon.colcon_core.package_identification:_identify(install) by extensions ['ignore', 'ignore_ament_install']
[2.630s] Level 1:colcon.colcon_core.package_identification:_identify(install) by extension 'ignore'
[2.630s] Level 1:colcon.colcon_core.package_identification:_identify(install) ignored
[2.632s] Level 1:colcon.colcon_core.package_identification:_identify(log) by extensions ['ignore', 'ignore_ament_install']
[2.633s] Level 1:colcon.colcon_core.package_identification:_identify(log) by extension 'ignore'
[2.633s] Level 1:colcon.colcon_core.package_identification:_identify(log) ignored
[2.634s] Level 1:colcon.colcon_core.package_identification:_identify(src) by extensions ['ignore', 'ignore_ament_install']
[2.634s] Level 1:colcon.colcon_core.package_identification:_identify(src) by extension 'ignore'
[2.635s] Level 1:colcon.colcon_core.package_identification:_identify(src) by extension 'ignore_ament_install'
[2.635s] Level 1:colcon.colcon_core.package_identification:_identify(src) by extensions ['colcon_pkg']
[2.635s] Level 1:colcon.colcon_core.package_identification:_identify(src) by extension 'colcon_pkg'
[2.636s] Level 1:colcon.colcon_core.package_identification:_identify(src) by extensions ['colcon_meta']
[2.636s] Level 1:colcon.colcon_core.package_identification:_identify(src) by extension 'colcon_meta'
[2.636s] Level 1:colcon.colcon_core.package_identification:_identify(src) by extensions ['ros']
[2.636s] Level 1:colcon.colcon_core.package_identification:_identify(src) by extension 'ros'
[2.637s] Level 1:colcon.colcon_core.package_identification:_identify(src) by extensions ['cmake', 'python']
[2.637s] Level 1:colcon.colcon_core.package_identification:_identify(src) by extension 'cmake'
[2.638s] Level 1:colcon.colcon_core.package_identification:_identify(src) by extension 'python'
[2.638s] Level 1:colcon.colcon_core.package_identification:_identify(src) by extensions ['python_setup_py']
[2.638s] Level 1:colcon.colcon_core.package_identification:_identify(src) by extension 'python_setup_py'
[2.639s] Level 1:colcon.colcon_core.package_identification:_identify(src/build) by extensions ['ignore', 'ignore_ament_install']
[2.640s] Level 1:colcon.colcon_core.package_identification:_identify(src/build) by extension 'ignore'
[2.640s] Level 1:colcon.colcon_core.package_identification:_identify(src/build) ignored
[2.641s] Level 1:colcon.colcon_core.package_identification:_identify(src/install) by extensions ['ignore', 'ignore_ament_install']
[2.641s] Level 1:colcon.colcon_core.package_identification:_identify(src/install) by extension 'ignore'
[2.642s] Level 1:colcon.colcon_core.package_identification:_identify(src/install) ignored
[2.643s] Level 1:colcon.colcon_core.package_identification:_identify(src/log) by extensions ['ignore', 'ignore_ament_install']
[2.643s] Level 1:colcon.colcon_core.package_identification:_identify(src/log) by extension 'ignore'
[2.644s] Level 1:colcon.colcon_core.package_identification:_identify(src/log) ignored
[2.645s] Level 1:colcon.colcon_core.package_identification:_identify(src/mobile_robotics) by extensions ['ignore', 'ignore_ament_install']
[2.646s] Level 1:colcon.colcon_core.package_identification:_identify(src/mobile_robotics) by extension 'ignore'
[2.647s] Level 1:colcon.colcon_core.package_identification:_identify(src/mobile_robotics) by extension 'ignore_ament_install'
[2.648s] Level 1:colcon.colcon_core.package_identification:_identify(src/mobile_robotics) by extensions ['colcon_pkg']
[2.648s] Level 1:colcon.colcon_core.package_identification:_identify(src/mobile_robotics) by extension 'colcon_pkg'
[2.649s] Level 1:colcon.colcon_core.package_identification:_identify(src/mobile_robotics) by extensions ['colcon_meta']
[2.650s] Level 1:colcon.colcon_core.package_identification:_identify(src/mobile_robotics) by extension 'colcon_meta'
[2.651s] Level 1:colcon.colcon_core.package_identification:_identify(src/mobile_robotics) by extensions ['ros']
[2.651s] Level 1:colcon.colcon_core.package_identification:_identify(src/mobile_robotics) by extension 'ros'
[2.667s] DEBUG:colcon.colcon_core.package_identification:Package 'src/mobile_robotics' with type 'ros.ament_python' and name 'mobile_robotics'
[2.668s] Level 1:colcon.colcon_core.package_identification:_identify(src/my_first_robot) by extensions ['ignore', 'ignore_ament_install']
[2.669s] Level 1:colcon.colcon_core.package_identification:_identify(src/my_first_robot) by extension 'ignore'
[2.669s] Level 1:colcon.colcon_core.package_identification:_identify(src/my_first_robot) by extension 'ignore_ament_install'
[2.670s] Level 1:colcon.colcon_core.package_identification:_identify(src/my_first_robot) by extensions ['colcon_pkg']
[2.671s] Level 1:colcon.colcon_core.package_identification:_identify(src/my_first_robot) by extension 'colcon_pkg'
[2.671s] Level 1:colcon.colcon_core.package_identification:_identify(src/my_first_robot) by extensions ['colcon_meta']
[2.671s] Level 1:colcon.colcon_core.package_identification:_identify(src/my_first_robot) by extension 'colcon_meta'
[2.672s] Level 1:colcon.colcon_core.package_identification:_identify(src/my_first_robot) by extensions ['ros']
[2.672s] Level 1:colcon.colcon_core.package_identification:_identify(src/my_first_robot) by extension 'ros'
[2.676s] DEBUG:colcon.colcon_core.package_identification:Package 'src/my_first_robot' with type 'ros.ament_python' and name 'my_first_robot'
[2.677s] Level 1:colcon.colcon_core.package_identification:_identify(src/rplidar_ros2) by extensions ['ignore', 'ignore_ament_install']
[2.677s] Level 1:colcon.colcon_core.package_identification:_identify(src/rplidar_ros2) by extension 'ignore'
[2.678s] Level 1:colcon.colcon_core.package_identification:_identify(src/rplidar_ros2) by extension 'ignore_ament_install'
[2.678s] Level 1:colcon.colcon_core.package_identification:_identify(src/rplidar_ros2) by extensions ['colcon_pkg']
[2.679s] Level 1:colcon.colcon_core.package_identification:_identify(src/rplidar_ros2) by extension 'colcon_pkg'
[2.679s] Level 1:colcon.colcon_core.package_identification:_identify(src/rplidar_ros2) by extensions ['colcon_meta']
[2.679s] Level 1:colcon.colcon_core.package_identification:_identify(src/rplidar_ros2) by extension 'colcon_meta'
[2.680s] Level 1:colcon.colcon_core.package_identification:_identify(src/rplidar_ros2) by extensions ['ros']
[2.680s] Level 1:colcon.colcon_core.package_identification:_identify(src/rplidar_ros2) by extension 'ros'
[2.683s] DEBUG:colcon.colcon_core.package_identification:Package 'src/rplidar_ros2' with type 'ros.ament_cmake' and name 'rplidar_ros'
[2.684s] Level 1:colcon.colcon_core.package_identification:_identify(src/slam_gmapping) by extensions ['ignore', 'ignore_ament_install']
[2.685s] Level 1:colcon.colcon_core.package_identification:_identify(src/slam_gmapping) by extension 'ignore'
[2.686s] Level 1:colcon.colcon_core.package_identification:_identify(src/slam_gmapping) by extension 'ignore_ament_install'
[2.686s] Level 1:colcon.colcon_core.package_identification:_identify(src/slam_gmapping) by extensions ['colcon_pkg']
[2.687s] Level 1:colcon.colcon_core.package_identification:_identify(src/slam_gmapping) by extension 'colcon_pkg'
[2.687s] Level 1:colcon.colcon_core.package_identification:_identify(src/slam_gmapping) by extensions ['colcon_meta']
[2.687s] Level 1:colcon.colcon_core.package_identification:_identify(src/slam_gmapping) by extension 'colcon_meta'
[2.688s] Level 1:colcon.colcon_core.package_identification:_identify(src/slam_gmapping) by extensions ['ros']
[2.688s] Level 1:colcon.colcon_core.package_identification:_identify(src/slam_gmapping) by extension 'ros'
[2.689s] Level 1:colcon.colcon_core.package_identification:_identify(src/slam_gmapping) by extensions ['cmake', 'python']
[2.689s] Level 1:colcon.colcon_core.package_identification:_identify(src/slam_gmapping) by extension 'cmake'
[2.690s] Level 1:colcon.colcon_core.package_identification:_identify(src/slam_gmapping) by extension 'python'
[2.690s] Level 1:colcon.colcon_core.package_identification:_identify(src/slam_gmapping) by extensions ['python_setup_py']
[2.690s] Level 1:colcon.colcon_core.package_identification:_identify(src/slam_gmapping) by extension 'python_setup_py'
[2.691s] Level 1:colcon.colcon_core.package_identification:_identify(src/slam_gmapping/openslam_gmapping) by extensions ['ignore', 'ignore_ament_install']
[2.692s] Level 1:colcon.colcon_core.package_identification:_identify(src/slam_gmapping/openslam_gmapping) by extension 'ignore'
[2.692s] Level 1:colcon.colcon_core.package_identification:_identify(src/slam_gmapping/openslam_gmapping) by extension 'ignore_ament_install'
[2.693s] Level 1:colcon.colcon_core.package_identification:_identify(src/slam_gmapping/openslam_gmapping) by extensions ['colcon_pkg']
[2.693s] Level 1:colcon.colcon_core.package_identification:_identify(src/slam_gmapping/openslam_gmapping) by extension 'colcon_pkg'
[2.693s] Level 1:colcon.colcon_core.package_identification:_identify(src/slam_gmapping/openslam_gmapping) by extensions ['colcon_meta']
[2.694s] Level 1:colcon.colcon_core.package_identification:_identify(src/slam_gmapping/openslam_gmapping) by extension 'colcon_meta'
[2.694s] Level 1:colcon.colcon_core.package_identification:_identify(src/slam_gmapping/openslam_gmapping) by extensions ['ros']
[2.694s] Level 1:colcon.colcon_core.package_identification:_identify(src/slam_gmapping/openslam_gmapping) by extension 'ros'
[2.697s] DEBUG:colcon.colcon_core.package_identification:Package 'src/slam_gmapping/openslam_gmapping' with type 'ros.ament_cmake' and name 'openslam_gmapping'
[2.698s] Level 1:colcon.colcon_core.package_identification:_identify(src/slam_gmapping/slam_gmapping) by extensions ['ignore', 'ignore_ament_install']
[2.699s] Level 1:colcon.colcon_core.package_identification:_identify(src/slam_gmapping/slam_gmapping) by extension 'ignore'
[2.699s] Level 1:colcon.colcon_core.package_identification:_identify(src/slam_gmapping/slam_gmapping) by extension 'ignore_ament_install'
[2.700s] Level 1:colcon.colcon_core.package_identification:_identify(src/slam_gmapping/slam_gmapping) by extensions ['colcon_pkg']
[2.700s] Level 1:colcon.colcon_core.package_identification:_identify(src/slam_gmapping/slam_gmapping) by extension 'colcon_pkg'
[2.700s] Level 1:colcon.colcon_core.package_identification:_identify(src/slam_gmapping/slam_gmapping) by extensions ['colcon_meta']
[2.700s] Level 1:colcon.colcon_core.package_identification:_identify(src/slam_gmapping/slam_gmapping) by extension 'colcon_meta'
[2.701s] Level 1:colcon.colcon_core.package_identification:_identify(src/slam_gmapping/slam_gmapping) by extensions ['ros']
[2.701s] Level 1:colcon.colcon_core.package_identification:_identify(src/slam_gmapping/slam_gmapping) by extension 'ros'
[2.707s] DEBUG:colcon.colcon_core.package_identification:Package 'src/slam_gmapping/slam_gmapping' with type 'ros.ament_cmake' and name 'slam_gmapping'
[2.707s] Level 1:colcon.colcon_core.package_discovery:discover_packages(recursive) using defaults
[2.708s] Level 1:colcon.colcon_core.package_discovery:discover_packages(ignore) discover
[2.708s] Level 1:colcon.colcon_core.package_discovery:discover_packages(ignore) using defaults
[2.708s] Level 1:colcon.colcon_core.package_discovery:discover_packages(path) discover
[2.708s] Level 1:colcon.colcon_core.package_discovery:discover_packages(path) using defaults
[2.835s] INFO:colcon.colcon_core.package_selection:Skipping not selected package 'mobile_robotics' in 'src/mobile_robotics'
[2.835s] INFO:colcon.colcon_core.package_selection:Skipping not selected package 'openslam_gmapping' in 'src/slam_gmapping/openslam_gmapping'
[2.835s] INFO:colcon.colcon_core.package_selection:Skipping not selected package 'rplidar_ros' in 'src/rplidar_ros2'
[2.836s] INFO:colcon.colcon_core.package_selection:Skipping not selected package 'slam_gmapping' in 'src/slam_gmapping/slam_gmapping'
[2.840s] Level 1:colcon.colcon_core.package_discovery:discover_packages(prefix_path) check parameters
[2.841s] Level 1:colcon.colcon_core.package_discovery:discover_packages(prefix_path) discover
[2.871s] DEBUG:colcon.colcon_installed_package_information.package_discovery:Found 6 installed packages in /home/genozen/Desktop/ros2_ws/install
[2.885s] DEBUG:colcon.colcon_installed_package_information.package_discovery:Found 278 installed packages in /opt/ros/humble
[2.894s] Level 1:colcon.colcon_core.package_discovery:discover_packages(prefix_path) using defaults
[3.346s] Level 5:colcon.colcon_core.verb:set package 'my_first_robot' build argument 'cmake_args' from command line to 'None'
[3.347s] Level 5:colcon.colcon_core.verb:set package 'my_first_robot' build argument 'cmake_target' from command line to 'None'
[3.348s] Level 5:colcon.colcon_core.verb:set package 'my_first_robot' build argument 'cmake_target_skip_unavailable' from command line to 'False'
[3.349s] Level 5:colcon.colcon_core.verb:set package 'my_first_robot' build argument 'cmake_clean_cache' from command line to 'False'
[3.349s] Level 5:colcon.colcon_core.verb:set package 'my_first_robot' build argument 'cmake_clean_first' from command line to 'False'
[3.350s] Level 5:colcon.colcon_core.verb:set package 'my_first_robot' build argument 'cmake_force_configure' from command line to 'False'
[3.351s] Level 5:colcon.colcon_core.verb:set package 'my_first_robot' build argument 'ament_cmake_args' from command line to 'None'
[3.352s] Level 5:colcon.colcon_core.verb:set package 'my_first_robot' build argument 'catkin_cmake_args' from command line to 'None'
[3.352s] Level 5:colcon.colcon_core.verb:set package 'my_first_robot' build argument 'catkin_skip_building_tests' from command line to 'False'
[3.353s] DEBUG:colcon.colcon_core.verb:Building package 'my_first_robot' with the following arguments: {'ament_cmake_args': None, 'build_base': '/home/genozen/Desktop/ros2_ws/build/my_first_robot', 'catkin_cmake_args': None, 'catkin_skip_building_tests': False, 'cmake_args': None, 'cmake_clean_cache': False, 'cmake_clean_first': False, 'cmake_force_configure': False, 'cmake_target': None, 'cmake_target_skip_unavailable': False, 'install_base': '/home/genozen/Desktop/ros2_ws/install/my_first_robot', 'merge_install': False, 'path': '/home/genozen/Desktop/ros2_ws/src/my_first_robot', 'symlink_install': True, 'test_result_base': None}
[3.358s] INFO:colcon.colcon_core.executor:Executing jobs using 'parallel' executor
[3.379s] DEBUG:colcon.colcon_parallel_executor.executor.parallel:run_until_complete
[3.381s] INFO:colcon.colcon_ros.task.ament_python.build:Building ROS package in '/home/genozen/Desktop/ros2_ws/src/my_first_robot' with build type 'ament_python'
[3.383s] Level 1:colcon.colcon_core.shell:create_environment_hook('my_first_robot', 'ament_prefix_path')
[3.417s] INFO:colcon.colcon_core.plugin_system:Skipping extension 'colcon_core.shell.bat': Not used on non-Windows systems
[3.419s] INFO:colcon.colcon_core.shell:Creating environment hook '/home/genozen/Desktop/ros2_ws/install/my_first_robot/share/my_first_robot/hook/ament_prefix_path.ps1'
[3.424s] INFO:colcon.colcon_core.shell:Creating environment descriptor '/home/genozen/Desktop/ros2_ws/install/my_first_robot/share/my_first_robot/hook/ament_prefix_path.dsv'
[3.429s] INFO:colcon.colcon_core.shell:Creating environment hook '/home/genozen/Desktop/ros2_ws/install/my_first_robot/share/my_first_robot/hook/ament_prefix_path.sh'
[3.443s] INFO:colcon.colcon_core.shell:Skip shell extension 'powershell' for command environment: Not usable outside of PowerShell
[3.444s] DEBUG:colcon.colcon_core.shell:Skip shell extension 'dsv' for command environment
[5.390s] INFO:colcon.colcon_core.task.python.build:Building Python package in '/home/genozen/Desktop/ros2_ws/src/my_first_robot'
[5.397s] INFO:colcon.colcon_core.shell:Skip shell extension 'powershell' for command environment: Not usable outside of PowerShell
[5.398s] DEBUG:colcon.colcon_core.shell:Skip shell extension 'dsv' for command environment
[7.857s] DEBUG:colcon.colcon_core.task.python.build:While undoing a previous installation files outside the Python library path are being ignored: /home/genozen/Desktop/ros2_ws/install/my_first_robot/share/ament_index/resource_index/packages/my_first_robot
[7.858s] DEBUG:colcon.colcon_core.task.python.build:While undoing a previous installation files outside the Python library path are being ignored: /home/genozen/Desktop/ros2_ws/install/my_first_robot/share/my_first_robot/package.xml
[7.862s] DEBUG:colcon.colcon_core.task.python.build:While undoing a previous installation files outside the Python library path are being ignored: /home/genozen/Desktop/ros2_ws/install/my_first_robot/lib/my_first_robot/joystick_listener
[7.873s] DEBUG:colcon.colcon_core.event_handler.log_command:Invoking command in '/home/genozen/Desktop/ros2_ws/build/my_first_robot': PYTHONPATH=/home/genozen/Desktop/ros2_ws/build/my_first_robot/prefix_override:/home/genozen/Desktop/ros2_ws/install/my_first_robot/lib/python3.10/site-packages:${PYTHONPATH} /usr/bin/python3 setup.py develop --editable --build-directory /home/genozen/Desktop/ros2_ws/build/my_first_robot/build --no-deps install_data
[11.565s] Level 1:colcon.colcon_core.shell:create_environment_hook('my_first_robot', 'pythonpath_develop')
[11.571s] DEBUG:colcon.colcon_core.event_handler.log_command:Invoked command in '/home/genozen/Desktop/ros2_ws/build/my_first_robot' returned '0': PYTHONPATH=/home/genozen/Desktop/ros2_ws/build/my_first_robot/prefix_override:/home/genozen/Desktop/ros2_ws/install/my_first_robot/lib/python3.10/site-packages:${PYTHONPATH} /usr/bin/python3 setup.py develop --editable --build-directory /home/genozen/Desktop/ros2_ws/build/my_first_robot/build --no-deps install_data
[11.589s] INFO:colcon.colcon_core.shell:Creating environment hook '/home/genozen/Desktop/ros2_ws/build/my_first_robot/share/my_first_robot/hook/pythonpath_develop.ps1'
[11.595s] INFO:colcon.colcon_core.shell:Creating environment descriptor '/home/genozen/Desktop/ros2_ws/build/my_first_robot/share/my_first_robot/hook/pythonpath_develop.dsv'
[11.598s] INFO:colcon.colcon_core.shell:Creating environment hook '/home/genozen/Desktop/ros2_ws/build/my_first_robot/share/my_first_robot/hook/pythonpath_develop.sh'
[11.642s] Level 1:colcon.colcon_core.environment:checking '/home/genozen/Desktop/ros2_ws/install/my_first_robot' for CMake module files
[11.646s] Level 1:colcon.colcon_core.environment:checking '/home/genozen/Desktop/ros2_ws/install/my_first_robot' for CMake config files
[11.650s] Level 1:colcon.colcon_core.environment:checking '/home/genozen/Desktop/ros2_ws/install/my_first_robot/lib'
[11.651s] Level 1:colcon.colcon_core.environment:checking '/home/genozen/Desktop/ros2_ws/install/my_first_robot/bin'
[11.652s] Level 1:colcon.colcon_core.environment:checking '/home/genozen/Desktop/ros2_ws/install/my_first_robot/lib/pkgconfig/my_first_robot.pc'
[11.653s] Level 1:colcon.colcon_core.environment:checking '/home/genozen/Desktop/ros2_ws/install/my_first_robot/lib/python3.10/site-packages'
[11.654s] Level 1:colcon.colcon_core.shell:create_environment_hook('my_first_robot', 'pythonpath')
[11.660s] INFO:colcon.colcon_core.shell:Creating environment hook '/home/genozen/Desktop/ros2_ws/install/my_first_robot/share/my_first_robot/hook/pythonpath.ps1'
[11.662s] INFO:colcon.colcon_core.shell:Creating environment descriptor '/home/genozen/Desktop/ros2_ws/install/my_first_robot/share/my_first_robot/hook/pythonpath.dsv'
[11.665s] INFO:colcon.colcon_core.shell:Creating environment hook '/home/genozen/Desktop/ros2_ws/install/my_first_robot/share/my_first_robot/hook/pythonpath.sh'
[11.668s] Level 1:colcon.colcon_core.environment:checking '/home/genozen/Desktop/ros2_ws/install/my_first_robot/bin'
[11.669s] Level 1:colcon.colcon_core.environment:create_environment_scripts_only(my_first_robot)
[11.677s] INFO:colcon.colcon_core.shell:Creating package script '/home/genozen/Desktop/ros2_ws/install/my_first_robot/share/my_first_robot/package.ps1'
[11.686s] INFO:colcon.colcon_core.shell:Creating package descriptor '/home/genozen/Desktop/ros2_ws/install/my_first_robot/share/my_first_robot/package.dsv'
[11.700s] INFO:colcon.colcon_core.shell:Creating package script '/home/genozen/Desktop/ros2_ws/install/my_first_robot/share/my_first_robot/package.sh'
[11.704s] INFO:colcon.colcon_core.shell:Creating package script '/home/genozen/Desktop/ros2_ws/install/my_first_robot/share/my_first_robot/package.bash'
[11.709s] INFO:colcon.colcon_core.shell:Creating package script '/home/genozen/Desktop/ros2_ws/install/my_first_robot/share/my_first_robot/package.zsh'
[11.713s] Level 1:colcon.colcon_core.environment:create_file_with_runtime_dependencies(/home/genozen/Desktop/ros2_ws/install/my_first_robot/share/colcon-core/packages/my_first_robot)
[11.715s] DEBUG:colcon.colcon_parallel_executor.executor.parallel:closing loop
[11.715s] DEBUG:colcon.colcon_parallel_executor.executor.parallel:loop closed
[11.717s] DEBUG:colcon.colcon_parallel_executor.executor.parallel:run_until_complete finished with '0'
[11.718s] DEBUG:colcon.colcon_core.event_reactor:joining thread
[11.751s] INFO:colcon.colcon_core.plugin_system:Skipping extension 'colcon_notification.desktop_notification.terminal_notifier': Not used on non-Darwin systems
[11.752s] INFO:colcon.colcon_core.plugin_system:Skipping extension 'colcon_notification.desktop_notification.win32': Not used on non-Windows systems
[11.752s] INFO:colcon.colcon_notification.desktop_notification:Sending desktop notification using 'notify2'
[11.760s] DEBUG:colcon.colcon_notification.desktop_notification.notify2:Failed to initialize notify2: org.freedesktop.DBus.Error.ServiceUnknown: The name org.freedesktop.Notifications was not provided by any .service files
[11.761s] DEBUG:colcon.colcon_core.event_reactor:joined thread
[11.769s] INFO:colcon.colcon_core.shell:Creating prefix script '/home/genozen/Desktop/ros2_ws/install/local_setup.ps1'
[11.774s] INFO:colcon.colcon_core.shell:Creating prefix util module '/home/genozen/Desktop/ros2_ws/install/_local_setup_util_ps1.py'
[11.784s] INFO:colcon.colcon_core.shell:Creating prefix chain script '/home/genozen/Desktop/ros2_ws/install/setup.ps1'
[11.798s] INFO:colcon.colcon_core.shell:Creating prefix script '/home/genozen/Desktop/ros2_ws/install/local_setup.sh'
[11.804s] INFO:colcon.colcon_core.shell:Creating prefix util module '/home/genozen/Desktop/ros2_ws/install/_local_setup_util_sh.py'
[11.808s] INFO:colcon.colcon_core.shell:Creating prefix chain script '/home/genozen/Desktop/ros2_ws/install/setup.sh'
[11.821s] INFO:colcon.colcon_core.shell:Creating prefix script '/home/genozen/Desktop/ros2_ws/install/local_setup.bash'
[11.824s] INFO:colcon.colcon_core.shell:Creating prefix chain script '/home/genozen/Desktop/ros2_ws/install/setup.bash'
[11.835s] INFO:colcon.colcon_core.shell:Creating prefix script '/home/genozen/Desktop/ros2_ws/install/local_setup.zsh'
[11.840s] INFO:colcon.colcon_core.shell:Creating prefix chain script '/home/genozen/Desktop/ros2_ws/install/setup.zsh'
