/home/genozen/Desktop/ros2_ws/src/install/mobile_robotics/lib/python3.10/site-packages/mobile_robotics/img_sub.py
/home/genozen/Desktop/ros2_ws/src/install/mobile_robotics/lib/python3.10/site-packages/mobile_robotics/img_threading.py
/home/genozen/Desktop/ros2_ws/src/install/mobile_robotics/lib/python3.10/site-packages/mobile_robotics/__init__.py
/home/genozen/Desktop/ros2_ws/src/install/mobile_robotics/lib/python3.10/site-packages/mobile_robotics/img_pub2.py
/home/genozen/Desktop/ros2_ws/src/install/mobile_robotics/lib/python3.10/site-packages/mobile_robotics/img_pub.py
/home/genozen/Desktop/ros2_ws/src/install/mobile_robotics/lib/python3.10/site-packages/mobile_robotics/__pycache__/img_sub.cpython-310.pyc
/home/genozen/Desktop/ros2_ws/src/install/mobile_robotics/lib/python3.10/site-packages/mobile_robotics/__pycache__/img_threading.cpython-310.pyc
/home/genozen/Desktop/ros2_ws/src/install/mobile_robotics/lib/python3.10/site-packages/mobile_robotics/__pycache__/__init__.cpython-310.pyc
/home/genozen/Desktop/ros2_ws/src/install/mobile_robotics/lib/python3.10/site-packages/mobile_robotics/__pycache__/img_pub2.cpython-310.pyc
/home/genozen/Desktop/ros2_ws/src/install/mobile_robotics/lib/python3.10/site-packages/mobile_robotics/__pycache__/img_pub.cpython-310.pyc
/home/genozen/Desktop/ros2_ws/src/install/mobile_robotics/share/ament_index/resource_index/packages/mobile_robotics
/home/genozen/Desktop/ros2_ws/src/install/mobile_robotics/share/mobile_robotics/package.xml
/home/genozen/Desktop/ros2_ws/src/install/mobile_robotics/lib/python3.10/site-packages/mobile_robotics-0.0.0-py3.10.egg-info/entry_points.txt
/home/genozen/Desktop/ros2_ws/src/install/mobile_robotics/lib/python3.10/site-packages/mobile_robotics-0.0.0-py3.10.egg-info/requires.txt
/home/genozen/Desktop/ros2_ws/src/install/mobile_robotics/lib/python3.10/site-packages/mobile_robotics-0.0.0-py3.10.egg-info/PKG-INFO
/home/genozen/Desktop/ros2_ws/src/install/mobile_robotics/lib/python3.10/site-packages/mobile_robotics-0.0.0-py3.10.egg-info/top_level.txt
/home/genozen/Desktop/ros2_ws/src/install/mobile_robotics/lib/python3.10/site-packages/mobile_robotics-0.0.0-py3.10.egg-info/zip-safe
/home/genozen/Desktop/ros2_ws/src/install/mobile_robotics/lib/python3.10/site-packages/mobile_robotics-0.0.0-py3.10.egg-info/SOURCES.txt
/home/genozen/Desktop/ros2_ws/src/install/mobile_robotics/lib/python3.10/site-packages/mobile_robotics-0.0.0-py3.10.egg-info/dependency_links.txt
/home/genozen/Desktop/ros2_ws/src/install/mobile_robotics/lib/mobile_robotics/cod_ex2
/home/genozen/Desktop/ros2_ws/src/install/mobile_robotics/lib/mobile_robotics/part1
