[4.501s] Invoking command in '/home/genozen/Desktop/ros2_ws/build/mobile_robotics': PYTHONPATH=/home/genozen/Desktop/ros2_ws/build/mobile_robotics/prefix_override:/home/genozen/Desktop/ros2_ws/install/mobile_robotics/lib/python3.10/site-packages:${PYTHONPATH} /usr/bin/python3 setup.py develop --editable --build-directory /home/genozen/Desktop/ros2_ws/build/mobile_robotics/build --no-deps install_data
[6.064s] running develop
[6.066s] /usr/lib/python3/dist-packages/setuptools/command/easy_install.py:158: EasyInstallDeprecationWarning: easy_install command is deprecated. Use build and pip and other standards-based tools.
[6.067s]   warnings.warn(
[6.074s] /usr/lib/python3/dist-packages/setuptools/command/install.py:34: SetuptoolsDeprecationWarning: setup.py install is deprecated. Use build and pip and other standards-based tools.
[6.075s]   warnings.warn(
[6.470s] /usr/lib/python3/dist-packages/pkg_resources/__init__.py:116: PkgResourcesDeprecationWarning: 1.1build1 is an invalid version and will not be supported in a future release
[6.471s]   warnings.warn(
[6.474s] /usr/lib/python3/dist-packages/pkg_resources/__init__.py:116: PkgResourcesDeprecationWarning: 0.1.43ubuntu1 is an invalid version and will not be supported in a future release
[6.475s]   warnings.warn(
[7.220s] running egg_info
[7.224s] writing mobile_robotics.egg-info/PKG-INFO
[7.229s] writing dependency_links to mobile_robotics.egg-info/dependency_links.txt
[7.230s] writing entry points to mobile_robotics.egg-info/entry_points.txt
[7.231s] writing requirements to mobile_robotics.egg-info/requires.txt
[7.231s] writing top-level names to mobile_robotics.egg-info/top_level.txt
[7.237s] reading manifest file 'mobile_robotics.egg-info/SOURCES.txt'
[7.250s] writing manifest file 'mobile_robotics.egg-info/SOURCES.txt'
[7.252s] running build_ext
[7.253s] Creating /home/genozen/Desktop/ros2_ws/install/mobile_robotics/lib/python3.10/site-packages/mobile-robotics.egg-link (link to .)
[7.261s] Installing cod_ex2 script to /home/genozen/Desktop/ros2_ws/install/mobile_robotics/lib/mobile_robotics
[7.263s] Installing part1 script to /home/genozen/Desktop/ros2_ws/install/mobile_robotics/lib/mobile_robotics
[7.273s] 
[7.275s] Installed /home/genozen/Desktop/ros2_ws/build/mobile_robotics
[7.276s] running install_data
[7.528s] Invoked command in '/home/genozen/Desktop/ros2_ws/build/mobile_robotics' returned '0': PYTHONPATH=/home/genozen/Desktop/ros2_ws/build/mobile_robotics/prefix_override:/home/genozen/Desktop/ros2_ws/install/mobile_robotics/lib/python3.10/site-packages:${PYTHONPATH} /usr/bin/python3 setup.py develop --editable --build-directory /home/genozen/Desktop/ros2_ws/build/mobile_robotics/build --no-deps install_data
