[7.225s] Invoking command in '/home/genozen/Desktop/ros2_ws/src/my_first_robot': PYTHONPATH=/home/genozen/Desktop/ros2_ws/build/my_first_robot/prefix_override:/home/genozen/Desktop/ros2_ws/install/my_first_robot/lib/python3.10/site-packages:${PYTHONPATH} /usr/bin/python3 setup.py egg_info --egg-base ../../build/my_first_robot build --build-base /home/genozen/Desktop/ros2_ws/build/my_first_robot/build install --record /home/genozen/Desktop/ros2_ws/build/my_first_robot/install.log --single-version-externally-managed
[8.782s] running egg_info
[8.797s] writing ../../build/my_first_robot/my_first_robot.egg-info/PKG-INFO
[8.798s] writing dependency_links to ../../build/my_first_robot/my_first_robot.egg-info/dependency_links.txt
[8.801s] writing entry points to ../../build/my_first_robot/my_first_robot.egg-info/entry_points.txt
[8.803s] writing requirements to ../../build/my_first_robot/my_first_robot.egg-info/requires.txt
[8.804s] writing top-level names to ../../build/my_first_robot/my_first_robot.egg-info/top_level.txt
[8.806s] reading manifest file '../../build/my_first_robot/my_first_robot.egg-info/SOURCES.txt'
[8.813s] writing manifest file '../../build/my_first_robot/my_first_robot.egg-info/SOURCES.txt'
[8.815s] running build
[8.828s] running build_py
[8.829s] copying my_first_robot/my_first_robot_driver.py -> /home/genozen/Desktop/ros2_ws/build/my_first_robot/build/lib/my_first_robot
[8.830s] running install
[8.832s] /usr/lib/python3/dist-packages/setuptools/command/install.py:34: SetuptoolsDeprecationWarning: setup.py install is deprecated. Use build and pip and other standards-based tools.
[8.832s]   warnings.warn(
[8.833s] running install_lib
[8.834s] copying /home/genozen/Desktop/ros2_ws/build/my_first_robot/build/lib/my_first_robot/my_first_robot_driver.py -> /home/genozen/Desktop/ros2_ws/install/my_first_robot/lib/python3.10/site-packages/my_first_robot
[8.834s] byte-compiling /home/genozen/Desktop/ros2_ws/install/my_first_robot/lib/python3.10/site-packages/my_first_robot/my_first_robot_driver.py to my_first_robot_driver.cpython-310.pyc
[8.836s]   File "/home/genozen/Desktop/ros2_ws/install/my_first_robot/lib/python3.10/site-packages/my_first_robot/my_first_robot_driver.py", line 24
[8.837s]     import geometry_msgs.msg import Twist
[8.838s]                              ^^^^^^
[8.839s] SyntaxError: invalid syntax
[8.840s] 
[8.840s] running install_data
[8.853s] copying package.xml -> /home/genozen/Desktop/ros2_ws/install/my_first_robot/share/my_first_robot
[8.853s] running install_egg_info
[8.861s] removing '/home/genozen/Desktop/ros2_ws/install/my_first_robot/lib/python3.10/site-packages/my_first_robot-0.0.0-py3.10.egg-info' (and everything under it)
[8.861s] Copying ../../build/my_first_robot/my_first_robot.egg-info to /home/genozen/Desktop/ros2_ws/install/my_first_robot/lib/python3.10/site-packages/my_first_robot-0.0.0-py3.10.egg-info
[8.869s] running install_scripts
[8.963s] Installing joystick_listener script to /home/genozen/Desktop/ros2_ws/install/my_first_robot/lib/my_first_robot
[8.972s] writing list of installed files to '/home/genozen/Desktop/ros2_ws/build/my_first_robot/install.log'
[9.145s] Invoked command in '/home/genozen/Desktop/ros2_ws/src/my_first_robot' returned '0': PYTHONPATH=/home/genozen/Desktop/ros2_ws/build/my_first_robot/prefix_override:/home/genozen/Desktop/ros2_ws/install/my_first_robot/lib/python3.10/site-packages:${PYTHONPATH} /usr/bin/python3 setup.py egg_info --egg-base ../../build/my_first_robot build --build-base /home/genozen/Desktop/ros2_ws/build/my_first_robot/build install --record /home/genozen/Desktop/ros2_ws/build/my_first_robot/install.log --single-version-externally-managed
