[3.370s] Invoking command in '/home/genozen/Desktop/ros2_ws/build/rplidar_ros': CMAKE_PREFIX_PATH=${CMAKE_PREFIX_PATH}:/home/genozen/Desktop/ros2_ws/install/my_first_robot:/home/genozen/Desktop/ros2_ws/install/mobile_robotics:/opt/ros/humble /usr/bin/cmake --build /home/genozen/Desktop/ros2_ws/build/rplidar_ros -- -j4 -l4
[4.738s] [ 77%] Built target rplidar_composition_node
[5.047s] [100%] Built target rplidar_composition
[5.145s] Invoked command in '/home/genozen/Desktop/ros2_ws/build/rplidar_ros' returned '0': CMAKE_PREFIX_PATH=${CMAKE_PREFIX_PATH}:/home/genozen/Desktop/ros2_ws/install/my_first_robot:/home/genozen/Desktop/ros2_ws/install/mobile_robotics:/opt/ros/humble /usr/bin/cmake --build /home/genozen/Desktop/ros2_ws/build/rplidar_ros -- -j4 -l4
[5.601s] Invoking command in '/home/genozen/Desktop/ros2_ws/build/rplidar_ros': CMAKE_PREFIX_PATH=${CMAKE_PREFIX_PATH}:/home/genozen/Desktop/ros2_ws/install/my_first_robot:/home/genozen/Desktop/ros2_ws/install/mobile_robotics:/opt/ros/humble /usr/bin/cmake --install /home/genozen/Desktop/ros2_ws/build/rplidar_ros
[5.654s] -- Install configuration: ""
[5.662s] -- Execute custom install script
[5.688s] -- Up-to-date symlink: /home/genozen/Desktop/ros2_ws/install/rplidar_ros/lib/rplidar_ros/rplidar_composition
[5.692s] -- Up-to-date symlink: /home/genozen/Desktop/ros2_ws/install/rplidar_ros/share/rplidar_ros/launch/__pycache__/rplidar.launch.cpython-310.pyc
[5.693s] -- Up-to-date symlink: /home/genozen/Desktop/ros2_ws/install/rplidar_ros/share/rplidar_ros/launch/__pycache__/view_rplidar.launch.cpython-310.pyc
[5.693s] -- Up-to-date symlink: /home/genozen/Desktop/ros2_ws/install/rplidar_ros/share/rplidar_ros/launch/rplidar.launch.py
[5.694s] -- Up-to-date symlink: /home/genozen/Desktop/ros2_ws/install/rplidar_ros/share/rplidar_ros/launch/rplidar_a3.launch.py
[5.695s] -- Up-to-date symlink: /home/genozen/Desktop/ros2_ws/install/rplidar_ros/share/rplidar_ros/launch/rplidar_s1.launch.py
[5.696s] -- Up-to-date symlink: /home/genozen/Desktop/ros2_ws/install/rplidar_ros/share/rplidar_ros/launch/rplidar_s1_tcp.launch.py
[5.696s] -- Up-to-date symlink: /home/genozen/Desktop/ros2_ws/install/rplidar_ros/share/rplidar_ros/launch/test_rplidar_a3.launch.py
[5.697s] -- Up-to-date symlink: /home/genozen/Desktop/ros2_ws/install/rplidar_ros/share/rplidar_ros/launch/view_rplidar.launch.py
[5.698s] -- Up-to-date symlink: /home/genozen/Desktop/ros2_ws/install/rplidar_ros/share/rplidar_ros/launch/view_rplidar_a3.launch.py
[5.699s] -- Up-to-date symlink: /home/genozen/Desktop/ros2_ws/install/rplidar_ros/share/rplidar_ros/launch/view_rplidar_s1.launch.py
[5.700s] -- Up-to-date symlink: /home/genozen/Desktop/ros2_ws/install/rplidar_ros/share/rplidar_ros/launch/view_rplidar_s1_tcp.launch.py
[5.702s] -- Up-to-date symlink: /home/genozen/Desktop/ros2_ws/install/rplidar_ros/share/rplidar_ros/rviz/rplidar.rviz
[5.733s] -- Up-to-date symlink: /home/genozen/Desktop/ros2_ws/install/rplidar_ros/lib/librplidar_composition_node.so
[5.739s] -- Up-to-date symlink: /home/genozen/Desktop/ros2_ws/install/rplidar_ros/include/rplidar_node.hpp
[5.740s] -- Up-to-date symlink: /home/genozen/Desktop/ros2_ws/install/rplidar_ros/include/visibility.h
[5.746s] -- Up-to-date symlink: /home/genozen/Desktop/ros2_ws/install/rplidar_ros/lib/rplidar_ros/rplidar_composition
[5.747s] -- Up-to-date symlink: /home/genozen/Desktop/ros2_ws/install/rplidar_ros/share/ament_index/resource_index/package_run_dependencies/rplidar_ros
[5.749s] -- Up-to-date symlink: /home/genozen/Desktop/ros2_ws/install/rplidar_ros/share/ament_index/resource_index/parent_prefix_path/rplidar_ros
[5.751s] -- Up-to-date symlink: /home/genozen/Desktop/ros2_ws/install/rplidar_ros/share/rplidar_ros/environment/ament_prefix_path.sh
[5.753s] -- Up-to-date symlink: /home/genozen/Desktop/ros2_ws/install/rplidar_ros/share/rplidar_ros/environment/ament_prefix_path.dsv
[5.755s] -- Up-to-date symlink: /home/genozen/Desktop/ros2_ws/install/rplidar_ros/share/rplidar_ros/environment/path.sh
[5.761s] -- Up-to-date symlink: /home/genozen/Desktop/ros2_ws/install/rplidar_ros/share/rplidar_ros/environment/path.dsv
[5.764s] -- Up-to-date symlink: /home/genozen/Desktop/ros2_ws/install/rplidar_ros/share/rplidar_ros/local_setup.bash
[5.778s] -- Up-to-date symlink: /home/genozen/Desktop/ros2_ws/install/rplidar_ros/share/rplidar_ros/local_setup.sh
[5.779s] -- Up-to-date symlink: /home/genozen/Desktop/ros2_ws/install/rplidar_ros/share/rplidar_ros/local_setup.zsh
[5.780s] -- Up-to-date symlink: /home/genozen/Desktop/ros2_ws/install/rplidar_ros/share/rplidar_ros/local_setup.dsv
[5.781s] -- Symlinking: /home/genozen/Desktop/ros2_ws/install/rplidar_ros/share/rplidar_ros/package.dsv
[5.844s] -- Up-to-date symlink: /home/genozen/Desktop/ros2_ws/install/rplidar_ros/share/ament_index/resource_index/packages/rplidar_ros
[5.853s] -- Up-to-date symlink: /home/genozen/Desktop/ros2_ws/install/rplidar_ros/share/ament_index/resource_index/rclcpp_components/rplidar_ros
[5.860s] -- Up-to-date symlink: /home/genozen/Desktop/ros2_ws/install/rplidar_ros/share/rplidar_ros/cmake/ament_cmake_export_dependencies-extras.cmake
[5.867s] -- Up-to-date symlink: /home/genozen/Desktop/ros2_ws/install/rplidar_ros/share/rplidar_ros/cmake/ament_cmake_export_include_directories-extras.cmake
[5.899s] -- Up-to-date symlink: /home/genozen/Desktop/ros2_ws/install/rplidar_ros/share/rplidar_ros/cmake/rplidar_rosConfig.cmake
[5.903s] -- Up-to-date symlink: /home/genozen/Desktop/ros2_ws/install/rplidar_ros/share/rplidar_ros/cmake/rplidar_rosConfig-version.cmake
[5.906s] -- Up-to-date symlink: /home/genozen/Desktop/ros2_ws/install/rplidar_ros/share/rplidar_ros/package.xml
[5.913s] Invoked command in '/home/genozen/Desktop/ros2_ws/build/rplidar_ros' returned '0': CMAKE_PREFIX_PATH=${CMAKE_PREFIX_PATH}:/home/genozen/Desktop/ros2_ws/install/my_first_robot:/home/genozen/Desktop/ros2_ws/install/mobile_robotics:/opt/ros/humble /usr/bin/cmake --install /home/genozen/Desktop/ros2_ws/build/rplidar_ros
