[1.421s] Invoking command in '/home/genozen/Desktop/ros2_ws/build/rplidar_ros': CMAKE_PREFIX_PATH=${CMAKE_PREFIX_PATH}:/home/genozen/Desktop/ros2_ws/install/mobile_robotics:/opt/ros/humble /usr/bin/cmake --build /home/genozen/Desktop/ros2_ws/build/rplidar_ros -- -j4 -l4
[1.806s] [ 77%] Built target rplidar_composition_node
[1.952s] [100%] Built target rplidar_composition
[2.023s] Invoked command in '/home/genozen/Desktop/ros2_ws/build/rplidar_ros' returned '0': CMAKE_PREFIX_PATH=${CMAKE_PREFIX_PATH}:/home/genozen/Desktop/ros2_ws/install/mobile_robotics:/opt/ros/humble /usr/bin/cmake --build /home/genozen/Desktop/ros2_ws/build/rplidar_ros -- -j4 -l4
[2.350s] Invoking command in '/home/genozen/Desktop/ros2_ws/build/rplidar_ros': CMAKE_PREFIX_PATH=${CMAKE_PREFIX_PATH}:/home/genozen/Desktop/ros2_ws/install/mobile_robotics:/opt/ros/humble /usr/bin/cmake --install /home/genozen/Desktop/ros2_ws/build/rplidar_ros
[2.382s] -- Install configuration: ""
[2.385s] -- Execute custom install script
[2.393s] -- Up-to-date symlink: /home/genozen/Desktop/ros2_ws/install/rplidar_ros/lib/rplidar_ros/rplidar_composition
[2.393s] -- Up-to-date symlink: /home/genozen/Desktop/ros2_ws/install/rplidar_ros/share/rplidar_ros/launch/__pycache__/rplidar.launch.cpython-310.pyc
[2.394s] -- Up-to-date symlink: /home/genozen/Desktop/ros2_ws/install/rplidar_ros/share/rplidar_ros/launch/__pycache__/view_rplidar.launch.cpython-310.pyc
[2.395s] -- Up-to-date symlink: /home/genozen/Desktop/ros2_ws/install/rplidar_ros/share/rplidar_ros/launch/rplidar.launch.py
[2.395s] -- Up-to-date symlink: /home/genozen/Desktop/ros2_ws/install/rplidar_ros/share/rplidar_ros/launch/rplidar_a3.launch.py
[2.396s] -- Up-to-date symlink: /home/genozen/Desktop/ros2_ws/install/rplidar_ros/share/rplidar_ros/launch/rplidar_s1.launch.py
[2.398s] -- Up-to-date symlink: /home/genozen/Desktop/ros2_ws/install/rplidar_ros/share/rplidar_ros/launch/rplidar_s1_tcp.launch.py
[2.399s] -- Up-to-date symlink: /home/genozen/Desktop/ros2_ws/install/rplidar_ros/share/rplidar_ros/launch/test_rplidar_a3.launch.py
[2.400s] -- Up-to-date symlink: /home/genozen/Desktop/ros2_ws/install/rplidar_ros/share/rplidar_ros/launch/view_rplidar.launch.py
[2.401s] -- Up-to-date symlink: /home/genozen/Desktop/ros2_ws/install/rplidar_ros/share/rplidar_ros/launch/view_rplidar_a3.launch.py
[2.402s] -- Up-to-date symlink: /home/genozen/Desktop/ros2_ws/install/rplidar_ros/share/rplidar_ros/launch/view_rplidar_s1.launch.py
[2.403s] -- Up-to-date symlink: /home/genozen/Desktop/ros2_ws/install/rplidar_ros/share/rplidar_ros/launch/view_rplidar_s1_tcp.launch.py
[2.405s] -- Up-to-date symlink: /home/genozen/Desktop/ros2_ws/install/rplidar_ros/share/rplidar_ros/rviz/rplidar.rviz
[2.406s] -- Up-to-date symlink: /home/genozen/Desktop/ros2_ws/install/rplidar_ros/lib/librplidar_composition_node.so
[2.409s] -- Up-to-date symlink: /home/genozen/Desktop/ros2_ws/install/rplidar_ros/include/rplidar_node.hpp
[2.410s] -- Up-to-date symlink: /home/genozen/Desktop/ros2_ws/install/rplidar_ros/include/visibility.h
[2.412s] -- Up-to-date symlink: /home/genozen/Desktop/ros2_ws/install/rplidar_ros/lib/rplidar_ros/rplidar_composition
[2.414s] -- Up-to-date symlink: /home/genozen/Desktop/ros2_ws/install/rplidar_ros/share/ament_index/resource_index/package_run_dependencies/rplidar_ros
[2.415s] -- Up-to-date symlink: /home/genozen/Desktop/ros2_ws/install/rplidar_ros/share/ament_index/resource_index/parent_prefix_path/rplidar_ros
[2.417s] -- Up-to-date symlink: /home/genozen/Desktop/ros2_ws/install/rplidar_ros/share/rplidar_ros/environment/ament_prefix_path.sh
[2.418s] -- Up-to-date symlink: /home/genozen/Desktop/ros2_ws/install/rplidar_ros/share/rplidar_ros/environment/ament_prefix_path.dsv
[2.419s] -- Up-to-date symlink: /home/genozen/Desktop/ros2_ws/install/rplidar_ros/share/rplidar_ros/environment/path.sh
[2.420s] -- Up-to-date symlink: /home/genozen/Desktop/ros2_ws/install/rplidar_ros/share/rplidar_ros/environment/path.dsv
[2.421s] -- Up-to-date symlink: /home/genozen/Desktop/ros2_ws/install/rplidar_ros/share/rplidar_ros/local_setup.bash
[2.422s] -- Up-to-date symlink: /home/genozen/Desktop/ros2_ws/install/rplidar_ros/share/rplidar_ros/local_setup.sh
[2.424s] -- Up-to-date symlink: /home/genozen/Desktop/ros2_ws/install/rplidar_ros/share/rplidar_ros/local_setup.zsh
[2.425s] -- Up-to-date symlink: /home/genozen/Desktop/ros2_ws/install/rplidar_ros/share/rplidar_ros/local_setup.dsv
[2.426s] -- Symlinking: /home/genozen/Desktop/ros2_ws/install/rplidar_ros/share/rplidar_ros/package.dsv
[2.463s] -- Up-to-date symlink: /home/genozen/Desktop/ros2_ws/install/rplidar_ros/share/ament_index/resource_index/packages/rplidar_ros
[2.465s] -- Up-to-date symlink: /home/genozen/Desktop/ros2_ws/install/rplidar_ros/share/ament_index/resource_index/rclcpp_components/rplidar_ros
[2.466s] -- Up-to-date symlink: /home/genozen/Desktop/ros2_ws/install/rplidar_ros/share/rplidar_ros/cmake/ament_cmake_export_dependencies-extras.cmake
[2.467s] -- Up-to-date symlink: /home/genozen/Desktop/ros2_ws/install/rplidar_ros/share/rplidar_ros/cmake/ament_cmake_export_include_directories-extras.cmake
[2.469s] -- Up-to-date symlink: /home/genozen/Desktop/ros2_ws/install/rplidar_ros/share/rplidar_ros/cmake/rplidar_rosConfig.cmake
[2.470s] -- Up-to-date symlink: /home/genozen/Desktop/ros2_ws/install/rplidar_ros/share/rplidar_ros/cmake/rplidar_rosConfig-version.cmake
[2.471s] -- Up-to-date symlink: /home/genozen/Desktop/ros2_ws/install/rplidar_ros/share/rplidar_ros/package.xml
[2.488s] Invoked command in '/home/genozen/Desktop/ros2_ws/build/rplidar_ros' returned '0': CMAKE_PREFIX_PATH=${CMAKE_PREFIX_PATH}:/home/genozen/Desktop/ros2_ws/install/mobile_robotics:/opt/ros/humble /usr/bin/cmake --install /home/genozen/Desktop/ros2_ws/build/rplidar_ros
