[35m[1mConsolidate compiler generated dependencies of target sensor_base[0m
[35m[1mConsolidate compiler generated dependencies of target utils[0m
[  4%] [32mBuilding CXX object sensor/sensor_base/CMakeFiles/sensor_base.dir/sensor.cpp.o[0m
[  9%] [32mBuilding CXX object sensor/sensor_base/CMakeFiles/sensor_base.dir/sensorreading.cpp.o[0m
[ 13%] [32mBuilding CXX object utils/CMakeFiles/utils.dir/stat.cpp.o[0m
[ 18%] [32mBuilding CXX object utils/CMakeFiles/utils.dir/movement.cpp.o[0m
[ 22%] [32m[1mLinking CXX static library libsensor_base.a[0m
[ 22%] Built target sensor_base
[35m[1mConsolidate compiler generated dependencies of target sensor_odometry[0m
[35m[1mConsolidate compiler generated dependencies of target sensor_range[0m
[ 27%] [32mBuilding CXX object sensor/sensor_odometry/CMakeFiles/sensor_odometry.dir/odometrysensor.cpp.o[0m
[ 31%] [32mBuilding CXX object sensor/sensor_odometry/CMakeFiles/sensor_odometry.dir/odometryreading.cpp.o[0m
[ 36%] [32mBuilding CXX object sensor/sensor_range/CMakeFiles/sensor_range.dir/rangereading.cpp.o[0m
[ 40%] [32m[1mLinking CXX static library libutils.a[0m
[ 40%] Built target utils
[ 45%] [32mBuilding CXX object sensor/sensor_range/CMakeFiles/sensor_range.dir/rangesensor.cpp.o[0m
[ 50%] [32m[1mLinking CXX static library libsensor_odometry.a[0m
[ 50%] Built target sensor_odometry
[ 54%] [32m[1mLinking CXX static library libsensor_range.a[0m
[ 54%] Built target sensor_range
[35m[1mConsolidate compiler generated dependencies of target scanmatcher[0m
[ 59%] [32mBuilding CXX object scanmatcher/CMakeFiles/scanmatcher.dir/eig3.cpp.o[0m
[ 63%] [32mBuilding CXX object scanmatcher/CMakeFiles/scanmatcher.dir/scanmatcher.cpp.o[0m
[ 68%] [32mBuilding CXX object scanmatcher/CMakeFiles/scanmatcher.dir/smmap.cpp.o[0m
[ 72%] [32mBuilding CXX object scanmatcher/CMakeFiles/scanmatcher.dir/scanmatcherprocessor.cpp.o[0m
[ 77%] [32m[1mLinking CXX static library libscanmatcher.a[0m
[ 77%] Built target scanmatcher
[35m[1mConsolidate compiler generated dependencies of target gridfastslam[0m
[ 81%] [32mBuilding CXX object gridfastslam/CMakeFiles/gridfastslam.dir/gridslamprocessor.cpp.o[0m
[ 86%] [32mBuilding CXX object gridfastslam/CMakeFiles/gridfastslam.dir/gridslamprocessor_tree.cpp.o[0m
[ 90%] [32mBuilding CXX object gridfastslam/CMakeFiles/gridfastslam.dir/motionmodel.cpp.o[0m
[ 95%] [32mBuilding CXX object gridfastslam/CMakeFiles/gridfastslam.dir/gfsreader.cpp.o[0m
[100%] [32m[1mLinking CXX static library libgridfastslam.a[0m
[100%] Built target gridfastslam
-- Install configuration: ""
-- Up-to-date: /home/genozen/Desktop/ros2_ws/install/openslam_gmapping/share/openslam_gmapping/environment/library_path.sh
-- Up-to-date: /home/genozen/Desktop/ros2_ws/install/openslam_gmapping/share/openslam_gmapping/environment/library_path.dsv
-- Up-to-date: /home/genozen/Desktop/ros2_ws/install/openslam_gmapping/include/
-- Up-to-date: /home/genozen/Desktop/ros2_ws/install/openslam_gmapping/include//gmapping
-- Up-to-date: /home/genozen/Desktop/ros2_ws/install/openslam_gmapping/include//gmapping/sensor
-- Up-to-date: /home/genozen/Desktop/ros2_ws/install/openslam_gmapping/include//gmapping/sensor/sensor_odometry
-- Up-to-date: /home/genozen/Desktop/ros2_ws/install/openslam_gmapping/include//gmapping/sensor/sensor_odometry/odometrysensor.h
-- Up-to-date: /home/genozen/Desktop/ros2_ws/install/openslam_gmapping/include//gmapping/sensor/sensor_odometry/odometryreading.h
-- Up-to-date: /home/genozen/Desktop/ros2_ws/install/openslam_gmapping/include//gmapping/sensor/sensor_base
-- Up-to-date: /home/genozen/Desktop/ros2_ws/install/openslam_gmapping/include//gmapping/sensor/sensor_base/sensorreading.h
-- Up-to-date: /home/genozen/Desktop/ros2_ws/install/openslam_gmapping/include//gmapping/sensor/sensor_base/sensor.h
-- Up-to-date: /home/genozen/Desktop/ros2_ws/install/openslam_gmapping/include//gmapping/sensor/sensor_range
-- Up-to-date: /home/genozen/Desktop/ros2_ws/install/openslam_gmapping/include//gmapping/sensor/sensor_range/rangereading.h
-- Up-to-date: /home/genozen/Desktop/ros2_ws/install/openslam_gmapping/include//gmapping/sensor/sensor_range/rangesensor.h
-- Up-to-date: /home/genozen/Desktop/ros2_ws/install/openslam_gmapping/include//gmapping/grid
-- Up-to-date: /home/genozen/Desktop/ros2_ws/install/openslam_gmapping/include//gmapping/grid/accessstate.h
-- Up-to-date: /home/genozen/Desktop/ros2_ws/install/openslam_gmapping/include//gmapping/grid/array2d.h
-- Up-to-date: /home/genozen/Desktop/ros2_ws/install/openslam_gmapping/include//gmapping/grid/harray2d.h
-- Up-to-date: /home/genozen/Desktop/ros2_ws/install/openslam_gmapping/include//gmapping/grid/map.h
-- Up-to-date: /home/genozen/Desktop/ros2_ws/install/openslam_gmapping/include//gmapping/utils
-- Up-to-date: /home/genozen/Desktop/ros2_ws/install/openslam_gmapping/include//gmapping/utils/stat.h
-- Up-to-date: /home/genozen/Desktop/ros2_ws/install/openslam_gmapping/include//gmapping/utils/autoptr.h
-- Up-to-date: /home/genozen/Desktop/ros2_ws/install/openslam_gmapping/include//gmapping/utils/macro_params.h
-- Up-to-date: /home/genozen/Desktop/ros2_ws/install/openslam_gmapping/include//gmapping/utils/gvalues.h
-- Up-to-date: /home/genozen/Desktop/ros2_ws/install/openslam_gmapping/include//gmapping/utils/point.h
-- Up-to-date: /home/genozen/Desktop/ros2_ws/install/openslam_gmapping/include//gmapping/utils/commandline.h
-- Up-to-date: /home/genozen/Desktop/ros2_ws/install/openslam_gmapping/include//gmapping/log
-- Up-to-date: /home/genozen/Desktop/ros2_ws/install/openslam_gmapping/include//gmapping/log/sensorlog.h
-- Up-to-date: /home/genozen/Desktop/ros2_ws/install/openslam_gmapping/include//gmapping/log/configuration.h
-- Up-to-date: /home/genozen/Desktop/ros2_ws/install/openslam_gmapping/include//gmapping/gridfastslam
-- Up-to-date: /home/genozen/Desktop/ros2_ws/install/openslam_gmapping/include//gmapping/gridfastslam/gridslamprocessor.hxx
-- Up-to-date: /home/genozen/Desktop/ros2_ws/install/openslam_gmapping/include//gmapping/gridfastslam/gridslamprocessor.h
-- Up-to-date: /home/genozen/Desktop/ros2_ws/install/openslam_gmapping/include//gmapping/gridfastslam/motionmodel.h
-- Up-to-date: /home/genozen/Desktop/ros2_ws/install/openslam_gmapping/include//gmapping/particlefilter
-- Up-to-date: /home/genozen/Desktop/ros2_ws/install/openslam_gmapping/include//gmapping/particlefilter/particlefilter.h
-- Up-to-date: /home/genozen/Desktop/ros2_ws/install/openslam_gmapping/include//gmapping/scanmatcher
-- Up-to-date: /home/genozen/Desktop/ros2_ws/install/openslam_gmapping/include//gmapping/scanmatcher/smmap.h
-- Up-to-date: /home/genozen/Desktop/ros2_ws/install/openslam_gmapping/include//gmapping/scanmatcher/icp.h
-- Up-to-date: /home/genozen/Desktop/ros2_ws/install/openslam_gmapping/include//gmapping/scanmatcher/scanmatcher.h
-- Up-to-date: /home/genozen/Desktop/ros2_ws/install/openslam_gmapping/share/ament_index/resource_index/package_run_dependencies/openslam_gmapping
-- Up-to-date: /home/genozen/Desktop/ros2_ws/install/openslam_gmapping/share/ament_index/resource_index/parent_prefix_path/openslam_gmapping
-- Up-to-date: /home/genozen/Desktop/ros2_ws/install/openslam_gmapping/share/openslam_gmapping/environment/ament_prefix_path.sh
-- Up-to-date: /home/genozen/Desktop/ros2_ws/install/openslam_gmapping/share/openslam_gmapping/environment/ament_prefix_path.dsv
-- Up-to-date: /home/genozen/Desktop/ros2_ws/install/openslam_gmapping/share/openslam_gmapping/environment/path.sh
-- Up-to-date: /home/genozen/Desktop/ros2_ws/install/openslam_gmapping/share/openslam_gmapping/environment/path.dsv
-- Up-to-date: /home/genozen/Desktop/ros2_ws/install/openslam_gmapping/share/openslam_gmapping/local_setup.bash
-- Up-to-date: /home/genozen/Desktop/ros2_ws/install/openslam_gmapping/share/openslam_gmapping/local_setup.sh
-- Up-to-date: /home/genozen/Desktop/ros2_ws/install/openslam_gmapping/share/openslam_gmapping/local_setup.zsh
-- Up-to-date: /home/genozen/Desktop/ros2_ws/install/openslam_gmapping/share/openslam_gmapping/local_setup.dsv
-- Installing: /home/genozen/Desktop/ros2_ws/install/openslam_gmapping/share/openslam_gmapping/package.dsv
-- Up-to-date: /home/genozen/Desktop/ros2_ws/install/openslam_gmapping/share/ament_index/resource_index/packages/openslam_gmapping
-- Up-to-date: /home/genozen/Desktop/ros2_ws/install/openslam_gmapping/share/openslam_gmapping/cmake/ament_cmake_export_libraries-extras.cmake
-- Up-to-date: /home/genozen/Desktop/ros2_ws/install/openslam_gmapping/share/openslam_gmapping/cmake/ament_cmake_export_include_directories-extras.cmake
-- Up-to-date: /home/genozen/Desktop/ros2_ws/install/openslam_gmapping/share/openslam_gmapping/cmake/openslam_gmappingConfig.cmake
-- Up-to-date: /home/genozen/Desktop/ros2_ws/install/openslam_gmapping/share/openslam_gmapping/cmake/openslam_gmappingConfig-version.cmake
-- Up-to-date: /home/genozen/Desktop/ros2_ws/install/openslam_gmapping/share/openslam_gmapping/package.xml
-- Installing: /home/genozen/Desktop/ros2_ws/install/openslam_gmapping/lib/libgridfastslam.a
-- Installing: /home/genozen/Desktop/ros2_ws/install/openslam_gmapping/lib/libscanmatcher.a
-- Up-to-date: /home/genozen/Desktop/ros2_ws/install/openslam_gmapping/share/openslam_gmapping/environment/library_path.sh
-- Up-to-date: /home/genozen/Desktop/ros2_ws/install/openslam_gmapping/share/openslam_gmapping/environment/library_path.dsv
-- Installing: /home/genozen/Desktop/ros2_ws/install/openslam_gmapping/lib/libsensor_base.a
-- Up-to-date: /home/genozen/Desktop/ros2_ws/install/openslam_gmapping/share/openslam_gmapping/environment/library_path.sh
-- Up-to-date: /home/genozen/Desktop/ros2_ws/install/openslam_gmapping/share/openslam_gmapping/environment/library_path.dsv
-- Installing: /home/genozen/Desktop/ros2_ws/install/openslam_gmapping/lib/libsensor_odometry.a
-- Installing: /home/genozen/Desktop/ros2_ws/install/openslam_gmapping/lib/libsensor_range.a
-- Installing: /home/genozen/Desktop/ros2_ws/install/openslam_gmapping/lib/libutils.a
-- Up-to-date: /home/genozen/Desktop/ros2_ws/install/openslam_gmapping/share/openslam_gmapping/environment/library_path.sh
-- Up-to-date: /home/genozen/Desktop/ros2_ws/install/openslam_gmapping/share/openslam_gmapping/environment/library_path.dsv
