[1.975s] DEBUG:colcon:Command line arguments: ['/usr/bin/colcon', 'build', '--packages-select', 'my_first_robot']
[1.975s] DEBUG:colcon:Parsed command line arguments: Namespace(log_base=None, log_level=None, verb_name='build', build_base='build', install_base='install', merge_install=False, symlink_install=False, test_result_base=None, continue_on_error=False, executor='parallel', parallel_workers=4, event_handlers=None, ignore_user_meta=False, metas=['./colcon.meta'], base_paths=['.'], packages_ignore=None, packages_ignore_regex=None, paths=None, packages_up_to=None, packages_up_to_regex=None, packages_above=None, packages_above_and_dependencies=None, packages_above_depth=None, packages_select_by_dep=None, packages_skip_by_dep=None, packages_skip_up_to=None, packages_select_build_failed=False, packages_skip_build_finished=False, packages_select_test_failures=False, packages_skip_test_passed=False, packages_select=['my_first_robot'], packages_skip=None, packages_select_regex=None, packages_skip_regex=None, packages_start=None, packages_end=None, allow_overriding=[], cmake_args=None, cmake_target=None, cmake_target_skip_unavailable=False, cmake_clean_cache=False, cmake_clean_first=False, cmake_force_configure=False, ament_cmake_args=None, catkin_cmake_args=None, catkin_skip_building_tests=False, verb_parser=<colcon_defaults.argument_parser.defaults.DefaultArgumentsDecorator object at 0xffffab4a6c20>, verb_extension=<colcon_core.verb.build.BuildVerb object at 0xffffabd46050>, main=<bound method BuildVerb.main of <colcon_core.verb.build.BuildVerb object at 0xffffabd46050>>)
[2.174s] Level 1:colcon.colcon_core.package_discovery:discover_packages(colcon_meta) check parameters
[2.174s] Level 1:colcon.colcon_core.package_discovery:discover_packages(recursive) check parameters
[2.175s] Level 1:colcon.colcon_core.package_discovery:discover_packages(ignore) check parameters
[2.175s] Level 1:colcon.colcon_core.package_discovery:discover_packages(path) check parameters
[2.175s] Level 1:colcon.colcon_core.package_discovery:discover_packages(colcon_meta) discover
[2.176s] Level 1:colcon.colcon_core.package_discovery:discover_packages(recursive) discover
[2.176s] INFO:colcon.colcon_core.package_discovery:Crawling recursively for packages in '/home/genozen/Desktop/ros2_ws'
[2.177s] Level 1:colcon.colcon_core.package_identification:_identify(.) by extensions ['ignore', 'ignore_ament_install']
[2.177s] Level 1:colcon.colcon_core.package_identification:_identify(.) by extension 'ignore'
[2.178s] Level 1:colcon.colcon_core.package_identification:_identify(.) by extension 'ignore_ament_install'
[2.178s] Level 1:colcon.colcon_core.package_identification:_identify(.) by extensions ['colcon_pkg']
[2.179s] Level 1:colcon.colcon_core.package_identification:_identify(.) by extension 'colcon_pkg'
[2.180s] Level 1:colcon.colcon_core.package_identification:_identify(.) by extensions ['colcon_meta']
[2.180s] Level 1:colcon.colcon_core.package_identification:_identify(.) by extension 'colcon_meta'
[2.181s] Level 1:colcon.colcon_core.package_identification:_identify(.) by extensions ['ros']
[2.182s] Level 1:colcon.colcon_core.package_identification:_identify(.) by extension 'ros'
[2.239s] Level 1:colcon.colcon_core.package_identification:_identify(.) by extensions ['cmake', 'python']
[2.240s] Level 1:colcon.colcon_core.package_identification:_identify(.) by extension 'cmake'
[2.240s] Level 1:colcon.colcon_core.package_identification:_identify(.) by extension 'python'
[2.240s] Level 1:colcon.colcon_core.package_identification:_identify(.) by extensions ['python_setup_py']
[2.241s] Level 1:colcon.colcon_core.package_identification:_identify(.) by extension 'python_setup_py'
[2.241s] Level 1:colcon.colcon_core.package_identification:_identify(build) by extensions ['ignore', 'ignore_ament_install']
[2.242s] Level 1:colcon.colcon_core.package_identification:_identify(build) by extension 'ignore'
[2.242s] Level 1:colcon.colcon_core.package_identification:_identify(build) ignored
[2.243s] Level 1:colcon.colcon_core.package_identification:_identify(install) by extensions ['ignore', 'ignore_ament_install']
[2.244s] Level 1:colcon.colcon_core.package_identification:_identify(install) by extension 'ignore'
[2.244s] Level 1:colcon.colcon_core.package_identification:_identify(install) ignored
[2.245s] Level 1:colcon.colcon_core.package_identification:_identify(log) by extensions ['ignore', 'ignore_ament_install']
[2.246s] Level 1:colcon.colcon_core.package_identification:_identify(log) by extension 'ignore'
[2.246s] Level 1:colcon.colcon_core.package_identification:_identify(log) ignored
[2.247s] Level 1:colcon.colcon_core.package_identification:_identify(src) by extensions ['ignore', 'ignore_ament_install']
[2.247s] Level 1:colcon.colcon_core.package_identification:_identify(src) by extension 'ignore'
[2.248s] Level 1:colcon.colcon_core.package_identification:_identify(src) by extension 'ignore_ament_install'
[2.248s] Level 1:colcon.colcon_core.package_identification:_identify(src) by extensions ['colcon_pkg']
[2.248s] Level 1:colcon.colcon_core.package_identification:_identify(src) by extension 'colcon_pkg'
[2.249s] Level 1:colcon.colcon_core.package_identification:_identify(src) by extensions ['colcon_meta']
[2.249s] Level 1:colcon.colcon_core.package_identification:_identify(src) by extension 'colcon_meta'
[2.249s] Level 1:colcon.colcon_core.package_identification:_identify(src) by extensions ['ros']
[2.249s] Level 1:colcon.colcon_core.package_identification:_identify(src) by extension 'ros'
[2.250s] Level 1:colcon.colcon_core.package_identification:_identify(src) by extensions ['cmake', 'python']
[2.250s] Level 1:colcon.colcon_core.package_identification:_identify(src) by extension 'cmake'
[2.251s] Level 1:colcon.colcon_core.package_identification:_identify(src) by extension 'python'
[2.251s] Level 1:colcon.colcon_core.package_identification:_identify(src) by extensions ['python_setup_py']
[2.251s] Level 1:colcon.colcon_core.package_identification:_identify(src) by extension 'python_setup_py'
[2.252s] Level 1:colcon.colcon_core.package_identification:_identify(src/mobile_robotics) by extensions ['ignore', 'ignore_ament_install']
[2.253s] Level 1:colcon.colcon_core.package_identification:_identify(src/mobile_robotics) by extension 'ignore'
[2.253s] Level 1:colcon.colcon_core.package_identification:_identify(src/mobile_robotics) by extension 'ignore_ament_install'
[2.253s] Level 1:colcon.colcon_core.package_identification:_identify(src/mobile_robotics) by extensions ['colcon_pkg']
[2.254s] Level 1:colcon.colcon_core.package_identification:_identify(src/mobile_robotics) by extension 'colcon_pkg'
[2.254s] Level 1:colcon.colcon_core.package_identification:_identify(src/mobile_robotics) by extensions ['colcon_meta']
[2.254s] Level 1:colcon.colcon_core.package_identification:_identify(src/mobile_robotics) by extension 'colcon_meta'
[2.255s] Level 1:colcon.colcon_core.package_identification:_identify(src/mobile_robotics) by extensions ['ros']
[2.255s] Level 1:colcon.colcon_core.package_identification:_identify(src/mobile_robotics) by extension 'ros'
[2.266s] DEBUG:colcon.colcon_core.package_identification:Package 'src/mobile_robotics' with type 'ros.ament_python' and name 'mobile_robotics'
[2.267s] Level 1:colcon.colcon_core.package_identification:_identify(src/my_first_robot) by extensions ['ignore', 'ignore_ament_install']
[2.268s] Level 1:colcon.colcon_core.package_identification:_identify(src/my_first_robot) by extension 'ignore'
[2.268s] Level 1:colcon.colcon_core.package_identification:_identify(src/my_first_robot) by extension 'ignore_ament_install'
[2.269s] Level 1:colcon.colcon_core.package_identification:_identify(src/my_first_robot) by extensions ['colcon_pkg']
[2.269s] Level 1:colcon.colcon_core.package_identification:_identify(src/my_first_robot) by extension 'colcon_pkg'
[2.269s] Level 1:colcon.colcon_core.package_identification:_identify(src/my_first_robot) by extensions ['colcon_meta']
[2.269s] Level 1:colcon.colcon_core.package_identification:_identify(src/my_first_robot) by extension 'colcon_meta'
[2.270s] Level 1:colcon.colcon_core.package_identification:_identify(src/my_first_robot) by extensions ['ros']
[2.270s] Level 1:colcon.colcon_core.package_identification:_identify(src/my_first_robot) by extension 'ros'
[2.274s] DEBUG:colcon.colcon_core.package_identification:Package 'src/my_first_robot' with type 'ros.ament_python' and name 'my_first_robot'
[2.276s] Level 1:colcon.colcon_core.package_identification:_identify(src/rplidar_ros2) by extensions ['ignore', 'ignore_ament_install']
[2.277s] Level 1:colcon.colcon_core.package_identification:_identify(src/rplidar_ros2) by extension 'ignore'
[2.277s] Level 1:colcon.colcon_core.package_identification:_identify(src/rplidar_ros2) by extension 'ignore_ament_install'
[2.278s] Level 1:colcon.colcon_core.package_identification:_identify(src/rplidar_ros2) by extensions ['colcon_pkg']
[2.279s] Level 1:colcon.colcon_core.package_identification:_identify(src/rplidar_ros2) by extension 'colcon_pkg'
[2.280s] Level 1:colcon.colcon_core.package_identification:_identify(src/rplidar_ros2) by extensions ['colcon_meta']
[2.281s] Level 1:colcon.colcon_core.package_identification:_identify(src/rplidar_ros2) by extension 'colcon_meta'
[2.282s] Level 1:colcon.colcon_core.package_identification:_identify(src/rplidar_ros2) by extensions ['ros']
[2.282s] Level 1:colcon.colcon_core.package_identification:_identify(src/rplidar_ros2) by extension 'ros'
[2.287s] DEBUG:colcon.colcon_core.package_identification:Package 'src/rplidar_ros2' with type 'ros.ament_cmake' and name 'rplidar_ros'
[2.288s] Level 1:colcon.colcon_core.package_identification:_identify(src/slam_gmapping) by extensions ['ignore', 'ignore_ament_install']
[2.288s] Level 1:colcon.colcon_core.package_identification:_identify(src/slam_gmapping) by extension 'ignore'
[2.289s] Level 1:colcon.colcon_core.package_identification:_identify(src/slam_gmapping) by extension 'ignore_ament_install'
[2.290s] Level 1:colcon.colcon_core.package_identification:_identify(src/slam_gmapping) by extensions ['colcon_pkg']
[2.290s] Level 1:colcon.colcon_core.package_identification:_identify(src/slam_gmapping) by extension 'colcon_pkg'
[2.291s] Level 1:colcon.colcon_core.package_identification:_identify(src/slam_gmapping) by extensions ['colcon_meta']
[2.292s] Level 1:colcon.colcon_core.package_identification:_identify(src/slam_gmapping) by extension 'colcon_meta'
[2.293s] Level 1:colcon.colcon_core.package_identification:_identify(src/slam_gmapping) by extensions ['ros']
[2.293s] Level 1:colcon.colcon_core.package_identification:_identify(src/slam_gmapping) by extension 'ros'
[2.294s] Level 1:colcon.colcon_core.package_identification:_identify(src/slam_gmapping) by extensions ['cmake', 'python']
[2.295s] Level 1:colcon.colcon_core.package_identification:_identify(src/slam_gmapping) by extension 'cmake'
[2.296s] Level 1:colcon.colcon_core.package_identification:_identify(src/slam_gmapping) by extension 'python'
[2.296s] Level 1:colcon.colcon_core.package_identification:_identify(src/slam_gmapping) by extensions ['python_setup_py']
[2.297s] Level 1:colcon.colcon_core.package_identification:_identify(src/slam_gmapping) by extension 'python_setup_py'
[2.298s] Level 1:colcon.colcon_core.package_identification:_identify(src/slam_gmapping/openslam_gmapping) by extensions ['ignore', 'ignore_ament_install']
[2.299s] Level 1:colcon.colcon_core.package_identification:_identify(src/slam_gmapping/openslam_gmapping) by extension 'ignore'
[2.299s] Level 1:colcon.colcon_core.package_identification:_identify(src/slam_gmapping/openslam_gmapping) by extension 'ignore_ament_install'
[2.300s] Level 1:colcon.colcon_core.package_identification:_identify(src/slam_gmapping/openslam_gmapping) by extensions ['colcon_pkg']
[2.300s] Level 1:colcon.colcon_core.package_identification:_identify(src/slam_gmapping/openslam_gmapping) by extension 'colcon_pkg'
[2.300s] Level 1:colcon.colcon_core.package_identification:_identify(src/slam_gmapping/openslam_gmapping) by extensions ['colcon_meta']
[2.301s] Level 1:colcon.colcon_core.package_identification:_identify(src/slam_gmapping/openslam_gmapping) by extension 'colcon_meta'
[2.301s] Level 1:colcon.colcon_core.package_identification:_identify(src/slam_gmapping/openslam_gmapping) by extensions ['ros']
[2.301s] Level 1:colcon.colcon_core.package_identification:_identify(src/slam_gmapping/openslam_gmapping) by extension 'ros'
[2.304s] DEBUG:colcon.colcon_core.package_identification:Package 'src/slam_gmapping/openslam_gmapping' with type 'ros.ament_cmake' and name 'openslam_gmapping'
[2.305s] Level 1:colcon.colcon_core.package_identification:_identify(src/slam_gmapping/slam_gmapping) by extensions ['ignore', 'ignore_ament_install']
[2.306s] Level 1:colcon.colcon_core.package_identification:_identify(src/slam_gmapping/slam_gmapping) by extension 'ignore'
[2.307s] Level 1:colcon.colcon_core.package_identification:_identify(src/slam_gmapping/slam_gmapping) by extension 'ignore_ament_install'
[2.307s] Level 1:colcon.colcon_core.package_identification:_identify(src/slam_gmapping/slam_gmapping) by extensions ['colcon_pkg']
[2.307s] Level 1:colcon.colcon_core.package_identification:_identify(src/slam_gmapping/slam_gmapping) by extension 'colcon_pkg'
[2.308s] Level 1:colcon.colcon_core.package_identification:_identify(src/slam_gmapping/slam_gmapping) by extensions ['colcon_meta']
[2.308s] Level 1:colcon.colcon_core.package_identification:_identify(src/slam_gmapping/slam_gmapping) by extension 'colcon_meta'
[2.308s] Level 1:colcon.colcon_core.package_identification:_identify(src/slam_gmapping/slam_gmapping) by extensions ['ros']
[2.309s] Level 1:colcon.colcon_core.package_identification:_identify(src/slam_gmapping/slam_gmapping) by extension 'ros'
[2.315s] DEBUG:colcon.colcon_core.package_identification:Package 'src/slam_gmapping/slam_gmapping' with type 'ros.ament_cmake' and name 'slam_gmapping'
[2.316s] Level 1:colcon.colcon_core.package_discovery:discover_packages(recursive) using defaults
[2.316s] Level 1:colcon.colcon_core.package_discovery:discover_packages(ignore) discover
[2.316s] Level 1:colcon.colcon_core.package_discovery:discover_packages(ignore) using defaults
[2.317s] Level 1:colcon.colcon_core.package_discovery:discover_packages(path) discover
[2.317s] Level 1:colcon.colcon_core.package_discovery:discover_packages(path) using defaults
[2.431s] INFO:colcon.colcon_core.package_selection:Skipping not selected package 'mobile_robotics' in 'src/mobile_robotics'
[2.431s] INFO:colcon.colcon_core.package_selection:Skipping not selected package 'openslam_gmapping' in 'src/slam_gmapping/openslam_gmapping'
[2.432s] INFO:colcon.colcon_core.package_selection:Skipping not selected package 'rplidar_ros' in 'src/rplidar_ros2'
[2.432s] INFO:colcon.colcon_core.package_selection:Skipping not selected package 'slam_gmapping' in 'src/slam_gmapping/slam_gmapping'
[2.436s] Level 1:colcon.colcon_core.package_discovery:discover_packages(prefix_path) check parameters
[2.436s] Level 1:colcon.colcon_core.package_discovery:discover_packages(prefix_path) discover
[2.455s] DEBUG:colcon.colcon_installed_package_information.package_discovery:Found 6 installed packages in /home/genozen/Desktop/ros2_ws/install
[2.469s] DEBUG:colcon.colcon_installed_package_information.package_discovery:Found 270 installed packages in /opt/ros/humble
[2.478s] Level 1:colcon.colcon_core.package_discovery:discover_packages(prefix_path) using defaults
[2.852s] Level 5:colcon.colcon_core.verb:set package 'my_first_robot' build argument 'cmake_args' from command line to 'None'
[2.853s] Level 5:colcon.colcon_core.verb:set package 'my_first_robot' build argument 'cmake_target' from command line to 'None'
[2.854s] Level 5:colcon.colcon_core.verb:set package 'my_first_robot' build argument 'cmake_target_skip_unavailable' from command line to 'False'
[2.854s] Level 5:colcon.colcon_core.verb:set package 'my_first_robot' build argument 'cmake_clean_cache' from command line to 'False'
[2.855s] Level 5:colcon.colcon_core.verb:set package 'my_first_robot' build argument 'cmake_clean_first' from command line to 'False'
[2.855s] Level 5:colcon.colcon_core.verb:set package 'my_first_robot' build argument 'cmake_force_configure' from command line to 'False'
[2.855s] Level 5:colcon.colcon_core.verb:set package 'my_first_robot' build argument 'ament_cmake_args' from command line to 'None'
[2.855s] Level 5:colcon.colcon_core.verb:set package 'my_first_robot' build argument 'catkin_cmake_args' from command line to 'None'
[2.855s] Level 5:colcon.colcon_core.verb:set package 'my_first_robot' build argument 'catkin_skip_building_tests' from command line to 'False'
[2.856s] DEBUG:colcon.colcon_core.verb:Building package 'my_first_robot' with the following arguments: {'ament_cmake_args': None, 'build_base': '/home/genozen/Desktop/ros2_ws/build/my_first_robot', 'catkin_cmake_args': None, 'catkin_skip_building_tests': False, 'cmake_args': None, 'cmake_clean_cache': False, 'cmake_clean_first': False, 'cmake_force_configure': False, 'cmake_target': None, 'cmake_target_skip_unavailable': False, 'install_base': '/home/genozen/Desktop/ros2_ws/install/my_first_robot', 'merge_install': False, 'path': '/home/genozen/Desktop/ros2_ws/src/my_first_robot', 'symlink_install': False, 'test_result_base': None}
[2.860s] INFO:colcon.colcon_core.executor:Executing jobs using 'parallel' executor
[2.877s] DEBUG:colcon.colcon_parallel_executor.executor.parallel:run_until_complete
[2.878s] INFO:colcon.colcon_ros.task.ament_python.build:Building ROS package in '/home/genozen/Desktop/ros2_ws/src/my_first_robot' with build type 'ament_python'
[2.879s] Level 1:colcon.colcon_core.shell:create_environment_hook('my_first_robot', 'ament_prefix_path')
[2.904s] INFO:colcon.colcon_core.plugin_system:Skipping extension 'colcon_core.shell.bat': Not used on non-Windows systems
[2.905s] INFO:colcon.colcon_core.shell:Creating environment hook '/home/genozen/Desktop/ros2_ws/install/my_first_robot/share/my_first_robot/hook/ament_prefix_path.ps1'
[2.908s] INFO:colcon.colcon_core.shell:Creating environment descriptor '/home/genozen/Desktop/ros2_ws/install/my_first_robot/share/my_first_robot/hook/ament_prefix_path.dsv'
[2.910s] INFO:colcon.colcon_core.shell:Creating environment hook '/home/genozen/Desktop/ros2_ws/install/my_first_robot/share/my_first_robot/hook/ament_prefix_path.sh'
[2.920s] INFO:colcon.colcon_core.shell:Skip shell extension 'powershell' for command environment: Not usable outside of PowerShell
[2.920s] DEBUG:colcon.colcon_core.shell:Skip shell extension 'dsv' for command environment
[4.639s] INFO:colcon.colcon_core.task.python.build:Building Python package in '/home/genozen/Desktop/ros2_ws/src/my_first_robot'
[4.648s] INFO:colcon.colcon_core.shell:Skip shell extension 'powershell' for command environment: Not usable outside of PowerShell
[4.648s] DEBUG:colcon.colcon_core.shell:Skip shell extension 'dsv' for command environment
[6.788s] DEBUG:colcon.colcon_core.event_handler.log_command:Invoking command in '/home/genozen/Desktop/ros2_ws/src/my_first_robot': PYTHONPATH=/home/genozen/Desktop/ros2_ws/build/my_first_robot/prefix_override:/home/genozen/Desktop/ros2_ws/install/my_first_robot/lib/python3.10/site-packages:${PYTHONPATH} /usr/bin/python3 setup.py egg_info --egg-base ../../build/my_first_robot build --build-base /home/genozen/Desktop/ros2_ws/build/my_first_robot/build install --record /home/genozen/Desktop/ros2_ws/build/my_first_robot/install.log --single-version-externally-managed
[8.646s] DEBUG:colcon.colcon_core.event_handler.log_command:Invoked command in '/home/genozen/Desktop/ros2_ws/src/my_first_robot' returned '0': PYTHONPATH=/home/genozen/Desktop/ros2_ws/build/my_first_robot/prefix_override:/home/genozen/Desktop/ros2_ws/install/my_first_robot/lib/python3.10/site-packages:${PYTHONPATH} /usr/bin/python3 setup.py egg_info --egg-base ../../build/my_first_robot build --build-base /home/genozen/Desktop/ros2_ws/build/my_first_robot/build install --record /home/genozen/Desktop/ros2_ws/build/my_first_robot/install.log --single-version-externally-managed
[8.669s] Level 1:colcon.colcon_core.environment:checking '/home/genozen/Desktop/ros2_ws/install/my_first_robot' for CMake module files
[8.674s] Level 1:colcon.colcon_core.environment:checking '/home/genozen/Desktop/ros2_ws/install/my_first_robot' for CMake config files
[8.684s] Level 1:colcon.colcon_core.environment:checking '/home/genozen/Desktop/ros2_ws/install/my_first_robot/lib'
[8.686s] Level 1:colcon.colcon_core.environment:checking '/home/genozen/Desktop/ros2_ws/install/my_first_robot/bin'
[8.699s] Level 1:colcon.colcon_core.environment:checking '/home/genozen/Desktop/ros2_ws/install/my_first_robot/lib/pkgconfig/my_first_robot.pc'
[8.701s] Level 1:colcon.colcon_core.environment:checking '/home/genozen/Desktop/ros2_ws/install/my_first_robot/lib/python3.10/site-packages'
[8.701s] Level 1:colcon.colcon_core.shell:create_environment_hook('my_first_robot', 'pythonpath')
[8.709s] INFO:colcon.colcon_core.shell:Creating environment hook '/home/genozen/Desktop/ros2_ws/install/my_first_robot/share/my_first_robot/hook/pythonpath.ps1'
[8.723s] INFO:colcon.colcon_core.shell:Creating environment descriptor '/home/genozen/Desktop/ros2_ws/install/my_first_robot/share/my_first_robot/hook/pythonpath.dsv'
[8.726s] INFO:colcon.colcon_core.shell:Creating environment hook '/home/genozen/Desktop/ros2_ws/install/my_first_robot/share/my_first_robot/hook/pythonpath.sh'
[8.729s] Level 1:colcon.colcon_core.environment:checking '/home/genozen/Desktop/ros2_ws/install/my_first_robot/bin'
[8.730s] Level 1:colcon.colcon_core.environment:create_environment_scripts_only(my_first_robot)
[8.741s] INFO:colcon.colcon_core.shell:Creating package script '/home/genozen/Desktop/ros2_ws/install/my_first_robot/share/my_first_robot/package.ps1'
[8.747s] INFO:colcon.colcon_core.shell:Creating package descriptor '/home/genozen/Desktop/ros2_ws/install/my_first_robot/share/my_first_robot/package.dsv'
[8.752s] INFO:colcon.colcon_core.shell:Creating package script '/home/genozen/Desktop/ros2_ws/install/my_first_robot/share/my_first_robot/package.sh'
[8.756s] INFO:colcon.colcon_core.shell:Creating package script '/home/genozen/Desktop/ros2_ws/install/my_first_robot/share/my_first_robot/package.bash'
[8.760s] INFO:colcon.colcon_core.shell:Creating package script '/home/genozen/Desktop/ros2_ws/install/my_first_robot/share/my_first_robot/package.zsh'
[8.764s] Level 1:colcon.colcon_core.environment:create_file_with_runtime_dependencies(/home/genozen/Desktop/ros2_ws/install/my_first_robot/share/colcon-core/packages/my_first_robot)
[8.769s] DEBUG:colcon.colcon_parallel_executor.executor.parallel:closing loop
[8.770s] DEBUG:colcon.colcon_parallel_executor.executor.parallel:loop closed
[8.771s] DEBUG:colcon.colcon_parallel_executor.executor.parallel:run_until_complete finished with '0'
[8.771s] DEBUG:colcon.colcon_core.event_reactor:joining thread
[8.804s] INFO:colcon.colcon_core.plugin_system:Skipping extension 'colcon_notification.desktop_notification.terminal_notifier': Not used on non-Darwin systems
[8.805s] INFO:colcon.colcon_core.plugin_system:Skipping extension 'colcon_notification.desktop_notification.win32': Not used on non-Windows systems
[8.805s] INFO:colcon.colcon_notification.desktop_notification:Sending desktop notification using 'notify2'
[8.813s] DEBUG:colcon.colcon_notification.desktop_notification.notify2:Failed to initialize notify2: org.freedesktop.DBus.Error.ServiceUnknown: The name org.freedesktop.Notifications was not provided by any .service files
[8.813s] DEBUG:colcon.colcon_core.event_reactor:joined thread
[8.822s] INFO:colcon.colcon_core.shell:Creating prefix script '/home/genozen/Desktop/ros2_ws/install/local_setup.ps1'
[8.830s] INFO:colcon.colcon_core.shell:Creating prefix util module '/home/genozen/Desktop/ros2_ws/install/_local_setup_util_ps1.py'
[8.838s] INFO:colcon.colcon_core.shell:Creating prefix chain script '/home/genozen/Desktop/ros2_ws/install/setup.ps1'
[8.860s] INFO:colcon.colcon_core.shell:Creating prefix script '/home/genozen/Desktop/ros2_ws/install/local_setup.sh'
[8.863s] INFO:colcon.colcon_core.shell:Creating prefix util module '/home/genozen/Desktop/ros2_ws/install/_local_setup_util_sh.py'
[8.866s] INFO:colcon.colcon_core.shell:Creating prefix chain script '/home/genozen/Desktop/ros2_ws/install/setup.sh'
[8.877s] INFO:colcon.colcon_core.shell:Creating prefix script '/home/genozen/Desktop/ros2_ws/install/local_setup.bash'
[8.883s] INFO:colcon.colcon_core.shell:Creating prefix chain script '/home/genozen/Desktop/ros2_ws/install/setup.bash'
[8.900s] INFO:colcon.colcon_core.shell:Creating prefix script '/home/genozen/Desktop/ros2_ws/install/local_setup.zsh'
[8.957s] INFO:colcon.colcon_core.shell:Creating prefix chain script '/home/genozen/Desktop/ros2_ws/install/setup.zsh'
