[3.158s] Invoking command in '/home/genozen/Desktop/ros2_ws/src/my_first_robot': PYTHONPATH=/home/genozen/Desktop/ros2_ws/build/my_first_robot/prefix_override:/home/genozen/Desktop/ros2_ws/install/my_first_robot/lib/python3.10/site-packages:${PYTHONPATH} /usr/bin/python3 setup.py egg_info --egg-base ../../build/my_first_robot build --build-base /home/genozen/Desktop/ros2_ws/build/my_first_robot/build install --record /home/genozen/Desktop/ros2_ws/build/my_first_robot/install.log --single-version-externally-managed
[4.401s] running egg_info
[4.405s] writing ../../build/my_first_robot/my_first_robot.egg-info/PKG-INFO
[4.406s] writing dependency_links to ../../build/my_first_robot/my_first_robot.egg-info/dependency_links.txt
[4.407s] writing entry points to ../../build/my_first_robot/my_first_robot.egg-info/entry_points.txt
[4.408s] writing requirements to ../../build/my_first_robot/my_first_robot.egg-info/requires.txt
[4.409s] writing top-level names to ../../build/my_first_robot/my_first_robot.egg-info/top_level.txt
[4.418s] reading manifest file '../../build/my_first_robot/my_first_robot.egg-info/SOURCES.txt'
[4.423s] writing manifest file '../../build/my_first_robot/my_first_robot.egg-info/SOURCES.txt'
[4.424s] running build
[4.425s] running build_py
[4.425s] copying my_first_robot/my_first_robot_driver.py -> /home/genozen/Desktop/ros2_ws/build/my_first_robot/build/lib/my_first_robot
[4.427s] running install
[4.429s] /usr/lib/python3/dist-packages/setuptools/command/install.py:34: SetuptoolsDeprecationWarning: setup.py install is deprecated. Use build and pip and other standards-based tools.
[4.429s]   warnings.warn(
[4.439s] running install_lib
[4.440s] copying /home/genozen/Desktop/ros2_ws/build/my_first_robot/build/lib/my_first_robot/my_first_robot_driver.py -> /home/genozen/Desktop/ros2_ws/install/my_first_robot/lib/python3.10/site-packages/my_first_robot
[4.441s] byte-compiling /home/genozen/Desktop/ros2_ws/install/my_first_robot/lib/python3.10/site-packages/my_first_robot/my_first_robot_driver.py to my_first_robot_driver.cpython-310.pyc
[4.449s] running install_data
[4.450s] running install_egg_info
[4.455s] removing '/home/genozen/Desktop/ros2_ws/install/my_first_robot/lib/python3.10/site-packages/my_first_robot-0.0.0-py3.10.egg-info' (and everything under it)
[4.458s] Copying ../../build/my_first_robot/my_first_robot.egg-info to /home/genozen/Desktop/ros2_ws/install/my_first_robot/lib/python3.10/site-packages/my_first_robot-0.0.0-py3.10.egg-info
[4.467s] running install_scripts
[4.564s] Installing joystick_listener script to /home/genozen/Desktop/ros2_ws/install/my_first_robot/lib/my_first_robot
[4.582s] writing list of installed files to '/home/genozen/Desktop/ros2_ws/build/my_first_robot/install.log'
[4.711s] Invoked command in '/home/genozen/Desktop/ros2_ws/src/my_first_robot' returned '0': PYTHONPATH=/home/genozen/Desktop/ros2_ws/build/my_first_robot/prefix_override:/home/genozen/Desktop/ros2_ws/install/my_first_robot/lib/python3.10/site-packages:${PYTHONPATH} /usr/bin/python3 setup.py egg_info --egg-base ../../build/my_first_robot build --build-base /home/genozen/Desktop/ros2_ws/build/my_first_robot/build install --record /home/genozen/Desktop/ros2_ws/build/my_first_robot/install.log --single-version-externally-managed
