[1.336s] Invoking command in '/home/genozen/Desktop/ros2_ws/build/rplidar_ros': CMAKE_PREFIX_PATH=/opt/ros/humble /usr/bin/cmake /home/genozen/Desktop/ros2_ws/src/rplidar_ros2 -DAMENT_CMAKE_SYMLINK_INSTALL=1 -DCMAKE_INSTALL_PREFIX=/home/genozen/Desktop/ros2_ws/install/rplidar_ros
[3.966s] -- The C compiler identification is GNU 11.3.0
[4.952s] -- The CXX compiler identification is GNU 11.3.0
[5.011s] -- Detecting C compiler ABI info
[5.493s] -- Detecting C compiler ABI info - done
[5.526s] -- Check for working C compiler: /usr/bin/cc - skipped
[5.528s] -- Detecting C compile features
[5.532s] -- Detecting C compile features - done
[5.551s] -- Detecting CXX compiler ABI info
[5.983s] -- Detecting CXX compiler ABI info - done
[6.016s] -- Check for working CXX compiler: /usr/bin/c++ - skipped
[6.017s] -- Detecting CXX compile features
[6.019s] -- Detecting CXX compile features - done
[6.053s] -- Found ament_cmake_auto: 1.3.3 (/opt/ros/humble/share/ament_cmake_auto/cmake)
[7.173s] -- Found Python3: /usr/bin/python3.10 (found version "3.10.6") found components: Interpreter 
[9.434s] -- Override CMake install command with custom implementation using symlinks instead of copying resources
[10.113s] -- Found ament_cmake_ros: 0.10.0 (/opt/ros/humble/share/ament_cmake_ros/cmake)
[11.119s] -- Found rosidl_generator_c: 3.1.4 (/opt/ros/humble/share/rosidl_generator_c/cmake)
[11.190s] -- Found rosidl_adapter: 3.1.4 (/opt/ros/humble/share/rosidl_adapter/cmake)
[11.279s] -- Found rosidl_generator_cpp: 3.1.4 (/opt/ros/humble/share/rosidl_generator_cpp/cmake)
[11.399s] -- Using all available rosidl_typesupport_c: rosidl_typesupport_fastrtps_c;rosidl_typesupport_introspection_c
[11.566s] -- Using all available rosidl_typesupport_cpp: rosidl_typesupport_fastrtps_cpp;rosidl_typesupport_introspection_cpp
[12.045s] -- Found rmw_implementation_cmake: 6.1.1 (/opt/ros/humble/share/rmw_implementation_cmake/cmake)
[12.077s] -- Found rmw_fastrtps_cpp: 6.2.2 (/opt/ros/humble/share/rmw_fastrtps_cpp/cmake)
[12.873s] -- Found OpenSSL: /usr/lib/aarch64-linux-gnu/libcrypto.so (found version "3.0.2")  
[13.176s] -- Found FastRTPS: /opt/ros/humble/include  
[13.687s] -- Using RMW implementation 'rmw_fastrtps_cpp' as default
[13.796s] -- Looking for pthread.h
[14.359s] -- Looking for pthread.h - found
[14.360s] -- Performing Test CMAKE_HAVE_LIBC_PTHREAD
[14.760s] -- Performing Test CMAKE_HAVE_LIBC_PTHREAD - Success
[14.765s] -- Found Threads: TRUE  
[17.163s] -- Configuring done
[17.355s] -- Generating done
[17.367s] -- Build files have been written to: /home/genozen/Desktop/ros2_ws/build/rplidar_ros
[17.416s] Invoked command in '/home/genozen/Desktop/ros2_ws/build/rplidar_ros' returned '0': CMAKE_PREFIX_PATH=/opt/ros/humble /usr/bin/cmake /home/genozen/Desktop/ros2_ws/src/rplidar_ros2 -DAMENT_CMAKE_SYMLINK_INSTALL=1 -DCMAKE_INSTALL_PREFIX=/home/genozen/Desktop/ros2_ws/install/rplidar_ros
[17.428s] Invoking command in '/home/genozen/Desktop/ros2_ws/build/rplidar_ros': CMAKE_PREFIX_PATH=/opt/ros/humble /usr/bin/cmake --build /home/genozen/Desktop/ros2_ws/build/rplidar_ros -- -j4 -l4
[17.687s] [ 11%] [32mBuilding CXX object CMakeFiles/rplidar_composition_node.dir/src/rplidar_node.cpp.o[0m
[17.733s] [ 22%] [32mBuilding CXX object CMakeFiles/rplidar_composition_node.dir/sdk/src/arch/linux/net_socket.cpp.o[0m
[17.733s] [ 33%] [32mBuilding CXX object CMakeFiles/rplidar_composition_node.dir/sdk/src/arch/linux/net_serial.cpp.o[0m
[17.737s] [ 44%] [32mBuilding CXX object CMakeFiles/rplidar_composition_node.dir/sdk/src/arch/linux/timer.cpp.o[0m
[21.046s] In file included from [01m[K/home/genozen/Desktop/ros2_ws/src/rplidar_ros2/./sdk/include/rplidar.h:39[m[K,
[21.047s]                  from [01m[K/home/genozen/Desktop/ros2_ws/src/rplidar_ros2/./sdk/src/sdkcommon.h:48[m[K,
[21.048s]                  from [01m[K/home/genozen/Desktop/ros2_ws/src/rplidar_ros2/sdk/src/arch/linux/net_socket.cpp:10[m[K:
[21.049s] [01m[K/home/genozen/Desktop/ros2_ws/src/rplidar_ros2/./sdk/include/rplidar_protocol.h:59:14:[m[K [01;35m[Kwarning: [m[KISO C++ forbids zero-size array ‘[01m[Kdata[m[K’ [[01;35m[K-Wpedantic[m[K]
[21.050s]    59 |     _u8 data[[01;35m[K0[m[K];
[21.051s]       |              [01;35m[K^[m[K
[21.053s] In file included from [01m[K/home/genozen/Desktop/ros2_ws/src/rplidar_ros2/./sdk/include/rplidar.h:40[m[K,
[21.053s]                  from [01m[K/home/genozen/Desktop/ros2_ws/src/rplidar_ros2/./sdk/src/sdkcommon.h:48[m[K,
[21.054s]                  from [01m[K/home/genozen/Desktop/ros2_ws/src/rplidar_ros2/sdk/src/arch/linux/net_socket.cpp:10[m[K:
[21.055s] [01m[K/home/genozen/Desktop/ros2_ws/src/rplidar_ros2/./sdk/include/rplidar_cmd.h:260:18:[m[K [01;35m[Kwarning: [m[KISO C++ forbids zero-size array ‘[01m[Kpayload[m[K’ [[01;35m[K-Wpedantic[m[K]
[21.056s]   260 |     _u8  payload[[01;35m[K0[m[K];
[21.057s]       |                  [01;35m[K^[m[K
[21.109s] [01m[K/home/genozen/Desktop/ros2_ws/src/rplidar_ros2/sdk/src/arch/linux/net_socket.cpp:[m[K In member function ‘[01m[Kvirtual u_result rp::arch::net::StreamSocketImpl::send(const void*, size_t)[m[K’:
[21.110s] [01m[K/home/genozen/Desktop/ros2_ws/src/rplidar_ros2/sdk/src/arch/linux/net_socket.cpp:438:17:[m[K [01;35m[Kwarning: [m[Kcomparison of integer expressions of different signedness: ‘[01m[Ksize_t[m[K’ {aka ‘[01m[Klong unsigned int[m[K’} and ‘[01m[Kint[m[K’ [[01;35m[K-Wsign-compare[m[K]
[21.111s]   438 |         if ([01;35m[Kans == (int)len[m[K) {
[21.112s]       |             [01;35m[K~~~~^~~~~~~~~~~[m[K
[21.125s] In file included from [01m[K/home/genozen/Desktop/ros2_ws/src/rplidar_ros2/./sdk/src/arch/linux/arch_linux.h:42[m[K,
[21.126s]                  from [01m[K/home/genozen/Desktop/ros2_ws/src/rplidar_ros2/./sdk/src/sdkcommon.h:40[m[K,
[21.127s]                  from [01m[K/home/genozen/Desktop/ros2_ws/src/rplidar_ros2/sdk/src/arch/linux/net_socket.cpp:10[m[K:
[21.128s] [01m[K/home/genozen/Desktop/ros2_ws/src/rplidar_ros2/sdk/src/arch/linux/net_socket.cpp:[m[K In member function ‘[01m[Kvirtual u_result rp::arch::net::DGramSocketImpl::sendTo(const rp::net::SocketAddress&, const void*, size_t)[m[K’:
[21.129s] [01m[K/home/genozen/Desktop/ros2_ws/src/rplidar_ros2/sdk/src/arch/linux/net_socket.cpp:726:24:[m[K [01;35m[Kwarning: [m[Kcomparison of integer expressions of different signedness: ‘[01m[Ksize_t[m[K’ {aka ‘[01m[Klong unsigned int[m[K’} and ‘[01m[Kint[m[K’ [[01;35m[K-Wsign-compare[m[K]
[21.130s]   726 |             assert([01;35m[Kans == (int)len[m[K);
[21.131s]       |                    [01;35m[K~~~~^~~~~~~~~~~[m[K
[21.358s] [ 55%] [32mBuilding CXX object CMakeFiles/rplidar_composition_node.dir/sdk/src/hal/thread.cpp.o[0m
[21.600s] In file included from [01m[K/home/genozen/Desktop/ros2_ws/src/rplidar_ros2/src/rplidar_node.cpp:36[m[K:
[21.601s] [01m[K/home/genozen/Desktop/ros2_ws/src/rplidar_ros2/include/rplidar_node.hpp:50:[m[K [01;35m[Kwarning: [m[K"M_PI" redefined
[21.601s]    50 | #define M_PI 3.1415926535897932384626433832795
[21.602s]       | 
[21.603s] In file included from [01m[K/usr/include/c++/11/cmath:45[m[K,
[21.604s]                  from [01m[K/opt/ros/humble/include/libstatistics_collector/libstatistics_collector/moving_average_statistics/types.hpp:18[m[K,
[21.605s]                  from [01m[K/opt/ros/humble/include/libstatistics_collector/libstatistics_collector/collector/generate_statistics_message.hpp:24[m[K,
[21.606s]                  from [01m[K/opt/ros/humble/include/rclcpp/rclcpp/topic_statistics/subscription_topic_statistics.hpp:23[m[K,
[21.606s]                  from [01m[K/opt/ros/humble/include/rclcpp/rclcpp/subscription.hpp:50[m[K,
[21.607s]                  from [01m[K/opt/ros/humble/include/rclcpp/rclcpp/any_executable.hpp:25[m[K,
[21.607s]                  from [01m[K/opt/ros/humble/include/rclcpp/rclcpp/memory_strategy.hpp:25[m[K,
[21.608s]                  from [01m[K/opt/ros/humble/include/rclcpp/rclcpp/memory_strategies.hpp:18[m[K,
[21.609s]                  from [01m[K/opt/ros/humble/include/rclcpp/rclcpp/executor_options.hpp:20[m[K,
[21.610s]                  from [01m[K/opt/ros/humble/include/rclcpp/rclcpp/executor.hpp:37[m[K,
[21.610s]                  from [01m[K/opt/ros/humble/include/rclcpp/rclcpp/executors/multi_threaded_executor.hpp:25[m[K,
[21.611s]                  from [01m[K/opt/ros/humble/include/rclcpp/rclcpp/executors.hpp:21[m[K,
[21.612s]                  from [01m[K/opt/ros/humble/include/rclcpp/rclcpp/rclcpp.hpp:155[m[K,
[21.612s]                  from [01m[K/home/genozen/Desktop/ros2_ws/src/rplidar_ros2/include/rplidar_node.hpp:34[m[K,
[21.613s]                  from [01m[K/home/genozen/Desktop/ros2_ws/src/rplidar_ros2/src/rplidar_node.cpp:36[m[K:
[21.613s] [01m[K/usr/include/math.h:1151:[m[K [01;36m[Knote: [m[Kthis is the location of the previous definition
[21.614s]  1151 | # define M_PI           3.14159265358979323846  /* pi */
[21.615s]       | 
[21.722s] [01m[K/home/genozen/Desktop/ros2_ws/src/rplidar_ros2/sdk/src/arch/linux/net_serial.cpp:[m[K In member function ‘[01m[Kbool rp::arch::net::raw_serial::open(const char*, uint32_t, uint32_t)[m[K’:
[21.722s] [01m[K/home/genozen/Desktop/ros2_ws/src/rplidar_ros2/sdk/src/arch/linux/net_serial.cpp:97:74:[m[K [01;35m[Kwarning: [m[Kunused parameter ‘[01m[Kflags[m[K’ [[01;35m[K-Wunused-parameter[m[K]
[21.723s]    97 | bool raw_serial::open(const char * portname, uint32_t baudrate, [01;35m[Kuint32_t flags[m[K)
[21.725s]       |                                                                 [01;35m[K~~~~~~~~~^~~~~[m[K
[21.726s] [01m[K/home/genozen/Desktop/ros2_ws/src/rplidar_ros2/sdk/src/arch/linux/net_serial.cpp:[m[K In member function ‘[01m[Kvirtual void rp::arch::net::raw_serial::flush(_u32)[m[K’:
[21.727s] [01m[K/home/genozen/Desktop/ros2_ws/src/rplidar_ros2/sdk/src/arch/linux/net_serial.cpp:281:30:[m[K [01;35m[Kwarning: [m[Kunused parameter ‘[01m[Kflags[m[K’ [[01;35m[K-Wunused-parameter[m[K]
[21.728s]   281 | void raw_serial::flush( [01;35m[K_u32 flags[m[K)
[21.728s]       |                         [01;35m[K~~~~~^~~~~[m[K
[21.729s] [01m[K/home/genozen/Desktop/ros2_ws/src/rplidar_ros2/sdk/src/arch/linux/net_serial.cpp:[m[K In member function ‘[01m[Kvirtual int rp::arch::net::raw_serial::waitforsent(_u32, size_t*)[m[K’:
[21.730s] [01m[K/home/genozen/Desktop/ros2_ws/src/rplidar_ros2/sdk/src/arch/linux/net_serial.cpp:286:34:[m[K [01;35m[Kwarning: [m[Kunused parameter ‘[01m[Ktimeout[m[K’ [[01;35m[K-Wunused-parameter[m[K]
[21.730s]   286 | int raw_serial::waitforsent([01;35m[K_u32 timeout[m[K, size_t * returned_size)
[21.731s]       |                             [01;35m[K~~~~~^~~~~~~[m[K
[21.732s] [01m[K/home/genozen/Desktop/ros2_ws/src/rplidar_ros2/sdk/src/arch/linux/net_serial.cpp:[m[K In member function ‘[01m[Kvirtual int rp::arch::net::raw_serial::waitforrecv(_u32, size_t*)[m[K’:
[21.745s] [01m[K/home/genozen/Desktop/ros2_ws/src/rplidar_ros2/sdk/src/arch/linux/net_serial.cpp:292:34:[m[K [01;35m[Kwarning: [m[Kunused parameter ‘[01m[Ktimeout[m[K’ [[01;35m[K-Wunused-parameter[m[K]
[21.745s]   292 | int raw_serial::waitforrecv([01;35m[K_u32 timeout[m[K, size_t * returned_size)
[21.746s]       |                             [01;35m[K~~~~~^~~~~~~[m[K
[22.094s] [ 66%] [32mBuilding CXX object CMakeFiles/rplidar_composition_node.dir/sdk/src/rplidar_driver.cpp.o[0m
[23.933s] In file included from [01m[K/home/genozen/Desktop/ros2_ws/src/rplidar_ros2/./sdk/include/rplidar.h:39[m[K,
[23.934s]                  from [01m[K/home/genozen/Desktop/ros2_ws/src/rplidar_ros2/./sdk/src/sdkcommon.h:48[m[K,
[23.939s]                  from [01m[K/home/genozen/Desktop/ros2_ws/src/rplidar_ros2/sdk/src/hal/thread.cpp:35[m[K:
[23.940s] [01m[K/home/genozen/Desktop/ros2_ws/src/rplidar_ros2/./sdk/include/rplidar_protocol.h:59:14:[m[K [01;35m[Kwarning: [m[KISO C++ forbids zero-size array ‘[01m[Kdata[m[K’ [[01;35m[K-Wpedantic[m[K]
[23.944s]    59 |     _u8 data[[01;35m[K0[m[K];
[23.945s]       |              [01;35m[K^[m[K
[23.946s] In file included from [01m[K/home/genozen/Desktop/ros2_ws/src/rplidar_ros2/./sdk/include/rplidar.h:40[m[K,
[23.947s]                  from [01m[K/home/genozen/Desktop/ros2_ws/src/rplidar_ros2/./sdk/src/sdkcommon.h:48[m[K,
[23.948s]                  from [01m[K/home/genozen/Desktop/ros2_ws/src/rplidar_ros2/sdk/src/hal/thread.cpp:35[m[K:
[23.949s] [01m[K/home/genozen/Desktop/ros2_ws/src/rplidar_ros2/./sdk/include/rplidar_cmd.h:260:18:[m[K [01;35m[Kwarning: [m[KISO C++ forbids zero-size array ‘[01m[Kpayload[m[K’ [[01;35m[K-Wpedantic[m[K]
[23.950s]   260 |     _u8  payload[[01;35m[K0[m[K];
[23.952s]       |                  [01;35m[K^[m[K
[23.953s] In file included from [01m[K/home/genozen/Desktop/ros2_ws/src/rplidar_ros2/sdk/src/hal/thread.cpp:43[m[K:
[23.957s] [01m[K/home/genozen/Desktop/ros2_ws/src/rplidar_ros2/./sdk/src/arch/linux/thread.hpp:[m[K In static member function ‘[01m[Kstatic rp::hal::Thread rp::hal::Thread::create(thread_proc_t, void*)[m[K’:
[23.961s] [01m[K/home/genozen/Desktop/ros2_ws/src/rplidar_ros2/./sdk/src/arch/linux/thread.hpp:48:57:[m[K [01;35m[Kwarning: [m[Kcast between incompatible function types from ‘[01m[Kthread_proc_t[m[K’ {aka ‘[01m[Klong unsigned int (*)(void*)[m[K’} to ‘[01m[Kvoid* (*)(void*)[m[K’ [[01;35m[K-Wcast-function-type[m[K]
[23.964s]    48 |     pthread_create((pthread_t *)&newborn._handle, NULL, [01;35m[K(void * (*)(void *))proc[m[K, data);
[23.965s]       |                                                         [01;35m[K^~~~~~~~~~~~~~~~~~~~~~~~[m[K
[23.966s] [01m[K/home/genozen/Desktop/ros2_ws/src/rplidar_ros2/./sdk/src/arch/linux/thread.hpp:[m[K In member function ‘[01m[Ku_result rp::hal::Thread::join(long unsigned int)[m[K’:
[23.967s] [01m[K/home/genozen/Desktop/ros2_ws/src/rplidar_ros2/./sdk/src/arch/linux/thread.hpp:129:37:[m[K [01;35m[Kwarning: [m[Kunused parameter ‘[01m[Ktimeout[m[K’ [[01;35m[K-Wunused-parameter[m[K]
[23.967s]   129 | u_result Thread::join([01;35m[Kunsigned long timeout[m[K)
[23.968s]       |                       [01;35m[K~~~~~~~~~~~~~~^~~~~~~[m[K
[24.833s] In file included from [01m[K/home/genozen/Desktop/ros2_ws/src/rplidar_ros2/./sdk/include/rplidar.h:39[m[K,
[24.834s]                  from [01m[K/home/genozen/Desktop/ros2_ws/src/rplidar_ros2/sdk/src/sdkcommon.h:48[m[K,
[24.835s]                  from [01m[K/home/genozen/Desktop/ros2_ws/src/rplidar_ros2/sdk/src/rplidar_driver.cpp:35[m[K:
[24.836s] [01m[K/home/genozen/Desktop/ros2_ws/src/rplidar_ros2/./sdk/include/rplidar_protocol.h:59:14:[m[K [01;35m[Kwarning: [m[KISO C++ forbids zero-size array ‘[01m[Kdata[m[K’ [[01;35m[K-Wpedantic[m[K]
[24.836s]    59 |     _u8 data[[01;35m[K0[m[K];
[24.837s]       |              [01;35m[K^[m[K
[24.838s] In file included from [01m[K/home/genozen/Desktop/ros2_ws/src/rplidar_ros2/./sdk/include/rplidar.h:40[m[K,
[24.839s]                  from [01m[K/home/genozen/Desktop/ros2_ws/src/rplidar_ros2/sdk/src/sdkcommon.h:48[m[K,
[24.840s]                  from [01m[K/home/genozen/Desktop/ros2_ws/src/rplidar_ros2/sdk/src/rplidar_driver.cpp:35[m[K:
[24.840s] [01m[K/home/genozen/Desktop/ros2_ws/src/rplidar_ros2/./sdk/include/rplidar_cmd.h:260:18:[m[K [01;35m[Kwarning: [m[KISO C++ forbids zero-size array ‘[01m[Kpayload[m[K’ [[01;35m[K-Wpedantic[m[K]
[24.841s]   260 |     _u8  payload[[01;35m[K0[m[K];
[24.842s]       |                  [01;35m[K^[m[K
[25.494s] [01m[K/home/genozen/Desktop/ros2_ws/src/rplidar_ros2/sdk/src/rplidar_driver.cpp:[m[K In member function ‘[01m[Kvirtual u_result rp::standalone::rplidar::RPlidarDriverImplCommon::reset(_u32)[m[K’:
[25.495s] [01m[K/home/genozen/Desktop/ros2_ws/src/rplidar_ros2/sdk/src/rplidar_driver.cpp:121:46:[m[K [01;35m[Kwarning: [m[Kunused parameter ‘[01m[Ktimeout[m[K’ [[01;35m[K-Wunused-parameter[m[K]
[25.496s]   121 | u_result RPlidarDriverImplCommon::reset([01;35m[K_u32 timeout[m[K)
[25.497s]       |                                         [01;35m[K~~~~~^~~~~~~[m[K
[25.502s] [01m[K/home/genozen/Desktop/ros2_ws/src/rplidar_ros2/sdk/src/rplidar_driver.cpp:[m[K In member function ‘[01m[Kvirtual u_result rp::standalone::rplidar::RPlidarDriverImplCommon::checkIfTofLidar(bool&, _u32)[m[K’:
[25.503s] [01m[K/home/genozen/Desktop/ros2_ws/src/rplidar_ros2/sdk/src/rplidar_driver.cpp:275:75:[m[K [01;35m[Kwarning: [m[Kunused parameter ‘[01m[Ktimeout[m[K’ [[01;35m[K-Wunused-parameter[m[K]
[25.504s]   275 | u_result RPlidarDriverImplCommon::checkIfTofLidar(bool & isTofLidar, [01;35m[K_u32 timeout[m[K)
[25.505s]       |                                                                      [01;35m[K~~~~~^~~~~~~[m[K
[25.524s] [01m[K/home/genozen/Desktop/ros2_ws/src/rplidar_ros2/sdk/src/rplidar_driver.cpp:[m[K In member function ‘[01m[Kvirtual int rp::standalone::rplidar::RPlidarDriverImplCommon::_getSyncBitByAngle(int, int)[m[K’:
[25.525s] [01m[K/home/genozen/Desktop/ros2_ws/src/rplidar_ros2/sdk/src/rplidar_driver.cpp:671:16:[m[K [01;35m[Kwarning: [m[Kvariable ‘[01m[Klast_angleInc_q16[m[K’ set but not used [[01;35m[K-Wunused-but-set-variable[m[K]
[25.526s]   671 |     static int [01;35m[Klast_angleInc_q16[m[K = 0;
[25.527s]       |                [01;35m[K^~~~~~~~~~~~~~~~~[m[K
[25.528s] [01m[K/home/genozen/Desktop/ros2_ws/src/rplidar_ros2/sdk/src/rplidar_driver.cpp:673:9:[m[K [01;35m[Kwarning: [m[Kunused variable ‘[01m[KsyncBit_check_threshold[m[K’ [[01;35m[K-Wunused-variable[m[K]
[25.528s]   673 |     int [01;35m[KsyncBit_check_threshold[m[K = (int)((5 << 16) / angleInc_q16) + 1;//find syncBit in 0~3 degree
[25.529s]       |         [01;35m[K^~~~~~~~~~~~~~~~~~~~~~~[m[K
[25.532s] [01m[K/home/genozen/Desktop/ros2_ws/src/rplidar_ros2/sdk/src/rplidar_driver.cpp:[m[K In member function ‘[01m[Kvirtual u_result rp::standalone::rplidar::RPlidarDriverImplCommon::_cacheUltraCapsuledScanData()[m[K’:
[25.533s] [01m[K/home/genozen/Desktop/ros2_ws/src/rplidar_ros2/sdk/src/rplidar_driver.cpp:771:46:[m[K [01;35m[Kwarning: [m[Kunused variable ‘[01m[Klast_scan_count[m[K’ [[01;35m[K-Wunused-variable[m[K]
[25.534s]   771 |     size_t                                   [01;35m[Klast_scan_count[m[K = 0;
[25.535s]       |                                              [01;35m[K^~~~~~~~~~~~~~~[m[K
[25.537s] [01m[K/home/genozen/Desktop/ros2_ws/src/rplidar_ros2/sdk/src/rplidar_driver.cpp:[m[K In member function ‘[01m[Kvirtual void rp::standalone::rplidar::RPlidarDriverImplCommon::_capsuleToNormal(const rplidar_response_capsule_measurement_nodes_t&, rplidar_response_measurement_node_hq_t*, size_t&)[m[K’:
[25.538s] [01m[K/home/genozen/Desktop/ros2_ws/src/rplidar_ros2/sdk/src/rplidar_driver.cpp:850:17:[m[K [01;35m[Kwarning: [m[Kunused variable ‘[01m[KsyncBit_check_threshold[m[K’ [[01;35m[K-Wunused-variable[m[K]
[25.538s]   850 |             int [01;35m[KsyncBit_check_threshold[m[K = (int)((2 << 16) / angleInc_q16) + 1;//find syncBit in 0~1 degree
[25.539s]       |                 [01;35m[K^~~~~~~~~~~~~~~~~~~~~~~[m[K
[25.539s] [01m[K/home/genozen/Desktop/ros2_ws/src/rplidar_ros2/sdk/src/rplidar_driver.cpp:[m[K In member function ‘[01m[Kvirtual void rp::standalone::rplidar::RPlidarDriverImplCommon::_dense_capsuleToNormal(const rplidar_response_capsule_measurement_nodes_t&, rplidar_response_measurement_node_hq_t*, size_t&)[m[K’:
[25.540s] [01m[K/home/genozen/Desktop/ros2_ws/src/rplidar_ros2/sdk/src/rplidar_driver.cpp:903:30:[m[K [01;35m[Kwarning: [m[Ktype qualifiers ignored on cast result type [[01;35m[K-Wignored-qualifiers[m[K]
[25.540s]   903 |             const int dist = [01;35m[Kstatic_cast<const int>(_cached_previous_dense_capsuledata.cabins[pos].distance)[m[K;
[25.541s]       |                              [01;35m[K^~~~~~~~~~~~~~~~~~~~~~~~~~~~~~~~~~~~~~~~~~~~~~~~~~~~~~~~~~~~~~~~~~~~~~~~~~~~~~~[m[K
[25.545s] [01m[K/home/genozen/Desktop/ros2_ws/src/rplidar_ros2/sdk/src/rplidar_driver.cpp:[m[K In function ‘[01m[K_u32 rp::standalone::rplidar::_crc32cal(_u32, void*, _u16)[m[K’:
[25.546s] [01m[K/home/genozen/Desktop/ros2_ws/src/rplidar_ros2/sdk/src/rplidar_driver.cpp:1027:23:[m[K [01;35m[Kwarning: [m[Ksuggest parentheses around ‘[01m[K-[m[K’ in operand of ‘[01m[K&[m[K’ [[01;35m[K-Wparentheses[m[K]
[25.547s]  1027 |     _u8 leftBytes = [01;35m[K4 - len[m[K & 0x3;
[25.547s]       |                     [01;35m[K~~^~~~~[m[K
[25.555s] [01m[K/home/genozen/Desktop/ros2_ws/src/rplidar_ros2/sdk/src/rplidar_driver.cpp:[m[K In member function ‘[01m[Kvirtual void rp::standalone::rplidar::RPlidarDriverImplCommon::_ultraCapsuleToNormal(const rplidar_response_ultra_capsule_measurement_nodes_t&, rplidar_response_measurement_node_hq_t*, size_t&)[m[K’:
[25.555s] [01m[K/home/genozen/Desktop/ros2_ws/src/rplidar_ros2/sdk/src/rplidar_driver.cpp:1238:32:[m[K [01;35m[Kwarning: [m[Kcomparison of integer expressions of different signedness: ‘[01m[Kint[m[K’ and ‘[01m[Kunsigned int[m[K’ [[01;35m[K-Wsign-compare[m[K]
[25.556s]  1238 |             if (([01;35m[Kdist_predict1 == 0xFFFFFE00[m[K) || (dist_predict1 == 0x1FF)) {
[25.557s]       |                  [01;35m[K~~~~~~~~~~~~~~^~~~~~~~~~~~~[m[K
[25.558s] [01m[K/home/genozen/Desktop/ros2_ws/src/rplidar_ros2/sdk/src/rplidar_driver.cpp:1246:32:[m[K [01;35m[Kwarning: [m[Kcomparison of integer expressions of different signedness: ‘[01m[Kint[m[K’ and ‘[01m[Kunsigned int[m[K’ [[01;35m[K-Wsign-compare[m[K]
[25.559s]  1246 |             if (([01;35m[Kdist_predict2 == 0xFFFFFE00[m[K) || (dist_predict2 == 0x1FF)) {
[25.560s]       |                  [01;35m[K~~~~~~~~~~~~~~^~~~~~~~~~~~~[m[K
[25.561s] [01m[K/home/genozen/Desktop/ros2_ws/src/rplidar_ros2/sdk/src/rplidar_driver.cpp:1256:21:[m[K [01;35m[Kwarning: [m[Kunused variable ‘[01m[KsyncBit_check_threshold[m[K’ [[01;35m[K-Wunused-variable[m[K]
[25.562s]  1256 |                 int [01;35m[KsyncBit_check_threshold[m[K = (int)((3 << 16) / angleInc_q16)+1;//find syncBit in 0~1 degree
[25.563s]       |                     [01;35m[K^~~~~~~~~~~~~~~~~~~~~~~[m[K
[25.588s] [01m[K/home/genozen/Desktop/ros2_ws/src/rplidar_ros2/sdk/src/rplidar_driver.cpp:[m[K In member function ‘[01m[Kvirtual u_result rp::standalone::rplidar::RPlidarDriverImplCommon::getAllSupportedScanModes(std::vector<rp::standalone::rplidar::RplidarScanMode>&, _u32)[m[K’:
[25.589s] [01m[K/home/genozen/Desktop/ros2_ws/src/rplidar_ros2/sdk/src/rplidar_driver.cpp:1484:105:[m[K [01;35m[Kwarning: [m[Kunused parameter ‘[01m[KtimeoutInMs[m[K’ [[01;35m[K-Wunused-parameter[m[K]
[25.590s]  1484 | u_result RPlidarDriverImplCommon::getAllSupportedScanModes(std::vector<RplidarScanMode>& outModes, [01;35m[K_u32 timeoutInMs[m[K)
[25.591s]       |                                                                                                    [01;35m[K~~~~~^~~~~~~~~~~[m[K
[25.594s] [01m[K/home/genozen/Desktop/ros2_ws/src/rplidar_ros2/sdk/src/rplidar_driver.cpp:[m[K In member function ‘[01m[Kvirtual u_result rp::standalone::rplidar::RPlidarDriverImplCommon::startScan(bool, bool, _u32, rp::standalone::rplidar::RplidarScanMode*)[m[K’:
[25.595s] [01m[K/home/genozen/Desktop/ros2_ws/src/rplidar_ros2/sdk/src/rplidar_driver.cpp:1581:83:[m[K [01;35m[Kwarning: [m[Kunused parameter ‘[01m[Koptions[m[K’ [[01;35m[K-Wunused-parameter[m[K]
[25.595s]  1581 | u_result RPlidarDriverImplCommon::startScan(bool force, bool useTypicalScan, [01;35m[K_u32 options[m[K, RplidarScanMode* outUsedScanMode)
[25.597s]       |                                                                              [01;35m[K~~~~~^~~~~~~[m[K
[25.603s] [01m[K/home/genozen/Desktop/ros2_ws/src/rplidar_ros2/sdk/src/rplidar_driver.cpp:[m[K In member function ‘[01m[Kvirtual u_result rp::standalone::rplidar::RPlidarDriverImplCommon::stop(_u32)[m[K’:
[25.603s] [01m[K/home/genozen/Desktop/ros2_ws/src/rplidar_ros2/sdk/src/rplidar_driver.cpp:1805:45:[m[K [01;35m[Kwarning: [m[Kunused parameter ‘[01m[Ktimeout[m[K’ [[01;35m[K-Wunused-parameter[m[K]
[25.604s]  1805 | u_result RPlidarDriverImplCommon::stop([01;35m[K_u32 timeout[m[K)
[25.605s]       |                                        [01;35m[K~~~~~^~~~~~~[m[K
[25.619s] [01m[K/home/genozen/Desktop/ros2_ws/src/rplidar_ros2/sdk/src/rplidar_driver.cpp:[m[K In member function ‘[01m[Kvirtual u_result rp::standalone::rplidar::RPlidarDriverImplCommon::setLidarSpinSpeed(_u16, _u32)[m[K’:
[25.620s] [01m[K/home/genozen/Desktop/ros2_ws/src/rplidar_ros2/sdk/src/rplidar_driver.cpp:2193:68:[m[K [01;35m[Kwarning: [m[Kunused parameter ‘[01m[Ktimeout[m[K’ [[01;35m[K-Wunused-parameter[m[K]
[25.620s]  2193 | u_result RPlidarDriverImplCommon::setLidarSpinSpeed(_u16 rpm, [01;35m[K_u32 timeout[m[K)
[25.621s]       |                                                               [01;35m[K~~~~~^~~~~~~[m[K
[25.624s] [01m[K/home/genozen/Desktop/ros2_ws/src/rplidar_ros2/sdk/src/rplidar_driver.cpp:[m[K In member function ‘[01m[Kvirtual u_result rp::standalone::rplidar::RPlidarDriverSerial::connect(const char*, _u32, _u32)[m[K’:
[25.625s] [01m[K/home/genozen/Desktop/ros2_ws/src/rplidar_ros2/sdk/src/rplidar_driver.cpp:2270:83:[m[K [01;35m[Kwarning: [m[Kunused parameter ‘[01m[Kflag[m[K’ [[01;35m[K-Wunused-parameter[m[K]
[25.625s]  2270 | u_result RPlidarDriverSerial::connect(const char * port_path, _u32 baudrate, [01;35m[K_u32 flag[m[K)
[25.626s]       |                                                                              [01;35m[K~~~~~^~~~[m[K
[25.627s] [01m[K/home/genozen/Desktop/ros2_ws/src/rplidar_ros2/sdk/src/rplidar_driver.cpp:[m[K In member function ‘[01m[Kvirtual u_result rp::standalone::rplidar::RPlidarDriverTCP::connect(const char*, _u32, _u32)[m[K’:
[25.628s] [01m[K/home/genozen/Desktop/ros2_ws/src/rplidar_ros2/sdk/src/rplidar_driver.cpp:2312:72:[m[K [01;35m[Kwarning: [m[Kunused parameter ‘[01m[Kflag[m[K’ [[01;35m[K-Wunused-parameter[m[K]
[25.629s]  2312 | u_result RPlidarDriverTCP::connect(const char * ipStr, _u32 port, [01;35m[K_u32 flag[m[K)
[25.629s]       |                                                                   [01;35m[K~~~~~^~~~[m[K
[25.752s] /home/genozen/Desktop/ros2_ws/src/rplidar_ros2/sdk/src/rplidar_driver.cpp: In instantiation of ‘[01m[Ku_result rp::standalone::rplidar::ascendScanData_(TNode*, size_t) [with TNode = _rplidar_response_measurement_node_t; u_result = unsigned int; size_t = long unsigned int][m[K’:
[25.753s] [01m[K/home/genozen/Desktop/ros2_ws/src/rplidar_ros2/sdk/src/rplidar_driver.cpp:2025:64:[m[K   required from here
[25.754s] [01m[K/home/genozen/Desktop/ros2_ws/src/rplidar_ros2/sdk/src/rplidar_driver.cpp:1991:27:[m[K [01;35m[Kwarning: [m[Kcomparison of unsigned expression in ‘[01m[K>= 0[m[K’ is always true [[01;35m[K-Wtype-limits[m[K]
[25.756s]  1991 |     for (i = count - 1; [01;35m[Ki >= 0[m[K; i--) {
[25.757s]       |                         [01;35m[K~~^~~~[m[K
[25.757s] /home/genozen/Desktop/ros2_ws/src/rplidar_ros2/sdk/src/rplidar_driver.cpp: In instantiation of ‘[01m[Ku_result rp::standalone::rplidar::ascendScanData_(TNode*, size_t) [with TNode = rplidar_response_measurement_node_hq_t; u_result = unsigned int; size_t = long unsigned int][m[K’:
[25.758s] [01m[K/home/genozen/Desktop/ros2_ws/src/rplidar_ros2/sdk/src/rplidar_driver.cpp:2030:67:[m[K   required from here
[25.759s] [01m[K/home/genozen/Desktop/ros2_ws/src/rplidar_ros2/sdk/src/rplidar_driver.cpp:1991:27:[m[K [01;35m[Kwarning: [m[Kcomparison of unsigned expression in ‘[01m[K>= 0[m[K’ is always true [[01;35m[K-Wtype-limits[m[K]
[26.054s] [01m[K/home/genozen/Desktop/ros2_ws/src/rplidar_ros2/sdk/src/rplidar_driver.cpp:[m[K In member function ‘[01m[Kvirtual u_result rp::standalone::rplidar::RPlidarDriverImplCommon::startMotor()[m[K’:
[26.055s] [01m[K/home/genozen/Desktop/ros2_ws/src/rplidar_ros2/sdk/src/rplidar_driver.cpp:2225:1:[m[K [01;35m[Kwarning: [m[Kcontrol reaches end of non-void function [[01;35m[K-Wreturn-type[m[K]
[26.056s]  2225 | [01;35m[K}[m[K
[26.057s]       | [01;35m[K^[m[K
[31.751s] In file included from [01m[K/home/genozen/Desktop/ros2_ws/src/rplidar_ros2/./sdk/include/rplidar.h:39[m[K,
[31.752s]                  from [01m[K/home/genozen/Desktop/ros2_ws/src/rplidar_ros2/include/rplidar_node.hpp:41[m[K,
[31.752s]                  from [01m[K/home/genozen/Desktop/ros2_ws/src/rplidar_ros2/src/rplidar_node.cpp:36[m[K:
[31.753s] [01m[K/home/genozen/Desktop/ros2_ws/src/rplidar_ros2/./sdk/include/rplidar_protocol.h:59:14:[m[K [01;35m[Kwarning: [m[KISO C++ forbids zero-size array ‘[01m[Kdata[m[K’ [[01;35m[K-Wpedantic[m[K]
[31.753s]    59 |     _u8 data[[01;35m[K0[m[K];
[31.754s]       |              [01;35m[K^[m[K
[31.754s] In file included from [01m[K/home/genozen/Desktop/ros2_ws/src/rplidar_ros2/./sdk/include/rplidar.h:40[m[K,
[31.755s]                  from [01m[K/home/genozen/Desktop/ros2_ws/src/rplidar_ros2/include/rplidar_node.hpp:41[m[K,
[31.755s]                  from [01m[K/home/genozen/Desktop/ros2_ws/src/rplidar_ros2/src/rplidar_node.cpp:36[m[K:
[31.756s] [01m[K/home/genozen/Desktop/ros2_ws/src/rplidar_ros2/./sdk/include/rplidar_cmd.h:260:18:[m[K [01;35m[Kwarning: [m[KISO C++ forbids zero-size array ‘[01m[Kpayload[m[K’ [[01;35m[K-Wpedantic[m[K]
[31.756s]   260 |     _u8  payload[[01;35m[K0[m[K];
[31.757s]       |                  [01;35m[K^[m[K
[32.030s] [01m[K/home/genozen/Desktop/ros2_ws/src/rplidar_ros2/src/rplidar_node.cpp:[m[K In member function ‘[01m[Kvoid rplidar_ros::rplidar_node::stop_motor({anonymous}::EmptyRequest, {anonymous}::EmptyResponse)[m[K’:
[32.030s] [01m[K/home/genozen/Desktop/ros2_ws/src/rplidar_ros2/src/rplidar_node.cpp:248:50:[m[K [01;35m[Kwarning: [m[Kunused parameter ‘[01m[Kreq[m[K’ [[01;35m[K-Wunused-parameter[m[K]
[32.031s]   248 | void rplidar_node::stop_motor([01;35m[Kconst EmptyRequest req[m[K, EmptyResponse res)
[32.031s]       |                               [01;35m[K~~~~~~~~~~~~~~~~~~~^~~[m[K
[32.032s] [01m[K/home/genozen/Desktop/ros2_ws/src/rplidar_ros2/src/rplidar_node.cpp:248:69:[m[K [01;35m[Kwarning: [m[Kunused parameter ‘[01m[Kres[m[K’ [[01;35m[K-Wunused-parameter[m[K]
[32.032s]   248 | oid rplidar_node::stop_motor(const EmptyRequest req, [01;35m[KEmptyResponse res[m[K)
[32.033s]       |                                                      [01;35m[K~~~~~~~~~~~~~~^~~[m[K
[32.033s] 
[32.034s] [01m[K/home/genozen/Desktop/ros2_ws/src/rplidar_ros2/src/rplidar_node.cpp:[m[K In member function ‘[01m[Kvoid rplidar_ros::rplidar_node::start_motor({anonymous}::EmptyRequest, {anonymous}::EmptyResponse)[m[K’:
[32.034s] [01m[K/home/genozen/Desktop/ros2_ws/src/rplidar_ros2/src/rplidar_node.cpp:259:51:[m[K [01;35m[Kwarning: [m[Kunused parameter ‘[01m[Kreq[m[K’ [[01;35m[K-Wunused-parameter[m[K]
[32.035s]   259 | void rplidar_node::start_motor([01;35m[Kconst EmptyRequest req[m[K, EmptyResponse res)
[32.035s]       |                                [01;35m[K~~~~~~~~~~~~~~~~~~~^~~[m[K
[32.036s] [01m[K/home/genozen/Desktop/ros2_ws/src/rplidar_ros2/src/rplidar_node.cpp:259:70:[m[K [01;35m[Kwarning: [m[Kunused parameter ‘[01m[Kres[m[K’ [[01;35m[K-Wunused-parameter[m[K]
[32.036s]   259 | id rplidar_node::start_motor(const EmptyRequest req, [01;35m[KEmptyResponse res[m[K)
[32.037s]       |                                                      [01;35m[K~~~~~~~~~~~~~~^~~[m[K
[32.037s] 
[32.058s] [01m[K/home/genozen/Desktop/ros2_ws/src/rplidar_ros2/src/rplidar_node.cpp:[m[K In member function ‘[01m[Kvoid rplidar_ros::rplidar_node::publish_loop()[m[K’:
[32.058s] [01m[K/home/genozen/Desktop/ros2_ws/src/rplidar_ros2/src/rplidar_node.cpp:362:25:[m[K [01;35m[Kwarning: [m[Kcomparison of integer expressions of different signedness: ‘[01m[Ksize_t[m[K’ {aka ‘[01m[Klong unsigned int[m[K’} and ‘[01m[Kint[m[K’ [[01;35m[K-Wsign-compare[m[K]
[32.059s]   362 |           for (j = 0; [01;35m[Kj < m_angle_compensate_multiple[m[K; j++) {
[32.059s]       |                       [01;35m[K~~^~~~~~~~~~~~~~~~~~~~~~~~~~~~~[m[K
[32.060s] [01m[K/home/genozen/Desktop/ros2_ws/src/rplidar_ros2/src/rplidar_node.cpp:383:44:[m[K [01;35m[Kwarning: [m[Kcomparison of integer expressions of different signedness: ‘[01m[Ksize_t[m[K’ {aka ‘[01m[Klong unsigned int[m[K’} and ‘[01m[Kint[m[K’ [[01;35m[K-Wsign-compare[m[K]
[32.061s]   383 |       for (size_t x = start_node, y = 0; [01;35m[Kx < end_node[m[K; ++x, ++y) {
[32.061s]       |                                          [01;35m[K~~^~~~~~~~~~[m[K
[32.062s] [01m[K/home/genozen/Desktop/ros2_ws/src/rplidar_ros2/src/rplidar_node.cpp:390:11:[m[K [01;35m[Kwarning: [m[Kunused variable ‘[01m[Kangle_min[m[K’ [[01;35m[K-Wunused-variable[m[K]
[32.062s]   390 |     float [01;35m[Kangle_min[m[K = deg_2_rad(0.0f);
[32.062s]       |           [01;35m[K^~~~~~~~~[m[K
[32.063s] [01m[K/home/genozen/Desktop/ros2_ws/src/rplidar_ros2/src/rplidar_node.cpp:391:11:[m[K [01;35m[Kwarning: [m[Kunused variable ‘[01m[Kangle_max[m[K’ [[01;35m[K-Wunused-variable[m[K]
[32.064s]   391 |     float [01;35m[Kangle_max[m[K = deg_2_rad(359.0f);
[32.064s]       |           [01;35m[K^~~~~~~~~[m[K
[45.392s] [ 77%] [32m[1mLinking CXX shared library librplidar_composition_node.so[0m
[47.192s] [ 77%] Built target rplidar_composition_node
[47.289s] [ 88%] [32mBuilding CXX object CMakeFiles/rplidar_composition.dir/src/standalone_rplidar.cpp.o[0m
[49.297s] In file included from [01m[K/home/genozen/Desktop/ros2_ws/src/rplidar_ros2/src/standalone_rplidar.cpp:16[m[K:
[49.298s] [01m[K/home/genozen/Desktop/ros2_ws/src/rplidar_ros2/include/rplidar_node.hpp:50:[m[K [01;35m[Kwarning: [m[K"M_PI" redefined
[49.298s]    50 | #define M_PI 3.1415926535897932384626433832795
[49.299s]       | 
[49.299s] In file included from [01m[K/usr/include/c++/11/cmath:45[m[K,
[49.299s]                  from [01m[K/opt/ros/humble/include/libstatistics_collector/libstatistics_collector/moving_average_statistics/types.hpp:18[m[K,
[49.300s]                  from [01m[K/opt/ros/humble/include/libstatistics_collector/libstatistics_collector/collector/generate_statistics_message.hpp:24[m[K,
[49.300s]                  from [01m[K/opt/ros/humble/include/rclcpp/rclcpp/topic_statistics/subscription_topic_statistics.hpp:23[m[K,
[49.301s]                  from [01m[K/opt/ros/humble/include/rclcpp/rclcpp/subscription.hpp:50[m[K,
[49.301s]                  from [01m[K/opt/ros/humble/include/rclcpp/rclcpp/any_executable.hpp:25[m[K,
[49.302s]                  from [01m[K/opt/ros/humble/include/rclcpp/rclcpp/memory_strategy.hpp:25[m[K,
[49.302s]                  from [01m[K/opt/ros/humble/include/rclcpp/rclcpp/memory_strategies.hpp:18[m[K,
[49.302s]                  from [01m[K/opt/ros/humble/include/rclcpp/rclcpp/executor_options.hpp:20[m[K,
[49.303s]                  from [01m[K/opt/ros/humble/include/rclcpp/rclcpp/executor.hpp:37[m[K,
[49.303s]                  from [01m[K/opt/ros/humble/include/rclcpp/rclcpp/executors/multi_threaded_executor.hpp:25[m[K,
[49.304s]                  from [01m[K/opt/ros/humble/include/rclcpp/rclcpp/executors.hpp:21[m[K,
[49.304s]                  from [01m[K/opt/ros/humble/include/rclcpp/rclcpp/rclcpp.hpp:155[m[K,
[49.305s]                  from [01m[K/home/genozen/Desktop/ros2_ws/src/rplidar_ros2/include/rplidar_node.hpp:34[m[K,
[49.305s]                  from [01m[K/home/genozen/Desktop/ros2_ws/src/rplidar_ros2/src/standalone_rplidar.cpp:16[m[K:
[49.306s] [01m[K/usr/include/math.h:1151:[m[K [01;36m[Knote: [m[Kthis is the location of the previous definition
[49.306s]  1151 | # define M_PI           3.14159265358979323846  /* pi */
[49.307s]       | 
[58.254s] In file included from [01m[K/home/genozen/Desktop/ros2_ws/src/rplidar_ros2/./sdk/include/rplidar.h:39[m[K,
[58.254s]                  from [01m[K/home/genozen/Desktop/ros2_ws/src/rplidar_ros2/include/rplidar_node.hpp:41[m[K,
[58.255s]                  from [01m[K/home/genozen/Desktop/ros2_ws/src/rplidar_ros2/src/standalone_rplidar.cpp:16[m[K:
[58.255s] [01m[K/home/genozen/Desktop/ros2_ws/src/rplidar_ros2/./sdk/include/rplidar_protocol.h:59:14:[m[K [01;35m[Kwarning: [m[KISO C++ forbids zero-size array ‘[01m[Kdata[m[K’ [[01;35m[K-Wpedantic[m[K]
[58.256s]    59 |     _u8 data[[01;35m[K0[m[K];
[58.257s]       |              [01;35m[K^[m[K
[58.257s] In file included from [01m[K/home/genozen/Desktop/ros2_ws/src/rplidar_ros2/./sdk/include/rplidar.h:40[m[K,
[58.257s]                  from [01m[K/home/genozen/Desktop/ros2_ws/src/rplidar_ros2/include/rplidar_node.hpp:41[m[K,
[58.258s]                  from [01m[K/home/genozen/Desktop/ros2_ws/src/rplidar_ros2/src/standalone_rplidar.cpp:16[m[K:
[58.258s] [01m[K/home/genozen/Desktop/ros2_ws/src/rplidar_ros2/./sdk/include/rplidar_cmd.h:260:18:[m[K [01;35m[Kwarning: [m[KISO C++ forbids zero-size array ‘[01m[Kpayload[m[K’ [[01;35m[K-Wpedantic[m[K]
[58.259s]   260 |     _u8  payload[[01;35m[K0[m[K];
[58.259s]       |                  [01;35m[K^[m[K
[60.034s] In file included from [01m[K/home/genozen/Desktop/ros2_ws/src/rplidar_ros2/src/standalone_rplidar.cpp:16[m[K:
[60.035s] [01m[K/home/genozen/Desktop/ros2_ws/src/rplidar_ros2/include/rplidar_node.hpp:76:14:[m[K [01;35m[Kwarning: [m[K‘[01m[Kfloat rplidar_ros::getAngle(const rplidar_response_measurement_node_hq_t&)[m[K’ defined but not used [[01;35m[K-Wunused-function[m[K]
[60.037s]    76 | static float [01;35m[KgetAngle[m[K(const rplidar_response_measurement_node_hq_t & node)
[60.038s]       |              [01;35m[K^~~~~~~~[m[K
[60.570s] [100%] [32m[1mLinking CXX executable rplidar_composition[0m
[61.624s] [100%] Built target rplidar_composition
[61.677s] Invoked command in '/home/genozen/Desktop/ros2_ws/build/rplidar_ros' returned '0': CMAKE_PREFIX_PATH=/opt/ros/humble /usr/bin/cmake --build /home/genozen/Desktop/ros2_ws/build/rplidar_ros -- -j4 -l4
[61.946s] Invoking command in '/home/genozen/Desktop/ros2_ws/build/rplidar_ros': CMAKE_PREFIX_PATH=/opt/ros/humble /usr/bin/cmake --install /home/genozen/Desktop/ros2_ws/build/rplidar_ros
[61.975s] -- Install configuration: ""
[61.977s] -- Execute custom install script
[61.980s] -- Symlinking: /home/genozen/Desktop/ros2_ws/install/rplidar_ros/lib/rplidar_ros/rplidar_composition
[62.027s] -- Symlinking: /home/genozen/Desktop/ros2_ws/install/rplidar_ros/share/rplidar_ros/launch/rplidar.launch.py
[62.070s] -- Symlinking: /home/genozen/Desktop/ros2_ws/install/rplidar_ros/share/rplidar_ros/launch/rplidar_a3.launch.py
[62.112s] -- Symlinking: /home/genozen/Desktop/ros2_ws/install/rplidar_ros/share/rplidar_ros/launch/rplidar_s1.launch.py
[62.153s] -- Symlinking: /home/genozen/Desktop/ros2_ws/install/rplidar_ros/share/rplidar_ros/launch/rplidar_s1_tcp.launch.py
[62.190s] -- Symlinking: /home/genozen/Desktop/ros2_ws/install/rplidar_ros/share/rplidar_ros/launch/test_rplidar_a3.launch.py
[62.226s] -- Symlinking: /home/genozen/Desktop/ros2_ws/install/rplidar_ros/share/rplidar_ros/launch/view_rplidar.launch.py
[62.267s] -- Symlinking: /home/genozen/Desktop/ros2_ws/install/rplidar_ros/share/rplidar_ros/launch/view_rplidar_a3.launch.py
[62.305s] -- Symlinking: /home/genozen/Desktop/ros2_ws/install/rplidar_ros/share/rplidar_ros/launch/view_rplidar_s1.launch.py
[62.344s] -- Symlinking: /home/genozen/Desktop/ros2_ws/install/rplidar_ros/share/rplidar_ros/launch/view_rplidar_s1_tcp.launch.py
[62.382s] -- Symlinking: /home/genozen/Desktop/ros2_ws/install/rplidar_ros/share/rplidar_ros/rviz/rplidar.rviz
[62.419s] -- Symlinking: /home/genozen/Desktop/ros2_ws/install/rplidar_ros/lib/librplidar_composition_node.so
[62.462s] -- Symlinking: /home/genozen/Desktop/ros2_ws/install/rplidar_ros/include/rplidar_node.hpp
[62.509s] -- Symlinking: /home/genozen/Desktop/ros2_ws/install/rplidar_ros/include/visibility.h
[62.541s] -- Up-to-date symlink: /home/genozen/Desktop/ros2_ws/install/rplidar_ros/lib/rplidar_ros/rplidar_composition
[62.544s] -- Symlinking: /home/genozen/Desktop/ros2_ws/install/rplidar_ros/share/ament_index/resource_index/package_run_dependencies/rplidar_ros
[62.582s] -- Symlinking: /home/genozen/Desktop/ros2_ws/install/rplidar_ros/share/ament_index/resource_index/parent_prefix_path/rplidar_ros
[62.621s] -- Symlinking: /home/genozen/Desktop/ros2_ws/install/rplidar_ros/share/rplidar_ros/environment/ament_prefix_path.sh
[62.657s] -- Symlinking: /home/genozen/Desktop/ros2_ws/install/rplidar_ros/share/rplidar_ros/environment/ament_prefix_path.dsv
[62.700s] -- Symlinking: /home/genozen/Desktop/ros2_ws/install/rplidar_ros/share/rplidar_ros/environment/path.sh
[62.737s] -- Symlinking: /home/genozen/Desktop/ros2_ws/install/rplidar_ros/share/rplidar_ros/environment/path.dsv
[62.775s] -- Symlinking: /home/genozen/Desktop/ros2_ws/install/rplidar_ros/share/rplidar_ros/local_setup.bash
[62.811s] -- Symlinking: /home/genozen/Desktop/ros2_ws/install/rplidar_ros/share/rplidar_ros/local_setup.sh
[62.852s] -- Symlinking: /home/genozen/Desktop/ros2_ws/install/rplidar_ros/share/rplidar_ros/local_setup.zsh
[62.909s] -- Symlinking: /home/genozen/Desktop/ros2_ws/install/rplidar_ros/share/rplidar_ros/local_setup.dsv
[62.952s] -- Symlinking: /home/genozen/Desktop/ros2_ws/install/rplidar_ros/share/rplidar_ros/package.dsv
[62.997s] -- Symlinking: /home/genozen/Desktop/ros2_ws/install/rplidar_ros/share/ament_index/resource_index/packages/rplidar_ros
[63.042s] -- Symlinking: /home/genozen/Desktop/ros2_ws/install/rplidar_ros/share/ament_index/resource_index/rclcpp_components/rplidar_ros
[63.083s] -- Symlinking: /home/genozen/Desktop/ros2_ws/install/rplidar_ros/share/rplidar_ros/cmake/ament_cmake_export_dependencies-extras.cmake
[63.123s] -- Symlinking: /home/genozen/Desktop/ros2_ws/install/rplidar_ros/share/rplidar_ros/cmake/ament_cmake_export_include_directories-extras.cmake
[63.160s] -- Symlinking: /home/genozen/Desktop/ros2_ws/install/rplidar_ros/share/rplidar_ros/cmake/rplidar_rosConfig.cmake
[63.201s] -- Symlinking: /home/genozen/Desktop/ros2_ws/install/rplidar_ros/share/rplidar_ros/cmake/rplidar_rosConfig-version.cmake
[63.239s] -- Symlinking: /home/genozen/Desktop/ros2_ws/install/rplidar_ros/share/rplidar_ros/package.xml
[63.295s] Invoked command in '/home/genozen/Desktop/ros2_ws/build/rplidar_ros' returned '0': CMAKE_PREFIX_PATH=/opt/ros/humble /usr/bin/cmake --install /home/genozen/Desktop/ros2_ws/build/rplidar_ros
