[0.197s] Invoking command in '/home/genozen/Desktop/ros2_ws/build/slam_gmapping': CMAKE_PREFIX_PATH=/home/genozen/Desktop/ros2_ws/install/openslam_gmapping:/home/genozen/Desktop/ros2_ws/install/sllidar_ros2:/home/genozen/Desktop/ros2_ws/install/slam_gmapping:/home/genozen/Desktop/ros2_ws/install/rplidar_ros:/home/genozen/Desktop/ros2_ws/install/my_first_robot:/home/genozen/Desktop/ros2_ws/install/mobile_robotics:/opt/ros/humble /usr/bin/cmake --build /home/genozen/Desktop/ros2_ws/build/slam_gmapping -- -j4 -l4
[0.792s] [100%] Built target slam_gmapping
[0.914s] Invoked command in '/home/genozen/Desktop/ros2_ws/build/slam_gmapping' returned '0': CMAKE_PREFIX_PATH=/home/genozen/Desktop/ros2_ws/install/openslam_gmapping:/home/genozen/Desktop/ros2_ws/install/sllidar_ros2:/home/genozen/Desktop/ros2_ws/install/slam_gmapping:/home/genozen/Desktop/ros2_ws/install/rplidar_ros:/home/genozen/Desktop/ros2_ws/install/my_first_robot:/home/genozen/Desktop/ros2_ws/install/mobile_robotics:/opt/ros/humble /usr/bin/cmake --build /home/genozen/Desktop/ros2_ws/build/slam_gmapping -- -j4 -l4
[1.196s] Invoking command in '/home/genozen/Desktop/ros2_ws/build/slam_gmapping': CMAKE_PREFIX_PATH=/home/genozen/Desktop/ros2_ws/install/openslam_gmapping:/home/genozen/Desktop/ros2_ws/install/sllidar_ros2:/home/genozen/Desktop/ros2_ws/install/slam_gmapping:/home/genozen/Desktop/ros2_ws/install/rplidar_ros:/home/genozen/Desktop/ros2_ws/install/my_first_robot:/home/genozen/Desktop/ros2_ws/install/mobile_robotics:/opt/ros/humble /usr/bin/cmake --install /home/genozen/Desktop/ros2_ws/build/slam_gmapping
[1.250s] -- Install configuration: ""
[1.252s] -- Up-to-date: /home/genozen/Desktop/ros2_ws/install/slam_gmapping/lib/slam_gmapping/slam_gmapping
[1.257s] -- Up-to-date: /home/genozen/Desktop/ros2_ws/install/slam_gmapping/share/slam_gmapping/launch
[1.267s] -- Up-to-date: /home/genozen/Desktop/ros2_ws/install/slam_gmapping/share/slam_gmapping/launch/slam_gmapping.launch.py
[1.268s] -- Up-to-date: /home/genozen/Desktop/ros2_ws/install/slam_gmapping/share/ament_index/resource_index/package_run_dependencies/slam_gmapping
[1.269s] -- Up-to-date: /home/genozen/Desktop/ros2_ws/install/slam_gmapping/share/ament_index/resource_index/parent_prefix_path/slam_gmapping
[1.287s] -- Up-to-date: /home/genozen/Desktop/ros2_ws/install/slam_gmapping/share/slam_gmapping/environment/ament_prefix_path.sh
[1.290s] -- Up-to-date: /home/genozen/Desktop/ros2_ws/install/slam_gmapping/share/slam_gmapping/environment/ament_prefix_path.dsv
[1.293s] -- Up-to-date: /home/genozen/Desktop/ros2_ws/install/slam_gmapping/share/slam_gmapping/environment/path.sh
[1.303s] -- Up-to-date: /home/genozen/Desktop/ros2_ws/install/slam_gmapping/share/slam_gmapping/environment/path.dsv
[1.307s] -- Up-to-date: /home/genozen/Desktop/ros2_ws/install/slam_gmapping/share/slam_gmapping/local_setup.bash
[1.312s] -- Up-to-date: /home/genozen/Desktop/ros2_ws/install/slam_gmapping/share/slam_gmapping/local_setup.sh
[1.317s] -- Up-to-date: /home/genozen/Desktop/ros2_ws/install/slam_gmapping/share/slam_gmapping/local_setup.zsh
[1.320s] -- Up-to-date: /home/genozen/Desktop/ros2_ws/install/slam_gmapping/share/slam_gmapping/local_setup.dsv
[1.321s] -- Installing: /home/genozen/Desktop/ros2_ws/install/slam_gmapping/share/slam_gmapping/package.dsv
[1.323s] -- Up-to-date: /home/genozen/Desktop/ros2_ws/install/slam_gmapping/share/ament_index/resource_index/packages/slam_gmapping
[1.324s] -- Up-to-date: /home/genozen/Desktop/ros2_ws/install/slam_gmapping/share/slam_gmapping/cmake/slam_gmappingConfig.cmake
[1.325s] -- Up-to-date: /home/genozen/Desktop/ros2_ws/install/slam_gmapping/share/slam_gmapping/cmake/slam_gmappingConfig-version.cmake
[1.328s] -- Up-to-date: /home/genozen/Desktop/ros2_ws/install/slam_gmapping/share/slam_gmapping/package.xml
[1.331s] Invoked command in '/home/genozen/Desktop/ros2_ws/build/slam_gmapping' returned '0': CMAKE_PREFIX_PATH=/home/genozen/Desktop/ros2_ws/install/openslam_gmapping:/home/genozen/Desktop/ros2_ws/install/sllidar_ros2:/home/genozen/Desktop/ros2_ws/install/slam_gmapping:/home/genozen/Desktop/ros2_ws/install/rplidar_ros:/home/genozen/Desktop/ros2_ws/install/my_first_robot:/home/genozen/Desktop/ros2_ws/install/mobile_robotics:/opt/ros/humble /usr/bin/cmake --install /home/genozen/Desktop/ros2_ws/build/slam_gmapping
