[3.806s] Invoking command in '/home/genozen/Desktop/ros2_ws/src/my_first_robot': PYTHONPATH=/home/genozen/Desktop/ros2_ws/build/my_first_robot/prefix_override:/home/genozen/Desktop/ros2_ws/install/my_first_robot/lib/python3.10/site-packages:${PYTHONPATH} /usr/bin/python3 setup.py egg_info --egg-base ../../build/my_first_robot build --build-base /home/genozen/Desktop/ros2_ws/build/my_first_robot/build install --record /home/genozen/Desktop/ros2_ws/build/my_first_robot/install.log --single-version-externally-managed
[5.277s] running egg_info
[5.280s] writing ../../build/my_first_robot/my_first_robot.egg-info/PKG-INFO
[5.282s] writing dependency_links to ../../build/my_first_robot/my_first_robot.egg-info/dependency_links.txt
[5.283s] writing entry points to ../../build/my_first_robot/my_first_robot.egg-info/entry_points.txt
[5.284s] writing requirements to ../../build/my_first_robot/my_first_robot.egg-info/requires.txt
[5.285s] writing top-level names to ../../build/my_first_robot/my_first_robot.egg-info/top_level.txt
[5.295s] reading manifest file '../../build/my_first_robot/my_first_robot.egg-info/SOURCES.txt'
[5.346s] writing manifest file '../../build/my_first_robot/my_first_robot.egg-info/SOURCES.txt'
[5.347s] running build
[5.349s] running build_py
[5.360s] copying my_first_robot/my_first_robot_driver.py -> /home/genozen/Desktop/ros2_ws/build/my_first_robot/build/lib/my_first_robot
[5.361s] running install
[5.371s] running install_lib
[5.372s] copying /home/genozen/Desktop/ros2_ws/build/my_first_robot/build/lib/my_first_robot/my_first_robot_driver.py -> /home/genozen/Desktop/ros2_ws/install/my_first_robot/lib/python3.10/site-packages/my_first_robot
[5.377s] /usr/lib/python3/dist-packages/setuptools/command/install.py:34: SetuptoolsDeprecationWarning: setup.py install is deprecated. Use build and pip and other standards-based tools.
[5.377s]   warnings.warn(
[5.378s] byte-compiling /home/genozen/Desktop/ros2_ws/install/my_first_robot/lib/python3.10/site-packages/my_first_robot/my_first_robot_driver.py to my_first_robot_driver.cpython-310.pyc
[5.379s] running install_data
[5.398s] running install_egg_info
[5.398s] removing '/home/genozen/Desktop/ros2_ws/install/my_first_robot/lib/python3.10/site-packages/my_first_robot-0.0.0-py3.10.egg-info' (and everything under it)
[5.399s] Copying ../../build/my_first_robot/my_first_robot.egg-info to /home/genozen/Desktop/ros2_ws/install/my_first_robot/lib/python3.10/site-packages/my_first_robot-0.0.0-py3.10.egg-info
[5.400s] running install_scripts
[5.513s] Installing joystick_listender script to /home/genozen/Desktop/ros2_ws/install/my_first_robot/lib/my_first_robot
[5.515s] writing list of installed files to '/home/genozen/Desktop/ros2_ws/build/my_first_robot/install.log'
[5.666s] Invoked command in '/home/genozen/Desktop/ros2_ws/src/my_first_robot' returned '0': PYTHONPATH=/home/genozen/Desktop/ros2_ws/build/my_first_robot/prefix_override:/home/genozen/Desktop/ros2_ws/install/my_first_robot/lib/python3.10/site-packages:${PYTHONPATH} /usr/bin/python3 setup.py egg_info --egg-base ../../build/my_first_robot build --build-base /home/genozen/Desktop/ros2_ws/build/my_first_robot/build install --record /home/genozen/Desktop/ros2_ws/build/my_first_robot/install.log --single-version-externally-managed
