[0.108s] Invoking command in '/home/genozen/Desktop/ros2_ws/build/slam_gmapping': AMENT_PREFIX_PATH=/home/genozen/Desktop/ros2_ws/install/openslam_gmapping:${AMENT_PREFIX_PATH} CMAKE_PREFIX_PATH=/home/genozen/Desktop/ros2_ws/install/openslam_gmapping:/opt/ros/humble LD_LIBRARY_PATH=/home/genozen/Desktop/ros2_ws/install/openslam_gmapping/lib:${LD_LIBRARY_PATH} /usr/bin/cmake --build /home/genozen/Desktop/ros2_ws/build/slam_gmapping -- -j4 -l4
[0.685s] [35m[1mConsolidate compiler generated dependencies of target slam_gmapping[0m
[1.290s] [100%] Built target slam_gmapping
[1.523s] Invoked command in '/home/genozen/Desktop/ros2_ws/build/slam_gmapping' returned '0': AMENT_PREFIX_PATH=/home/genozen/Desktop/ros2_ws/install/openslam_gmapping:${AMENT_PREFIX_PATH} CMAKE_PREFIX_PATH=/home/genozen/Desktop/ros2_ws/install/openslam_gmapping:/opt/ros/humble LD_LIBRARY_PATH=/home/genozen/Desktop/ros2_ws/install/openslam_gmapping/lib:${LD_LIBRARY_PATH} /usr/bin/cmake --build /home/genozen/Desktop/ros2_ws/build/slam_gmapping -- -j4 -l4
[1.874s] Invoking command in '/home/genozen/Desktop/ros2_ws/build/slam_gmapping': AMENT_PREFIX_PATH=/home/genozen/Desktop/ros2_ws/install/openslam_gmapping:${AMENT_PREFIX_PATH} CMAKE_PREFIX_PATH=/home/genozen/Desktop/ros2_ws/install/openslam_gmapping:/opt/ros/humble LD_LIBRARY_PATH=/home/genozen/Desktop/ros2_ws/install/openslam_gmapping/lib:${LD_LIBRARY_PATH} /usr/bin/cmake --install /home/genozen/Desktop/ros2_ws/build/slam_gmapping
[1.904s] -- Install configuration: ""
[1.926s] -- Up-to-date: /home/genozen/Desktop/ros2_ws/install/slam_gmapping/lib/slam_gmapping/slam_gmapping
[1.928s] -- Up-to-date: /home/genozen/Desktop/ros2_ws/install/slam_gmapping/share/slam_gmapping/launch
[1.931s] -- Up-to-date: /home/genozen/Desktop/ros2_ws/install/slam_gmapping/share/slam_gmapping/launch/slam_gmapping.launch.py
[1.932s] -- Up-to-date: /home/genozen/Desktop/ros2_ws/install/slam_gmapping/share/ament_index/resource_index/package_run_dependencies/slam_gmapping
[1.934s] -- Up-to-date: /home/genozen/Desktop/ros2_ws/install/slam_gmapping/share/ament_index/resource_index/parent_prefix_path/slam_gmapping
[1.934s] -- Up-to-date: /home/genozen/Desktop/ros2_ws/install/slam_gmapping/share/slam_gmapping/environment/ament_prefix_path.sh
[1.938s] -- Up-to-date: /home/genozen/Desktop/ros2_ws/install/slam_gmapping/share/slam_gmapping/environment/ament_prefix_path.dsv
[1.939s] -- Up-to-date: /home/genozen/Desktop/ros2_ws/install/slam_gmapping/share/slam_gmapping/environment/path.sh
[1.940s] -- Up-to-date: /home/genozen/Desktop/ros2_ws/install/slam_gmapping/share/slam_gmapping/environment/path.dsv
[1.940s] -- Up-to-date: /home/genozen/Desktop/ros2_ws/install/slam_gmapping/share/slam_gmapping/local_setup.bash
[1.941s] -- Up-to-date: /home/genozen/Desktop/ros2_ws/install/slam_gmapping/share/slam_gmapping/local_setup.sh
[1.942s] -- Up-to-date: /home/genozen/Desktop/ros2_ws/install/slam_gmapping/share/slam_gmapping/local_setup.zsh
[1.942s] -- Up-to-date: /home/genozen/Desktop/ros2_ws/install/slam_gmapping/share/slam_gmapping/local_setup.dsv
[1.942s] -- Installing: /home/genozen/Desktop/ros2_ws/install/slam_gmapping/share/slam_gmapping/package.dsv
[1.947s] -- Up-to-date: /home/genozen/Desktop/ros2_ws/install/slam_gmapping/share/ament_index/resource_index/packages/slam_gmapping
[1.996s] -- Up-to-date: /home/genozen/Desktop/ros2_ws/install/slam_gmapping/share/slam_gmapping/cmake/slam_gmappingConfig.cmake
[2.003s] -- Up-to-date: /home/genozen/Desktop/ros2_ws/install/slam_gmapping/share/slam_gmapping/cmake/slam_gmappingConfig-version.cmake
[2.003s] -- Up-to-date: /home/genozen/Desktop/ros2_ws/install/slam_gmapping/share/slam_gmapping/package.xml
[2.004s] Invoked command in '/home/genozen/Desktop/ros2_ws/build/slam_gmapping' returned '0': AMENT_PREFIX_PATH=/home/genozen/Desktop/ros2_ws/install/openslam_gmapping:${AMENT_PREFIX_PATH} CMAKE_PREFIX_PATH=/home/genozen/Desktop/ros2_ws/install/openslam_gmapping:/opt/ros/humble LD_LIBRARY_PATH=/home/genozen/Desktop/ros2_ws/install/openslam_gmapping/lib:${LD_LIBRARY_PATH} /usr/bin/cmake --install /home/genozen/Desktop/ros2_ws/build/slam_gmapping
