[1.634s] DEBUG:colcon:Command line arguments: ['/usr/bin/colcon', 'build', '--packages-select', 'my_first_robot']
[1.635s] DEBUG:colcon:Parsed command line arguments: Namespace(log_base=None, log_level=None, verb_name='build', build_base='build', install_base='install', merge_install=False, symlink_install=False, test_result_base=None, continue_on_error=False, executor='parallel', parallel_workers=4, event_handlers=None, ignore_user_meta=False, metas=['./colcon.meta'], base_paths=['.'], packages_ignore=None, packages_ignore_regex=None, paths=None, packages_up_to=None, packages_up_to_regex=None, packages_above=None, packages_above_and_dependencies=None, packages_above_depth=None, packages_select_by_dep=None, packages_skip_by_dep=None, packages_skip_up_to=None, packages_select_build_failed=False, packages_skip_build_finished=False, packages_select_test_failures=False, packages_skip_test_passed=False, packages_select=['my_first_robot'], packages_skip=None, packages_select_regex=None, packages_skip_regex=None, packages_start=None, packages_end=None, allow_overriding=[], cmake_args=None, cmake_target=None, cmake_target_skip_unavailable=False, cmake_clean_cache=False, cmake_clean_first=False, cmake_force_configure=False, ament_cmake_args=None, catkin_cmake_args=None, catkin_skip_building_tests=False, verb_parser=<colcon_defaults.argument_parser.defaults.DefaultArgumentsDecorator object at 0xffff969b2e60>, verb_extension=<colcon_core.verb.build.BuildVerb object at 0xffff9725ad70>, main=<bound method BuildVerb.main of <colcon_core.verb.build.BuildVerb object at 0xffff9725ad70>>)
[1.807s] Level 1:colcon.colcon_core.package_discovery:discover_packages(colcon_meta) check parameters
[1.807s] Level 1:colcon.colcon_core.package_discovery:discover_packages(recursive) check parameters
[1.808s] Level 1:colcon.colcon_core.package_discovery:discover_packages(ignore) check parameters
[1.808s] Level 1:colcon.colcon_core.package_discovery:discover_packages(path) check parameters
[1.808s] Level 1:colcon.colcon_core.package_discovery:discover_packages(colcon_meta) discover
[1.809s] Level 1:colcon.colcon_core.package_discovery:discover_packages(recursive) discover
[1.809s] INFO:colcon.colcon_core.package_discovery:Crawling recursively for packages in '/home/genozen/Desktop/ros2_ws'
[1.810s] Level 1:colcon.colcon_core.package_identification:_identify(.) by extensions ['ignore', 'ignore_ament_install']
[1.811s] Level 1:colcon.colcon_core.package_identification:_identify(.) by extension 'ignore'
[1.811s] Level 1:colcon.colcon_core.package_identification:_identify(.) by extension 'ignore_ament_install'
[1.812s] Level 1:colcon.colcon_core.package_identification:_identify(.) by extensions ['colcon_pkg']
[1.812s] Level 1:colcon.colcon_core.package_identification:_identify(.) by extension 'colcon_pkg'
[1.812s] Level 1:colcon.colcon_core.package_identification:_identify(.) by extensions ['colcon_meta']
[1.812s] Level 1:colcon.colcon_core.package_identification:_identify(.) by extension 'colcon_meta'
[1.813s] Level 1:colcon.colcon_core.package_identification:_identify(.) by extensions ['ros']
[1.813s] Level 1:colcon.colcon_core.package_identification:_identify(.) by extension 'ros'
[1.867s] Level 1:colcon.colcon_core.package_identification:_identify(.) by extensions ['cmake', 'python']
[1.867s] Level 1:colcon.colcon_core.package_identification:_identify(.) by extension 'cmake'
[1.868s] Level 1:colcon.colcon_core.package_identification:_identify(.) by extension 'python'
[1.868s] Level 1:colcon.colcon_core.package_identification:_identify(.) by extensions ['python_setup_py']
[1.868s] Level 1:colcon.colcon_core.package_identification:_identify(.) by extension 'python_setup_py'
[1.869s] Level 1:colcon.colcon_core.package_identification:_identify(build) by extensions ['ignore', 'ignore_ament_install']
[1.869s] Level 1:colcon.colcon_core.package_identification:_identify(build) by extension 'ignore'
[1.869s] Level 1:colcon.colcon_core.package_identification:_identify(build) ignored
[1.870s] Level 1:colcon.colcon_core.package_identification:_identify(install) by extensions ['ignore', 'ignore_ament_install']
[1.871s] Level 1:colcon.colcon_core.package_identification:_identify(install) by extension 'ignore'
[1.871s] Level 1:colcon.colcon_core.package_identification:_identify(install) ignored
[1.872s] Level 1:colcon.colcon_core.package_identification:_identify(log) by extensions ['ignore', 'ignore_ament_install']
[1.872s] Level 1:colcon.colcon_core.package_identification:_identify(log) by extension 'ignore'
[1.873s] Level 1:colcon.colcon_core.package_identification:_identify(log) ignored
[1.873s] Level 1:colcon.colcon_core.package_identification:_identify(src) by extensions ['ignore', 'ignore_ament_install']
[1.874s] Level 1:colcon.colcon_core.package_identification:_identify(src) by extension 'ignore'
[1.874s] Level 1:colcon.colcon_core.package_identification:_identify(src) by extension 'ignore_ament_install'
[1.874s] Level 1:colcon.colcon_core.package_identification:_identify(src) by extensions ['colcon_pkg']
[1.874s] Level 1:colcon.colcon_core.package_identification:_identify(src) by extension 'colcon_pkg'
[1.875s] Level 1:colcon.colcon_core.package_identification:_identify(src) by extensions ['colcon_meta']
[1.875s] Level 1:colcon.colcon_core.package_identification:_identify(src) by extension 'colcon_meta'
[1.875s] Level 1:colcon.colcon_core.package_identification:_identify(src) by extensions ['ros']
[1.875s] Level 1:colcon.colcon_core.package_identification:_identify(src) by extension 'ros'
[1.876s] Level 1:colcon.colcon_core.package_identification:_identify(src) by extensions ['cmake', 'python']
[1.876s] Level 1:colcon.colcon_core.package_identification:_identify(src) by extension 'cmake'
[1.876s] Level 1:colcon.colcon_core.package_identification:_identify(src) by extension 'python'
[1.876s] Level 1:colcon.colcon_core.package_identification:_identify(src) by extensions ['python_setup_py']
[1.876s] Level 1:colcon.colcon_core.package_identification:_identify(src) by extension 'python_setup_py'
[1.877s] Level 1:colcon.colcon_core.package_identification:_identify(src/build) by extensions ['ignore', 'ignore_ament_install']
[1.878s] Level 1:colcon.colcon_core.package_identification:_identify(src/build) by extension 'ignore'
[1.878s] Level 1:colcon.colcon_core.package_identification:_identify(src/build) ignored
[1.879s] Level 1:colcon.colcon_core.package_identification:_identify(src/install) by extensions ['ignore', 'ignore_ament_install']
[1.879s] Level 1:colcon.colcon_core.package_identification:_identify(src/install) by extension 'ignore'
[1.880s] Level 1:colcon.colcon_core.package_identification:_identify(src/install) ignored
[1.880s] Level 1:colcon.colcon_core.package_identification:_identify(src/log) by extensions ['ignore', 'ignore_ament_install']
[1.881s] Level 1:colcon.colcon_core.package_identification:_identify(src/log) by extension 'ignore'
[1.881s] Level 1:colcon.colcon_core.package_identification:_identify(src/log) ignored
[1.881s] Level 1:colcon.colcon_core.package_identification:_identify(src/mobile_robotics) by extensions ['ignore', 'ignore_ament_install']
[1.882s] Level 1:colcon.colcon_core.package_identification:_identify(src/mobile_robotics) by extension 'ignore'
[1.882s] Level 1:colcon.colcon_core.package_identification:_identify(src/mobile_robotics) by extension 'ignore_ament_install'
[1.882s] Level 1:colcon.colcon_core.package_identification:_identify(src/mobile_robotics) by extensions ['colcon_pkg']
[1.883s] Level 1:colcon.colcon_core.package_identification:_identify(src/mobile_robotics) by extension 'colcon_pkg'
[1.883s] Level 1:colcon.colcon_core.package_identification:_identify(src/mobile_robotics) by extensions ['colcon_meta']
[1.883s] Level 1:colcon.colcon_core.package_identification:_identify(src/mobile_robotics) by extension 'colcon_meta'
[1.883s] Level 1:colcon.colcon_core.package_identification:_identify(src/mobile_robotics) by extensions ['ros']
[1.884s] Level 1:colcon.colcon_core.package_identification:_identify(src/mobile_robotics) by extension 'ros'
[1.894s] DEBUG:colcon.colcon_core.package_identification:Package 'src/mobile_robotics' with type 'ros.ament_python' and name 'mobile_robotics'
[1.894s] Level 1:colcon.colcon_core.package_identification:_identify(src/my_first_robot) by extensions ['ignore', 'ignore_ament_install']
[1.895s] Level 1:colcon.colcon_core.package_identification:_identify(src/my_first_robot) by extension 'ignore'
[1.895s] Level 1:colcon.colcon_core.package_identification:_identify(src/my_first_robot) by extension 'ignore_ament_install'
[1.895s] Level 1:colcon.colcon_core.package_identification:_identify(src/my_first_robot) by extensions ['colcon_pkg']
[1.896s] Level 1:colcon.colcon_core.package_identification:_identify(src/my_first_robot) by extension 'colcon_pkg'
[1.896s] Level 1:colcon.colcon_core.package_identification:_identify(src/my_first_robot) by extensions ['colcon_meta']
[1.896s] Level 1:colcon.colcon_core.package_identification:_identify(src/my_first_robot) by extension 'colcon_meta'
[1.896s] Level 1:colcon.colcon_core.package_identification:_identify(src/my_first_robot) by extensions ['ros']
[1.896s] Level 1:colcon.colcon_core.package_identification:_identify(src/my_first_robot) by extension 'ros'
[1.900s] DEBUG:colcon.colcon_core.package_identification:Package 'src/my_first_robot' with type 'ros.ament_python' and name 'my_first_robot'
[1.900s] Level 1:colcon.colcon_core.package_identification:_identify(src/rplidar_ros2) by extensions ['ignore', 'ignore_ament_install']
[1.901s] Level 1:colcon.colcon_core.package_identification:_identify(src/rplidar_ros2) by extension 'ignore'
[1.901s] Level 1:colcon.colcon_core.package_identification:_identify(src/rplidar_ros2) by extension 'ignore_ament_install'
[1.902s] Level 1:colcon.colcon_core.package_identification:_identify(src/rplidar_ros2) by extensions ['colcon_pkg']
[1.902s] Level 1:colcon.colcon_core.package_identification:_identify(src/rplidar_ros2) by extension 'colcon_pkg'
[1.902s] Level 1:colcon.colcon_core.package_identification:_identify(src/rplidar_ros2) by extensions ['colcon_meta']
[1.902s] Level 1:colcon.colcon_core.package_identification:_identify(src/rplidar_ros2) by extension 'colcon_meta'
[1.902s] Level 1:colcon.colcon_core.package_identification:_identify(src/rplidar_ros2) by extensions ['ros']
[1.903s] Level 1:colcon.colcon_core.package_identification:_identify(src/rplidar_ros2) by extension 'ros'
[1.906s] DEBUG:colcon.colcon_core.package_identification:Package 'src/rplidar_ros2' with type 'ros.ament_cmake' and name 'rplidar_ros'
[1.906s] Level 1:colcon.colcon_core.package_identification:_identify(src/slam_gmapping) by extensions ['ignore', 'ignore_ament_install']
[1.907s] Level 1:colcon.colcon_core.package_identification:_identify(src/slam_gmapping) by extension 'ignore'
[1.907s] Level 1:colcon.colcon_core.package_identification:_identify(src/slam_gmapping) by extension 'ignore_ament_install'
[1.907s] Level 1:colcon.colcon_core.package_identification:_identify(src/slam_gmapping) by extensions ['colcon_pkg']
[1.908s] Level 1:colcon.colcon_core.package_identification:_identify(src/slam_gmapping) by extension 'colcon_pkg'
[1.908s] Level 1:colcon.colcon_core.package_identification:_identify(src/slam_gmapping) by extensions ['colcon_meta']
[1.908s] Level 1:colcon.colcon_core.package_identification:_identify(src/slam_gmapping) by extension 'colcon_meta'
[1.908s] Level 1:colcon.colcon_core.package_identification:_identify(src/slam_gmapping) by extensions ['ros']
[1.908s] Level 1:colcon.colcon_core.package_identification:_identify(src/slam_gmapping) by extension 'ros'
[1.909s] Level 1:colcon.colcon_core.package_identification:_identify(src/slam_gmapping) by extensions ['cmake', 'python']
[1.909s] Level 1:colcon.colcon_core.package_identification:_identify(src/slam_gmapping) by extension 'cmake'
[1.909s] Level 1:colcon.colcon_core.package_identification:_identify(src/slam_gmapping) by extension 'python'
[1.910s] Level 1:colcon.colcon_core.package_identification:_identify(src/slam_gmapping) by extensions ['python_setup_py']
[1.910s] Level 1:colcon.colcon_core.package_identification:_identify(src/slam_gmapping) by extension 'python_setup_py'
[1.911s] Level 1:colcon.colcon_core.package_identification:_identify(src/slam_gmapping/openslam_gmapping) by extensions ['ignore', 'ignore_ament_install']
[1.911s] Level 1:colcon.colcon_core.package_identification:_identify(src/slam_gmapping/openslam_gmapping) by extension 'ignore'
[1.911s] Level 1:colcon.colcon_core.package_identification:_identify(src/slam_gmapping/openslam_gmapping) by extension 'ignore_ament_install'
[1.912s] Level 1:colcon.colcon_core.package_identification:_identify(src/slam_gmapping/openslam_gmapping) by extensions ['colcon_pkg']
[1.912s] Level 1:colcon.colcon_core.package_identification:_identify(src/slam_gmapping/openslam_gmapping) by extension 'colcon_pkg'
[1.912s] Level 1:colcon.colcon_core.package_identification:_identify(src/slam_gmapping/openslam_gmapping) by extensions ['colcon_meta']
[1.912s] Level 1:colcon.colcon_core.package_identification:_identify(src/slam_gmapping/openslam_gmapping) by extension 'colcon_meta'
[1.912s] Level 1:colcon.colcon_core.package_identification:_identify(src/slam_gmapping/openslam_gmapping) by extensions ['ros']
[1.913s] Level 1:colcon.colcon_core.package_identification:_identify(src/slam_gmapping/openslam_gmapping) by extension 'ros'
[1.915s] DEBUG:colcon.colcon_core.package_identification:Package 'src/slam_gmapping/openslam_gmapping' with type 'ros.ament_cmake' and name 'openslam_gmapping'
[1.916s] Level 1:colcon.colcon_core.package_identification:_identify(src/slam_gmapping/slam_gmapping) by extensions ['ignore', 'ignore_ament_install']
[1.916s] Level 1:colcon.colcon_core.package_identification:_identify(src/slam_gmapping/slam_gmapping) by extension 'ignore'
[1.916s] Level 1:colcon.colcon_core.package_identification:_identify(src/slam_gmapping/slam_gmapping) by extension 'ignore_ament_install'
[1.917s] Level 1:colcon.colcon_core.package_identification:_identify(src/slam_gmapping/slam_gmapping) by extensions ['colcon_pkg']
[1.917s] Level 1:colcon.colcon_core.package_identification:_identify(src/slam_gmapping/slam_gmapping) by extension 'colcon_pkg'
[1.917s] Level 1:colcon.colcon_core.package_identification:_identify(src/slam_gmapping/slam_gmapping) by extensions ['colcon_meta']
[1.917s] Level 1:colcon.colcon_core.package_identification:_identify(src/slam_gmapping/slam_gmapping) by extension 'colcon_meta'
[1.918s] Level 1:colcon.colcon_core.package_identification:_identify(src/slam_gmapping/slam_gmapping) by extensions ['ros']
[1.918s] Level 1:colcon.colcon_core.package_identification:_identify(src/slam_gmapping/slam_gmapping) by extension 'ros'
[1.924s] DEBUG:colcon.colcon_core.package_identification:Package 'src/slam_gmapping/slam_gmapping' with type 'ros.ament_cmake' and name 'slam_gmapping'
[1.924s] Level 1:colcon.colcon_core.package_discovery:discover_packages(recursive) using defaults
[1.924s] Level 1:colcon.colcon_core.package_discovery:discover_packages(ignore) discover
[1.924s] Level 1:colcon.colcon_core.package_discovery:discover_packages(ignore) using defaults
[1.925s] Level 1:colcon.colcon_core.package_discovery:discover_packages(path) discover
[1.925s] Level 1:colcon.colcon_core.package_discovery:discover_packages(path) using defaults
[2.031s] INFO:colcon.colcon_core.package_selection:Skipping not selected package 'mobile_robotics' in 'src/mobile_robotics'
[2.031s] INFO:colcon.colcon_core.package_selection:Skipping not selected package 'openslam_gmapping' in 'src/slam_gmapping/openslam_gmapping'
[2.032s] INFO:colcon.colcon_core.package_selection:Skipping not selected package 'rplidar_ros' in 'src/rplidar_ros2'
[2.032s] INFO:colcon.colcon_core.package_selection:Skipping not selected package 'slam_gmapping' in 'src/slam_gmapping/slam_gmapping'
[2.035s] Level 1:colcon.colcon_core.package_discovery:discover_packages(prefix_path) check parameters
[2.036s] Level 1:colcon.colcon_core.package_discovery:discover_packages(prefix_path) discover
[2.051s] DEBUG:colcon.colcon_installed_package_information.package_discovery:Found 6 installed packages in /home/genozen/Desktop/ros2_ws/install
[2.065s] DEBUG:colcon.colcon_installed_package_information.package_discovery:Found 278 installed packages in /opt/ros/humble
[2.073s] Level 1:colcon.colcon_core.package_discovery:discover_packages(prefix_path) using defaults
[2.393s] Level 5:colcon.colcon_core.verb:set package 'my_first_robot' build argument 'cmake_args' from command line to 'None'
[2.393s] Level 5:colcon.colcon_core.verb:set package 'my_first_robot' build argument 'cmake_target' from command line to 'None'
[2.393s] Level 5:colcon.colcon_core.verb:set package 'my_first_robot' build argument 'cmake_target_skip_unavailable' from command line to 'False'
[2.393s] Level 5:colcon.colcon_core.verb:set package 'my_first_robot' build argument 'cmake_clean_cache' from command line to 'False'
[2.394s] Level 5:colcon.colcon_core.verb:set package 'my_first_robot' build argument 'cmake_clean_first' from command line to 'False'
[2.394s] Level 5:colcon.colcon_core.verb:set package 'my_first_robot' build argument 'cmake_force_configure' from command line to 'False'
[2.394s] Level 5:colcon.colcon_core.verb:set package 'my_first_robot' build argument 'ament_cmake_args' from command line to 'None'
[2.394s] Level 5:colcon.colcon_core.verb:set package 'my_first_robot' build argument 'catkin_cmake_args' from command line to 'None'
[2.394s] Level 5:colcon.colcon_core.verb:set package 'my_first_robot' build argument 'catkin_skip_building_tests' from command line to 'False'
[2.394s] DEBUG:colcon.colcon_core.verb:Building package 'my_first_robot' with the following arguments: {'ament_cmake_args': None, 'build_base': '/home/genozen/Desktop/ros2_ws/build/my_first_robot', 'catkin_cmake_args': None, 'catkin_skip_building_tests': False, 'cmake_args': None, 'cmake_clean_cache': False, 'cmake_clean_first': False, 'cmake_force_configure': False, 'cmake_target': None, 'cmake_target_skip_unavailable': False, 'install_base': '/home/genozen/Desktop/ros2_ws/install/my_first_robot', 'merge_install': False, 'path': '/home/genozen/Desktop/ros2_ws/src/my_first_robot', 'symlink_install': False, 'test_result_base': None}
[2.398s] INFO:colcon.colcon_core.executor:Executing jobs using 'parallel' executor
[2.411s] DEBUG:colcon.colcon_parallel_executor.executor.parallel:run_until_complete
[2.412s] INFO:colcon.colcon_ros.task.ament_python.build:Building ROS package in '/home/genozen/Desktop/ros2_ws/src/my_first_robot' with build type 'ament_python'
[2.413s] Level 1:colcon.colcon_core.shell:create_environment_hook('my_first_robot', 'ament_prefix_path')
[2.436s] INFO:colcon.colcon_core.plugin_system:Skipping extension 'colcon_core.shell.bat': Not used on non-Windows systems
[2.437s] INFO:colcon.colcon_core.shell:Creating environment hook '/home/genozen/Desktop/ros2_ws/install/my_first_robot/share/my_first_robot/hook/ament_prefix_path.ps1'
[2.440s] INFO:colcon.colcon_core.shell:Creating environment descriptor '/home/genozen/Desktop/ros2_ws/install/my_first_robot/share/my_first_robot/hook/ament_prefix_path.dsv'
[2.442s] INFO:colcon.colcon_core.shell:Creating environment hook '/home/genozen/Desktop/ros2_ws/install/my_first_robot/share/my_first_robot/hook/ament_prefix_path.sh'
[2.450s] INFO:colcon.colcon_core.shell:Skip shell extension 'powershell' for command environment: Not usable outside of PowerShell
[2.451s] DEBUG:colcon.colcon_core.shell:Skip shell extension 'dsv' for command environment
[3.897s] INFO:colcon.colcon_core.task.python.build:Building Python package in '/home/genozen/Desktop/ros2_ws/src/my_first_robot'
[3.903s] INFO:colcon.colcon_core.shell:Skip shell extension 'powershell' for command environment: Not usable outside of PowerShell
[3.903s] DEBUG:colcon.colcon_core.shell:Skip shell extension 'dsv' for command environment
[5.616s] DEBUG:colcon.colcon_core.event_handler.log_command:Invoking command in '/home/genozen/Desktop/ros2_ws/src/my_first_robot': PYTHONPATH=/home/genozen/Desktop/ros2_ws/build/my_first_robot/prefix_override:/home/genozen/Desktop/ros2_ws/install/my_first_robot/lib/python3.10/site-packages:${PYTHONPATH} /usr/bin/python3 setup.py egg_info --egg-base ../../build/my_first_robot build --build-base /home/genozen/Desktop/ros2_ws/build/my_first_robot/build install --record /home/genozen/Desktop/ros2_ws/build/my_first_robot/install.log --single-version-externally-managed
[7.198s] DEBUG:colcon.colcon_core.event_handler.log_command:Invoked command in '/home/genozen/Desktop/ros2_ws/src/my_first_robot' returned '0': PYTHONPATH=/home/genozen/Desktop/ros2_ws/build/my_first_robot/prefix_override:/home/genozen/Desktop/ros2_ws/install/my_first_robot/lib/python3.10/site-packages:${PYTHONPATH} /usr/bin/python3 setup.py egg_info --egg-base ../../build/my_first_robot build --build-base /home/genozen/Desktop/ros2_ws/build/my_first_robot/build install --record /home/genozen/Desktop/ros2_ws/build/my_first_robot/install.log --single-version-externally-managed
[7.211s] Level 1:colcon.colcon_core.environment:checking '/home/genozen/Desktop/ros2_ws/install/my_first_robot' for CMake module files
[7.215s] Level 1:colcon.colcon_core.environment:checking '/home/genozen/Desktop/ros2_ws/install/my_first_robot' for CMake config files
[7.219s] Level 1:colcon.colcon_core.environment:checking '/home/genozen/Desktop/ros2_ws/install/my_first_robot/lib'
[7.220s] Level 1:colcon.colcon_core.environment:checking '/home/genozen/Desktop/ros2_ws/install/my_first_robot/bin'
[7.221s] Level 1:colcon.colcon_core.environment:checking '/home/genozen/Desktop/ros2_ws/install/my_first_robot/lib/pkgconfig/my_first_robot.pc'
[7.222s] Level 1:colcon.colcon_core.environment:checking '/home/genozen/Desktop/ros2_ws/install/my_first_robot/lib/python3.10/site-packages'
[7.223s] Level 1:colcon.colcon_core.shell:create_environment_hook('my_first_robot', 'pythonpath')
[7.229s] INFO:colcon.colcon_core.shell:Creating environment hook '/home/genozen/Desktop/ros2_ws/install/my_first_robot/share/my_first_robot/hook/pythonpath.ps1'
[7.232s] INFO:colcon.colcon_core.shell:Creating environment descriptor '/home/genozen/Desktop/ros2_ws/install/my_first_robot/share/my_first_robot/hook/pythonpath.dsv'
[7.234s] INFO:colcon.colcon_core.shell:Creating environment hook '/home/genozen/Desktop/ros2_ws/install/my_first_robot/share/my_first_robot/hook/pythonpath.sh'
[7.237s] Level 1:colcon.colcon_core.environment:checking '/home/genozen/Desktop/ros2_ws/install/my_first_robot/bin'
[7.237s] Level 1:colcon.colcon_core.environment:create_environment_scripts_only(my_first_robot)
[7.243s] INFO:colcon.colcon_core.shell:Creating package script '/home/genozen/Desktop/ros2_ws/install/my_first_robot/share/my_first_robot/package.ps1'
[7.249s] INFO:colcon.colcon_core.shell:Creating package descriptor '/home/genozen/Desktop/ros2_ws/install/my_first_robot/share/my_first_robot/package.dsv'
[7.266s] INFO:colcon.colcon_core.shell:Creating package script '/home/genozen/Desktop/ros2_ws/install/my_first_robot/share/my_first_robot/package.sh'
[7.273s] INFO:colcon.colcon_core.shell:Creating package script '/home/genozen/Desktop/ros2_ws/install/my_first_robot/share/my_first_robot/package.bash'
[7.279s] INFO:colcon.colcon_core.shell:Creating package script '/home/genozen/Desktop/ros2_ws/install/my_first_robot/share/my_first_robot/package.zsh'
[7.283s] Level 1:colcon.colcon_core.environment:create_file_with_runtime_dependencies(/home/genozen/Desktop/ros2_ws/install/my_first_robot/share/colcon-core/packages/my_first_robot)
[7.285s] DEBUG:colcon.colcon_parallel_executor.executor.parallel:closing loop
[7.289s] DEBUG:colcon.colcon_parallel_executor.executor.parallel:loop closed
[7.290s] DEBUG:colcon.colcon_parallel_executor.executor.parallel:run_until_complete finished with '0'
[7.290s] DEBUG:colcon.colcon_core.event_reactor:joining thread
[7.319s] INFO:colcon.colcon_core.plugin_system:Skipping extension 'colcon_notification.desktop_notification.terminal_notifier': Not used on non-Darwin systems
[7.319s] INFO:colcon.colcon_core.plugin_system:Skipping extension 'colcon_notification.desktop_notification.win32': Not used on non-Windows systems
[7.320s] INFO:colcon.colcon_notification.desktop_notification:Sending desktop notification using 'notify2'
[7.326s] DEBUG:colcon.colcon_notification.desktop_notification.notify2:Failed to initialize notify2: org.freedesktop.DBus.Error.ServiceUnknown: The name org.freedesktop.Notifications was not provided by any .service files
[7.326s] DEBUG:colcon.colcon_core.event_reactor:joined thread
[7.333s] INFO:colcon.colcon_core.shell:Creating prefix script '/home/genozen/Desktop/ros2_ws/install/local_setup.ps1'
[7.338s] INFO:colcon.colcon_core.shell:Creating prefix util module '/home/genozen/Desktop/ros2_ws/install/_local_setup_util_ps1.py'
[7.344s] INFO:colcon.colcon_core.shell:Creating prefix chain script '/home/genozen/Desktop/ros2_ws/install/setup.ps1'
[7.352s] INFO:colcon.colcon_core.shell:Creating prefix script '/home/genozen/Desktop/ros2_ws/install/local_setup.sh'
[7.355s] INFO:colcon.colcon_core.shell:Creating prefix util module '/home/genozen/Desktop/ros2_ws/install/_local_setup_util_sh.py'
[7.357s] INFO:colcon.colcon_core.shell:Creating prefix chain script '/home/genozen/Desktop/ros2_ws/install/setup.sh'
[7.366s] INFO:colcon.colcon_core.shell:Creating prefix script '/home/genozen/Desktop/ros2_ws/install/local_setup.bash'
[7.368s] INFO:colcon.colcon_core.shell:Creating prefix chain script '/home/genozen/Desktop/ros2_ws/install/setup.bash'
[7.376s] INFO:colcon.colcon_core.shell:Creating prefix script '/home/genozen/Desktop/ros2_ws/install/local_setup.zsh'
[7.378s] INFO:colcon.colcon_core.shell:Creating prefix chain script '/home/genozen/Desktop/ros2_ws/install/setup.zsh'
