[3.138s] DEBUG:colcon:Command line arguments: ['/usr/bin/colcon', 'build', '--packages-select', 'my_first_robot']
[3.138s] DEBUG:colcon:Parsed command line arguments: Namespace(log_base=None, log_level=None, verb_name='build', build_base='build', install_base='install', merge_install=False, symlink_install=False, test_result_base=None, continue_on_error=False, executor='parallel', parallel_workers=4, event_handlers=None, ignore_user_meta=False, metas=['./colcon.meta'], base_paths=['.'], packages_ignore=None, packages_ignore_regex=None, paths=None, packages_up_to=None, packages_up_to_regex=None, packages_above=None, packages_above_and_dependencies=None, packages_above_depth=None, packages_select_by_dep=None, packages_skip_by_dep=None, packages_skip_up_to=None, packages_select_build_failed=False, packages_skip_build_finished=False, packages_select_test_failures=False, packages_skip_test_passed=False, packages_select=['my_first_robot'], packages_skip=None, packages_select_regex=None, packages_skip_regex=None, packages_start=None, packages_end=None, allow_overriding=[], cmake_args=None, cmake_target=None, cmake_target_skip_unavailable=False, cmake_clean_cache=False, cmake_clean_first=False, cmake_force_configure=False, ament_cmake_args=None, catkin_cmake_args=None, catkin_skip_building_tests=False, verb_parser=<colcon_defaults.argument_parser.defaults.DefaultArgumentsDecorator object at 0xffff9b6cb010>, verb_extension=<colcon_core.verb.build.BuildVerb object at 0xffff9bf7ed40>, main=<bound method BuildVerb.main of <colcon_core.verb.build.BuildVerb object at 0xffff9bf7ed40>>)
[3.585s] Level 1:colcon.colcon_core.package_discovery:discover_packages(colcon_meta) check parameters
[3.586s] Level 1:colcon.colcon_core.package_discovery:discover_packages(recursive) check parameters
[3.586s] Level 1:colcon.colcon_core.package_discovery:discover_packages(ignore) check parameters
[3.586s] Level 1:colcon.colcon_core.package_discovery:discover_packages(path) check parameters
[3.587s] Level 1:colcon.colcon_core.package_discovery:discover_packages(colcon_meta) discover
[3.587s] Level 1:colcon.colcon_core.package_discovery:discover_packages(recursive) discover
[3.587s] INFO:colcon.colcon_core.package_discovery:Crawling recursively for packages in '/home/genozen/Desktop/ros2_ws'
[3.588s] Level 1:colcon.colcon_core.package_identification:_identify(.) by extensions ['ignore', 'ignore_ament_install']
[3.588s] Level 1:colcon.colcon_core.package_identification:_identify(.) by extension 'ignore'
[3.589s] Level 1:colcon.colcon_core.package_identification:_identify(.) by extension 'ignore_ament_install'
[3.589s] Level 1:colcon.colcon_core.package_identification:_identify(.) by extensions ['colcon_pkg']
[3.590s] Level 1:colcon.colcon_core.package_identification:_identify(.) by extension 'colcon_pkg'
[3.590s] Level 1:colcon.colcon_core.package_identification:_identify(.) by extensions ['colcon_meta']
[3.590s] Level 1:colcon.colcon_core.package_identification:_identify(.) by extension 'colcon_meta'
[3.590s] Level 1:colcon.colcon_core.package_identification:_identify(.) by extensions ['ros']
[3.591s] Level 1:colcon.colcon_core.package_identification:_identify(.) by extension 'ros'
[3.696s] Level 1:colcon.colcon_core.package_identification:_identify(.) by extensions ['cmake', 'python']
[3.696s] Level 1:colcon.colcon_core.package_identification:_identify(.) by extension 'cmake'
[3.696s] Level 1:colcon.colcon_core.package_identification:_identify(.) by extension 'python'
[3.696s] Level 1:colcon.colcon_core.package_identification:_identify(.) by extensions ['python_setup_py']
[3.697s] Level 1:colcon.colcon_core.package_identification:_identify(.) by extension 'python_setup_py'
[3.697s] Level 1:colcon.colcon_core.package_identification:_identify(build) by extensions ['ignore', 'ignore_ament_install']
[3.698s] Level 1:colcon.colcon_core.package_identification:_identify(build) by extension 'ignore'
[3.698s] Level 1:colcon.colcon_core.package_identification:_identify(build) ignored
[3.699s] Level 1:colcon.colcon_core.package_identification:_identify(install) by extensions ['ignore', 'ignore_ament_install']
[3.699s] Level 1:colcon.colcon_core.package_identification:_identify(install) by extension 'ignore'
[3.700s] Level 1:colcon.colcon_core.package_identification:_identify(install) ignored
[3.701s] Level 1:colcon.colcon_core.package_identification:_identify(log) by extensions ['ignore', 'ignore_ament_install']
[3.702s] Level 1:colcon.colcon_core.package_identification:_identify(log) by extension 'ignore'
[3.702s] Level 1:colcon.colcon_core.package_identification:_identify(log) ignored
[3.702s] Level 1:colcon.colcon_core.package_identification:_identify(src) by extensions ['ignore', 'ignore_ament_install']
[3.703s] Level 1:colcon.colcon_core.package_identification:_identify(src) by extension 'ignore'
[3.703s] Level 1:colcon.colcon_core.package_identification:_identify(src) by extension 'ignore_ament_install'
[3.704s] Level 1:colcon.colcon_core.package_identification:_identify(src) by extensions ['colcon_pkg']
[3.704s] Level 1:colcon.colcon_core.package_identification:_identify(src) by extension 'colcon_pkg'
[3.704s] Level 1:colcon.colcon_core.package_identification:_identify(src) by extensions ['colcon_meta']
[3.704s] Level 1:colcon.colcon_core.package_identification:_identify(src) by extension 'colcon_meta'
[3.704s] Level 1:colcon.colcon_core.package_identification:_identify(src) by extensions ['ros']
[3.705s] Level 1:colcon.colcon_core.package_identification:_identify(src) by extension 'ros'
[3.705s] Level 1:colcon.colcon_core.package_identification:_identify(src) by extensions ['cmake', 'python']
[3.705s] Level 1:colcon.colcon_core.package_identification:_identify(src) by extension 'cmake'
[3.705s] Level 1:colcon.colcon_core.package_identification:_identify(src) by extension 'python'
[3.706s] Level 1:colcon.colcon_core.package_identification:_identify(src) by extensions ['python_setup_py']
[3.706s] Level 1:colcon.colcon_core.package_identification:_identify(src) by extension 'python_setup_py'
[3.707s] Level 1:colcon.colcon_core.package_identification:_identify(src/build) by extensions ['ignore', 'ignore_ament_install']
[3.707s] Level 1:colcon.colcon_core.package_identification:_identify(src/build) by extension 'ignore'
[3.707s] Level 1:colcon.colcon_core.package_identification:_identify(src/build) ignored
[3.708s] Level 1:colcon.colcon_core.package_identification:_identify(src/install) by extensions ['ignore', 'ignore_ament_install']
[3.708s] Level 1:colcon.colcon_core.package_identification:_identify(src/install) by extension 'ignore'
[3.709s] Level 1:colcon.colcon_core.package_identification:_identify(src/install) ignored
[3.709s] Level 1:colcon.colcon_core.package_identification:_identify(src/log) by extensions ['ignore', 'ignore_ament_install']
[3.710s] Level 1:colcon.colcon_core.package_identification:_identify(src/log) by extension 'ignore'
[3.710s] Level 1:colcon.colcon_core.package_identification:_identify(src/log) ignored
[3.710s] Level 1:colcon.colcon_core.package_identification:_identify(src/mobile_robotics) by extensions ['ignore', 'ignore_ament_install']
[3.711s] Level 1:colcon.colcon_core.package_identification:_identify(src/mobile_robotics) by extension 'ignore'
[3.711s] Level 1:colcon.colcon_core.package_identification:_identify(src/mobile_robotics) by extension 'ignore_ament_install'
[3.711s] Level 1:colcon.colcon_core.package_identification:_identify(src/mobile_robotics) by extensions ['colcon_pkg']
[3.712s] Level 1:colcon.colcon_core.package_identification:_identify(src/mobile_robotics) by extension 'colcon_pkg'
[3.712s] Level 1:colcon.colcon_core.package_identification:_identify(src/mobile_robotics) by extensions ['colcon_meta']
[3.712s] Level 1:colcon.colcon_core.package_identification:_identify(src/mobile_robotics) by extension 'colcon_meta'
[3.712s] Level 1:colcon.colcon_core.package_identification:_identify(src/mobile_robotics) by extensions ['ros']
[3.713s] Level 1:colcon.colcon_core.package_identification:_identify(src/mobile_robotics) by extension 'ros'
[3.728s] DEBUG:colcon.colcon_core.package_identification:Package 'src/mobile_robotics' with type 'ros.ament_python' and name 'mobile_robotics'
[3.729s] Level 1:colcon.colcon_core.package_identification:_identify(src/my_first_robot) by extensions ['ignore', 'ignore_ament_install']
[3.729s] Level 1:colcon.colcon_core.package_identification:_identify(src/my_first_robot) by extension 'ignore'
[3.730s] Level 1:colcon.colcon_core.package_identification:_identify(src/my_first_robot) by extension 'ignore_ament_install'
[3.730s] Level 1:colcon.colcon_core.package_identification:_identify(src/my_first_robot) by extensions ['colcon_pkg']
[3.730s] Level 1:colcon.colcon_core.package_identification:_identify(src/my_first_robot) by extension 'colcon_pkg'
[3.731s] Level 1:colcon.colcon_core.package_identification:_identify(src/my_first_robot) by extensions ['colcon_meta']
[3.731s] Level 1:colcon.colcon_core.package_identification:_identify(src/my_first_robot) by extension 'colcon_meta'
[3.731s] Level 1:colcon.colcon_core.package_identification:_identify(src/my_first_robot) by extensions ['ros']
[3.731s] Level 1:colcon.colcon_core.package_identification:_identify(src/my_first_robot) by extension 'ros'
[3.736s] DEBUG:colcon.colcon_core.package_identification:Package 'src/my_first_robot' with type 'ros.ament_python' and name 'my_first_robot'
[3.737s] Level 1:colcon.colcon_core.package_identification:_identify(src/rplidar_ros2) by extensions ['ignore', 'ignore_ament_install']
[3.737s] Level 1:colcon.colcon_core.package_identification:_identify(src/rplidar_ros2) by extension 'ignore'
[3.737s] Level 1:colcon.colcon_core.package_identification:_identify(src/rplidar_ros2) by extension 'ignore_ament_install'
[3.738s] Level 1:colcon.colcon_core.package_identification:_identify(src/rplidar_ros2) by extensions ['colcon_pkg']
[3.738s] Level 1:colcon.colcon_core.package_identification:_identify(src/rplidar_ros2) by extension 'colcon_pkg'
[3.739s] Level 1:colcon.colcon_core.package_identification:_identify(src/rplidar_ros2) by extensions ['colcon_meta']
[3.739s] Level 1:colcon.colcon_core.package_identification:_identify(src/rplidar_ros2) by extension 'colcon_meta'
[3.739s] Level 1:colcon.colcon_core.package_identification:_identify(src/rplidar_ros2) by extensions ['ros']
[3.740s] Level 1:colcon.colcon_core.package_identification:_identify(src/rplidar_ros2) by extension 'ros'
[3.744s] DEBUG:colcon.colcon_core.package_identification:Package 'src/rplidar_ros2' with type 'ros.ament_cmake' and name 'rplidar_ros'
[3.745s] Level 1:colcon.colcon_core.package_identification:_identify(src/slam_gmapping) by extensions ['ignore', 'ignore_ament_install']
[3.746s] Level 1:colcon.colcon_core.package_identification:_identify(src/slam_gmapping) by extension 'ignore'
[3.746s] Level 1:colcon.colcon_core.package_identification:_identify(src/slam_gmapping) by extension 'ignore_ament_install'
[3.747s] Level 1:colcon.colcon_core.package_identification:_identify(src/slam_gmapping) by extensions ['colcon_pkg']
[3.747s] Level 1:colcon.colcon_core.package_identification:_identify(src/slam_gmapping) by extension 'colcon_pkg'
[3.747s] Level 1:colcon.colcon_core.package_identification:_identify(src/slam_gmapping) by extensions ['colcon_meta']
[3.747s] Level 1:colcon.colcon_core.package_identification:_identify(src/slam_gmapping) by extension 'colcon_meta'
[3.748s] Level 1:colcon.colcon_core.package_identification:_identify(src/slam_gmapping) by extensions ['ros']
[3.748s] Level 1:colcon.colcon_core.package_identification:_identify(src/slam_gmapping) by extension 'ros'
[3.749s] Level 1:colcon.colcon_core.package_identification:_identify(src/slam_gmapping) by extensions ['cmake', 'python']
[3.750s] Level 1:colcon.colcon_core.package_identification:_identify(src/slam_gmapping) by extension 'cmake'
[3.750s] Level 1:colcon.colcon_core.package_identification:_identify(src/slam_gmapping) by extension 'python'
[3.750s] Level 1:colcon.colcon_core.package_identification:_identify(src/slam_gmapping) by extensions ['python_setup_py']
[3.750s] Level 1:colcon.colcon_core.package_identification:_identify(src/slam_gmapping) by extension 'python_setup_py'
[3.751s] Level 1:colcon.colcon_core.package_identification:_identify(src/slam_gmapping/openslam_gmapping) by extensions ['ignore', 'ignore_ament_install']
[3.752s] Level 1:colcon.colcon_core.package_identification:_identify(src/slam_gmapping/openslam_gmapping) by extension 'ignore'
[3.752s] Level 1:colcon.colcon_core.package_identification:_identify(src/slam_gmapping/openslam_gmapping) by extension 'ignore_ament_install'
[3.753s] Level 1:colcon.colcon_core.package_identification:_identify(src/slam_gmapping/openslam_gmapping) by extensions ['colcon_pkg']
[3.753s] Level 1:colcon.colcon_core.package_identification:_identify(src/slam_gmapping/openslam_gmapping) by extension 'colcon_pkg'
[3.753s] Level 1:colcon.colcon_core.package_identification:_identify(src/slam_gmapping/openslam_gmapping) by extensions ['colcon_meta']
[3.754s] Level 1:colcon.colcon_core.package_identification:_identify(src/slam_gmapping/openslam_gmapping) by extension 'colcon_meta'
[3.754s] Level 1:colcon.colcon_core.package_identification:_identify(src/slam_gmapping/openslam_gmapping) by extensions ['ros']
[3.754s] Level 1:colcon.colcon_core.package_identification:_identify(src/slam_gmapping/openslam_gmapping) by extension 'ros'
[3.757s] DEBUG:colcon.colcon_core.package_identification:Package 'src/slam_gmapping/openslam_gmapping' with type 'ros.ament_cmake' and name 'openslam_gmapping'
[3.758s] Level 1:colcon.colcon_core.package_identification:_identify(src/slam_gmapping/slam_gmapping) by extensions ['ignore', 'ignore_ament_install']
[3.759s] Level 1:colcon.colcon_core.package_identification:_identify(src/slam_gmapping/slam_gmapping) by extension 'ignore'
[3.759s] Level 1:colcon.colcon_core.package_identification:_identify(src/slam_gmapping/slam_gmapping) by extension 'ignore_ament_install'
[3.760s] Level 1:colcon.colcon_core.package_identification:_identify(src/slam_gmapping/slam_gmapping) by extensions ['colcon_pkg']
[3.760s] Level 1:colcon.colcon_core.package_identification:_identify(src/slam_gmapping/slam_gmapping) by extension 'colcon_pkg'
[3.760s] Level 1:colcon.colcon_core.package_identification:_identify(src/slam_gmapping/slam_gmapping) by extensions ['colcon_meta']
[3.761s] Level 1:colcon.colcon_core.package_identification:_identify(src/slam_gmapping/slam_gmapping) by extension 'colcon_meta'
[3.761s] Level 1:colcon.colcon_core.package_identification:_identify(src/slam_gmapping/slam_gmapping) by extensions ['ros']
[3.761s] Level 1:colcon.colcon_core.package_identification:_identify(src/slam_gmapping/slam_gmapping) by extension 'ros'
[3.768s] DEBUG:colcon.colcon_core.package_identification:Package 'src/slam_gmapping/slam_gmapping' with type 'ros.ament_cmake' and name 'slam_gmapping'
[3.768s] Level 1:colcon.colcon_core.package_discovery:discover_packages(recursive) using defaults
[3.768s] Level 1:colcon.colcon_core.package_discovery:discover_packages(ignore) discover
[3.769s] Level 1:colcon.colcon_core.package_discovery:discover_packages(ignore) using defaults
[3.769s] Level 1:colcon.colcon_core.package_discovery:discover_packages(path) discover
[3.769s] Level 1:colcon.colcon_core.package_discovery:discover_packages(path) using defaults
[3.962s] INFO:colcon.colcon_core.package_selection:Skipping not selected package 'mobile_robotics' in 'src/mobile_robotics'
[3.962s] INFO:colcon.colcon_core.package_selection:Skipping not selected package 'openslam_gmapping' in 'src/slam_gmapping/openslam_gmapping'
[3.963s] INFO:colcon.colcon_core.package_selection:Skipping not selected package 'rplidar_ros' in 'src/rplidar_ros2'
[3.963s] INFO:colcon.colcon_core.package_selection:Skipping not selected package 'slam_gmapping' in 'src/slam_gmapping/slam_gmapping'
[3.968s] Level 1:colcon.colcon_core.package_discovery:discover_packages(prefix_path) check parameters
[3.968s] Level 1:colcon.colcon_core.package_discovery:discover_packages(prefix_path) discover
[3.992s] DEBUG:colcon.colcon_installed_package_information.package_discovery:Found 6 installed packages in /home/genozen/Desktop/ros2_ws/install
[4.006s] DEBUG:colcon.colcon_installed_package_information.package_discovery:Found 278 installed packages in /opt/ros/humble
[4.013s] Level 1:colcon.colcon_core.package_discovery:discover_packages(prefix_path) using defaults
[4.329s] Level 5:colcon.colcon_core.verb:set package 'my_first_robot' build argument 'cmake_args' from command line to 'None'
[4.329s] Level 5:colcon.colcon_core.verb:set package 'my_first_robot' build argument 'cmake_target' from command line to 'None'
[4.329s] Level 5:colcon.colcon_core.verb:set package 'my_first_robot' build argument 'cmake_target_skip_unavailable' from command line to 'False'
[4.330s] Level 5:colcon.colcon_core.verb:set package 'my_first_robot' build argument 'cmake_clean_cache' from command line to 'False'
[4.330s] Level 5:colcon.colcon_core.verb:set package 'my_first_robot' build argument 'cmake_clean_first' from command line to 'False'
[4.330s] Level 5:colcon.colcon_core.verb:set package 'my_first_robot' build argument 'cmake_force_configure' from command line to 'False'
[4.330s] Level 5:colcon.colcon_core.verb:set package 'my_first_robot' build argument 'ament_cmake_args' from command line to 'None'
[4.330s] Level 5:colcon.colcon_core.verb:set package 'my_first_robot' build argument 'catkin_cmake_args' from command line to 'None'
[4.330s] Level 5:colcon.colcon_core.verb:set package 'my_first_robot' build argument 'catkin_skip_building_tests' from command line to 'False'
[4.331s] DEBUG:colcon.colcon_core.verb:Building package 'my_first_robot' with the following arguments: {'ament_cmake_args': None, 'build_base': '/home/genozen/Desktop/ros2_ws/build/my_first_robot', 'catkin_cmake_args': None, 'catkin_skip_building_tests': False, 'cmake_args': None, 'cmake_clean_cache': False, 'cmake_clean_first': False, 'cmake_force_configure': False, 'cmake_target': None, 'cmake_target_skip_unavailable': False, 'install_base': '/home/genozen/Desktop/ros2_ws/install/my_first_robot', 'merge_install': False, 'path': '/home/genozen/Desktop/ros2_ws/src/my_first_robot', 'symlink_install': False, 'test_result_base': None}
[4.334s] INFO:colcon.colcon_core.executor:Executing jobs using 'parallel' executor
[4.348s] DEBUG:colcon.colcon_parallel_executor.executor.parallel:run_until_complete
[4.349s] INFO:colcon.colcon_ros.task.ament_python.build:Building ROS package in '/home/genozen/Desktop/ros2_ws/src/my_first_robot' with build type 'ament_python'
[4.350s] Level 1:colcon.colcon_core.shell:create_environment_hook('my_first_robot', 'ament_prefix_path')
[4.388s] INFO:colcon.colcon_core.plugin_system:Skipping extension 'colcon_core.shell.bat': Not used on non-Windows systems
[4.389s] INFO:colcon.colcon_core.shell:Creating environment hook '/home/genozen/Desktop/ros2_ws/install/my_first_robot/share/my_first_robot/hook/ament_prefix_path.ps1'
[4.394s] INFO:colcon.colcon_core.shell:Creating environment descriptor '/home/genozen/Desktop/ros2_ws/install/my_first_robot/share/my_first_robot/hook/ament_prefix_path.dsv'
[4.448s] INFO:colcon.colcon_core.shell:Creating environment hook '/home/genozen/Desktop/ros2_ws/install/my_first_robot/share/my_first_robot/hook/ament_prefix_path.sh'
[4.462s] INFO:colcon.colcon_core.shell:Skip shell extension 'powershell' for command environment: Not usable outside of PowerShell
[4.462s] DEBUG:colcon.colcon_core.shell:Skip shell extension 'dsv' for command environment
[5.923s] INFO:colcon.colcon_core.task.python.build:Building Python package in '/home/genozen/Desktop/ros2_ws/src/my_first_robot'
[5.929s] INFO:colcon.colcon_core.shell:Skip shell extension 'powershell' for command environment: Not usable outside of PowerShell
[5.929s] DEBUG:colcon.colcon_core.shell:Skip shell extension 'dsv' for command environment
[8.193s] DEBUG:colcon.colcon_core.event_handler.log_command:Invoking command in '/home/genozen/Desktop/ros2_ws/src/my_first_robot': PYTHONPATH=/home/genozen/Desktop/ros2_ws/build/my_first_robot/prefix_override:/home/genozen/Desktop/ros2_ws/install/my_first_robot/lib/python3.10/site-packages:${PYTHONPATH} /usr/bin/python3 setup.py egg_info --egg-base ../../build/my_first_robot build --build-base /home/genozen/Desktop/ros2_ws/build/my_first_robot/build install --record /home/genozen/Desktop/ros2_ws/build/my_first_robot/install.log --single-version-externally-managed
[9.764s] DEBUG:colcon.colcon_core.event_handler.log_command:Invoked command in '/home/genozen/Desktop/ros2_ws/src/my_first_robot' returned '0': PYTHONPATH=/home/genozen/Desktop/ros2_ws/build/my_first_robot/prefix_override:/home/genozen/Desktop/ros2_ws/install/my_first_robot/lib/python3.10/site-packages:${PYTHONPATH} /usr/bin/python3 setup.py egg_info --egg-base ../../build/my_first_robot build --build-base /home/genozen/Desktop/ros2_ws/build/my_first_robot/build install --record /home/genozen/Desktop/ros2_ws/build/my_first_robot/install.log --single-version-externally-managed
[9.812s] Level 1:colcon.colcon_core.environment:checking '/home/genozen/Desktop/ros2_ws/install/my_first_robot' for CMake module files
[9.816s] Level 1:colcon.colcon_core.environment:checking '/home/genozen/Desktop/ros2_ws/install/my_first_robot' for CMake config files
[9.821s] Level 1:colcon.colcon_core.environment:checking '/home/genozen/Desktop/ros2_ws/install/my_first_robot/lib'
[9.822s] Level 1:colcon.colcon_core.environment:checking '/home/genozen/Desktop/ros2_ws/install/my_first_robot/bin'
[9.823s] Level 1:colcon.colcon_core.environment:checking '/home/genozen/Desktop/ros2_ws/install/my_first_robot/lib/pkgconfig/my_first_robot.pc'
[9.825s] Level 1:colcon.colcon_core.environment:checking '/home/genozen/Desktop/ros2_ws/install/my_first_robot/lib/python3.10/site-packages'
[9.825s] Level 1:colcon.colcon_core.shell:create_environment_hook('my_first_robot', 'pythonpath')
[9.833s] INFO:colcon.colcon_core.shell:Creating environment hook '/home/genozen/Desktop/ros2_ws/install/my_first_robot/share/my_first_robot/hook/pythonpath.ps1'
[9.836s] INFO:colcon.colcon_core.shell:Creating environment descriptor '/home/genozen/Desktop/ros2_ws/install/my_first_robot/share/my_first_robot/hook/pythonpath.dsv'
[9.838s] INFO:colcon.colcon_core.shell:Creating environment hook '/home/genozen/Desktop/ros2_ws/install/my_first_robot/share/my_first_robot/hook/pythonpath.sh'
[9.842s] Level 1:colcon.colcon_core.environment:checking '/home/genozen/Desktop/ros2_ws/install/my_first_robot/bin'
[9.842s] Level 1:colcon.colcon_core.environment:create_environment_scripts_only(my_first_robot)
[9.849s] INFO:colcon.colcon_core.shell:Creating package script '/home/genozen/Desktop/ros2_ws/install/my_first_robot/share/my_first_robot/package.ps1'
[9.855s] INFO:colcon.colcon_core.shell:Creating package descriptor '/home/genozen/Desktop/ros2_ws/install/my_first_robot/share/my_first_robot/package.dsv'
[9.860s] INFO:colcon.colcon_core.shell:Creating package script '/home/genozen/Desktop/ros2_ws/install/my_first_robot/share/my_first_robot/package.sh'
[9.866s] INFO:colcon.colcon_core.shell:Creating package script '/home/genozen/Desktop/ros2_ws/install/my_first_robot/share/my_first_robot/package.bash'
[9.872s] INFO:colcon.colcon_core.shell:Creating package script '/home/genozen/Desktop/ros2_ws/install/my_first_robot/share/my_first_robot/package.zsh'
[9.878s] Level 1:colcon.colcon_core.environment:create_file_with_runtime_dependencies(/home/genozen/Desktop/ros2_ws/install/my_first_robot/share/colcon-core/packages/my_first_robot)
[9.880s] DEBUG:colcon.colcon_parallel_executor.executor.parallel:closing loop
[9.882s] DEBUG:colcon.colcon_parallel_executor.executor.parallel:loop closed
[9.882s] DEBUG:colcon.colcon_parallel_executor.executor.parallel:run_until_complete finished with '0'
[9.883s] DEBUG:colcon.colcon_core.event_reactor:joining thread
[9.924s] INFO:colcon.colcon_core.plugin_system:Skipping extension 'colcon_notification.desktop_notification.terminal_notifier': Not used on non-Darwin systems
[9.924s] INFO:colcon.colcon_core.plugin_system:Skipping extension 'colcon_notification.desktop_notification.win32': Not used on non-Windows systems
[9.925s] INFO:colcon.colcon_notification.desktop_notification:Sending desktop notification using 'notify2'
[9.931s] DEBUG:colcon.colcon_notification.desktop_notification.notify2:Failed to initialize notify2: org.freedesktop.DBus.Error.ServiceUnknown: The name org.freedesktop.Notifications was not provided by any .service files
[9.932s] DEBUG:colcon.colcon_core.event_reactor:joined thread
[9.939s] INFO:colcon.colcon_core.shell:Creating prefix script '/home/genozen/Desktop/ros2_ws/install/local_setup.ps1'
[9.945s] INFO:colcon.colcon_core.shell:Creating prefix util module '/home/genozen/Desktop/ros2_ws/install/_local_setup_util_ps1.py'
[9.954s] INFO:colcon.colcon_core.shell:Creating prefix chain script '/home/genozen/Desktop/ros2_ws/install/setup.ps1'
[9.963s] INFO:colcon.colcon_core.shell:Creating prefix script '/home/genozen/Desktop/ros2_ws/install/local_setup.sh'
[9.968s] INFO:colcon.colcon_core.shell:Creating prefix util module '/home/genozen/Desktop/ros2_ws/install/_local_setup_util_sh.py'
[9.971s] INFO:colcon.colcon_core.shell:Creating prefix chain script '/home/genozen/Desktop/ros2_ws/install/setup.sh'
[9.981s] INFO:colcon.colcon_core.shell:Creating prefix script '/home/genozen/Desktop/ros2_ws/install/local_setup.bash'
[9.985s] INFO:colcon.colcon_core.shell:Creating prefix chain script '/home/genozen/Desktop/ros2_ws/install/setup.bash'
[9.997s] INFO:colcon.colcon_core.shell:Creating prefix script '/home/genozen/Desktop/ros2_ws/install/local_setup.zsh'
[10.001s] INFO:colcon.colcon_core.shell:Creating prefix chain script '/home/genozen/Desktop/ros2_ws/install/setup.zsh'
