[6.967s] Invoking command in '/home/genozen/Desktop/ros2_ws/build/mobile_robotics': PYTHONPATH=/home/genozen/Desktop/ros2_ws/build/mobile_robotics/prefix_override:/home/genozen/Desktop/ros2_ws/install/mobile_robotics/lib/python3.10/site-packages:${PYTHONPATH} /usr/bin/python3 setup.py develop --uninstall --editable --build-directory /home/genozen/Desktop/ros2_ws/build/mobile_robotics/build
[9.018s] running develop
[9.182s] /usr/lib/python3/dist-packages/setuptools/command/easy_install.py:158: EasyInstallDeprecationWarning: easy_install command is deprecated. Use build and pip and other standards-based tools.
[9.183s]   warnings.warn(
[9.385s] /usr/lib/python3/dist-packages/setuptools/command/install.py:34: SetuptoolsDeprecationWarning: setup.py install is deprecated. Use build and pip and other standards-based tools.
[9.386s]   warnings.warn(
[9.777s] /usr/lib/python3/dist-packages/pkg_resources/__init__.py:116: PkgResourcesDeprecationWarning: 1.1build1 is an invalid version and will not be supported in a future release
[9.780s]   warnings.warn(
[9.782s] /usr/lib/python3/dist-packages/pkg_resources/__init__.py:116: PkgResourcesDeprecationWarning: 0.1.43ubuntu1 is an invalid version and will not be supported in a future release
[9.786s]   warnings.warn(
[10.690s] Invoked command in '/home/genozen/Desktop/ros2_ws/build/mobile_robotics' returned '0': PYTHONPATH=/home/genozen/Desktop/ros2_ws/build/mobile_robotics/prefix_override:/home/genozen/Desktop/ros2_ws/install/mobile_robotics/lib/python3.10/site-packages:${PYTHONPATH} /usr/bin/python3 setup.py develop --uninstall --editable --build-directory /home/genozen/Desktop/ros2_ws/build/mobile_robotics/build
[10.695s] Invoking command in '/home/genozen/Desktop/ros2_ws/src/mobile_robotics': PYTHONPATH=/home/genozen/Desktop/ros2_ws/build/mobile_robotics/prefix_override:/home/genozen/Desktop/ros2_ws/install/mobile_robotics/lib/python3.10/site-packages:${PYTHONPATH} /usr/bin/python3 setup.py egg_info --egg-base ../../build/mobile_robotics build --build-base /home/genozen/Desktop/ros2_ws/build/mobile_robotics/build install --record /home/genozen/Desktop/ros2_ws/build/mobile_robotics/install.log --single-version-externally-managed
[12.044s] running egg_info
[12.047s] writing ../../build/mobile_robotics/mobile_robotics.egg-info/PKG-INFO
[12.050s] writing dependency_links to ../../build/mobile_robotics/mobile_robotics.egg-info/dependency_links.txt
[12.051s] writing entry points to ../../build/mobile_robotics/mobile_robotics.egg-info/entry_points.txt
[12.051s] writing requirements to ../../build/mobile_robotics/mobile_robotics.egg-info/requires.txt
[12.052s] writing top-level names to ../../build/mobile_robotics/mobile_robotics.egg-info/top_level.txt
[12.062s] reading manifest file '../../build/mobile_robotics/mobile_robotics.egg-info/SOURCES.txt'
[12.072s] writing manifest file '../../build/mobile_robotics/mobile_robotics.egg-info/SOURCES.txt'
[12.073s] running build
[12.074s] running build_py
[12.077s] running install
[12.091s] /usr/lib/python3/dist-packages/setuptools/command/install.py:34: SetuptoolsDeprecationWarning: setup.py install is deprecated. Use build and pip and other standards-based tools.
[12.092s]   warnings.warn(
[12.093s] running install_lib
[12.093s] running install_data
[12.108s] running install_egg_info
[12.108s] removing '/home/genozen/Desktop/ros2_ws/install/mobile_robotics/lib/python3.10/site-packages/mobile_robotics-0.0.0-py3.10.egg-info' (and everything under it)
[12.109s] Copying ../../build/mobile_robotics/mobile_robotics.egg-info to /home/genozen/Desktop/ros2_ws/install/mobile_robotics/lib/python3.10/site-packages/mobile_robotics-0.0.0-py3.10.egg-info
[12.112s] running install_scripts
[12.216s] Installing cod_ex2 script to /home/genozen/Desktop/ros2_ws/install/mobile_robotics/lib/mobile_robotics
[12.219s] Installing part1 script to /home/genozen/Desktop/ros2_ws/install/mobile_robotics/lib/mobile_robotics
[12.222s] writing list of installed files to '/home/genozen/Desktop/ros2_ws/build/mobile_robotics/install.log'
[12.379s] Invoked command in '/home/genozen/Desktop/ros2_ws/src/mobile_robotics' returned '0': PYTHONPATH=/home/genozen/Desktop/ros2_ws/build/mobile_robotics/prefix_override:/home/genozen/Desktop/ros2_ws/install/mobile_robotics/lib/python3.10/site-packages:${PYTHONPATH} /usr/bin/python3 setup.py egg_info --egg-base ../../build/mobile_robotics build --build-base /home/genozen/Desktop/ros2_ws/build/mobile_robotics/build install --record /home/genozen/Desktop/ros2_ws/build/mobile_robotics/install.log --single-version-externally-managed
