running develop
/usr/lib/python3/dist-packages/setuptools/command/easy_install.py:158: EasyInstallDeprecationWarning: easy_install command is deprecated. Use build and pip and other standards-based tools.
  warnings.warn(
/usr/lib/python3/dist-packages/setuptools/command/install.py:34: SetuptoolsDeprecationWarning: setup.py install is deprecated. Use build and pip and other standards-based tools.
  warnings.warn(
/usr/lib/python3/dist-packages/pkg_resources/__init__.py:116: PkgResourcesDeprecationWarning: 1.1build1 is an invalid version and will not be supported in a future release
  warnings.warn(
/usr/lib/python3/dist-packages/pkg_resources/__init__.py:116: PkgResourcesDeprecationWarning: 0.1.43ubuntu1 is an invalid version and will not be supported in a future release
  warnings.warn(
running egg_info
writing my_first_robot.egg-info/PKG-INFO
writing dependency_links to my_first_robot.egg-info/dependency_links.txt
writing entry points to my_first_robot.egg-info/entry_points.txt
writing requirements to my_first_robot.egg-info/requires.txt
writing top-level names to my_first_robot.egg-info/top_level.txt
reading manifest file 'my_first_robot.egg-info/SOURCES.txt'
writing manifest file 'my_first_robot.egg-info/SOURCES.txt'
running build_ext
Creating /home/genozen/Desktop/ros2_ws/install/my_first_robot/lib/python3.10/site-packages/my-first-robot.egg-link (link to .)
Installing joystick_listener script to /home/genozen/Desktop/ros2_ws/install/my_first_robot/lib/my_first_robot

Installed /home/genozen/Desktop/ros2_ws/build/my_first_robot
running install_data
