[4.482s] Invoking command in '/home/genozen/Desktop/ros2_ws/build/my_first_robot': PYTHONPATH=/home/genozen/Desktop/ros2_ws/build/my_first_robot/prefix_override:/home/genozen/Desktop/ros2_ws/install/my_first_robot/lib/python3.10/site-packages:${PYTHONPATH} /usr/bin/python3 setup.py develop --editable --build-directory /home/genozen/Desktop/ros2_ws/build/my_first_robot/build --no-deps install_data
[6.424s] running develop
[6.434s] /usr/lib/python3/dist-packages/setuptools/command/easy_install.py:158: EasyInstallDeprecationWarning: easy_install command is deprecated. Use build and pip and other standards-based tools.
[6.434s]   warnings.warn(
[6.438s] /usr/lib/python3/dist-packages/setuptools/command/install.py:34: SetuptoolsDeprecationWarning: setup.py install is deprecated. Use build and pip and other standards-based tools.
[6.439s]   warnings.warn(
[6.992s] /usr/lib/python3/dist-packages/pkg_resources/__init__.py:116: PkgResourcesDeprecationWarning: 1.1build1 is an invalid version and will not be supported in a future release
[6.998s]   warnings.warn(
[7.009s] /usr/lib/python3/dist-packages/pkg_resources/__init__.py:116: PkgResourcesDeprecationWarning: 0.1.43ubuntu1 is an invalid version and will not be supported in a future release
[7.014s]   warnings.warn(
[7.911s] running egg_info
[7.912s] writing my_first_robot.egg-info/PKG-INFO
[7.914s] writing dependency_links to my_first_robot.egg-info/dependency_links.txt
[7.916s] writing entry points to my_first_robot.egg-info/entry_points.txt
[7.918s] writing requirements to my_first_robot.egg-info/requires.txt
[7.921s] writing top-level names to my_first_robot.egg-info/top_level.txt
[7.929s] reading manifest file 'my_first_robot.egg-info/SOURCES.txt'
[7.935s] writing manifest file 'my_first_robot.egg-info/SOURCES.txt'
[7.947s] running build_ext
[7.950s] Creating /home/genozen/Desktop/ros2_ws/install/my_first_robot/lib/python3.10/site-packages/my-first-robot.egg-link (link to .)
[7.960s] Installing joystick_listener script to /home/genozen/Desktop/ros2_ws/install/my_first_robot/lib/my_first_robot
[7.965s] 
[7.971s] Installed /home/genozen/Desktop/ros2_ws/build/my_first_robot
[7.977s] running install_data
[8.179s] Invoked command in '/home/genozen/Desktop/ros2_ws/build/my_first_robot' returned '0': PYTHONPATH=/home/genozen/Desktop/ros2_ws/build/my_first_robot/prefix_override:/home/genozen/Desktop/ros2_ws/install/my_first_robot/lib/python3.10/site-packages:${PYTHONPATH} /usr/bin/python3 setup.py develop --editable --build-directory /home/genozen/Desktop/ros2_ws/build/my_first_robot/build --no-deps install_data
