running egg_info
writing ../../build/my_first_robot/my_first_robot.egg-info/PKG-INFO
writing dependency_links to ../../build/my_first_robot/my_first_robot.egg-info/dependency_links.txt
writing entry points to ../../build/my_first_robot/my_first_robot.egg-info/entry_points.txt
writing requirements to ../../build/my_first_robot/my_first_robot.egg-info/requires.txt
writing top-level names to ../../build/my_first_robot/my_first_robot.egg-info/top_level.txt
reading manifest file '../../build/my_first_robot/my_first_robot.egg-info/SOURCES.txt'
writing manifest file '../../build/my_first_robot/my_first_robot.egg-info/SOURCES.txt'
running build
running build_py
copying my_first_robot/my_first_robot_driver.py -> /home/genozen/Desktop/ros2_ws/build/my_first_robot/build/lib/my_first_robot
/usr/lib/python3/dist-packages/setuptools/command/install.py:34: SetuptoolsDeprecationWarning: setup.py install is deprecated. Use build and pip and other standards-based tools.
  warnings.warn(
running install
running install_lib
copying /home/genozen/Desktop/ros2_ws/build/my_first_robot/build/lib/my_first_robot/my_first_robot_driver.py -> /home/genozen/Desktop/ros2_ws/install/my_first_robot/lib/python3.10/site-packages/my_first_robot
byte-compiling /home/genozen/Desktop/ros2_ws/install/my_first_robot/lib/python3.10/site-packages/my_first_robot/my_first_robot_driver.py to my_first_robot_driver.cpython-310.pyc
running install_data
running install_egg_info
removing '/home/genozen/Desktop/ros2_ws/install/my_first_robot/lib/python3.10/site-packages/my_first_robot-0.0.0-py3.10.egg-info' (and everything under it)
Copying ../../build/my_first_robot/my_first_robot.egg-info to /home/genozen/Desktop/ros2_ws/install/my_first_robot/lib/python3.10/site-packages/my_first_robot-0.0.0-py3.10.egg-info
running install_scripts
Installing joystick_listender script to /home/genozen/Desktop/ros2_ws/install/my_first_robot/lib/my_first_robot
writing list of installed files to '/home/genozen/Desktop/ros2_ws/build/my_first_robot/install.log'
