[8.635s] Invoking command in '/home/genozen/Desktop/ros2_ws/build/mobile_robotics': PYTHONPATH=/home/genozen/Desktop/ros2_ws/build/mobile_robotics/prefix_override:/home/genozen/Desktop/ros2_ws/install/mobile_robotics/lib/python3.10/site-packages:${PYTHONPATH} /usr/bin/python3 setup.py develop --uninstall --editable --build-directory /home/genozen/Desktop/ros2_ws/build/mobile_robotics/build
[10.925s] running develop
[11.220s] /usr/lib/python3/dist-packages/setuptools/command/easy_install.py:158: EasyInstallDeprecationWarning: easy_install command is deprecated. Use build and pip and other standards-based tools.
[11.222s]   warnings.warn(
[11.235s] /usr/lib/python3/dist-packages/setuptools/command/install.py:34: SetuptoolsDeprecationWarning: setup.py install is deprecated. Use build and pip and other standards-based tools.
[11.237s]   warnings.warn(
[11.779s] /usr/lib/python3/dist-packages/pkg_resources/__init__.py:116: PkgResourcesDeprecationWarning: 1.1build1 is an invalid version and will not be supported in a future release
[11.780s]   warnings.warn(
[11.781s] /usr/lib/python3/dist-packages/pkg_resources/__init__.py:116: PkgResourcesDeprecationWarning: 0.1.43ubuntu1 is an invalid version and will not be supported in a future release
[11.782s]   warnings.warn(
[12.578s] Invoked command in '/home/genozen/Desktop/ros2_ws/build/mobile_robotics' returned '0': PYTHONPATH=/home/genozen/Desktop/ros2_ws/build/mobile_robotics/prefix_override:/home/genozen/Desktop/ros2_ws/install/mobile_robotics/lib/python3.10/site-packages:${PYTHONPATH} /usr/bin/python3 setup.py develop --uninstall --editable --build-directory /home/genozen/Desktop/ros2_ws/build/mobile_robotics/build
[12.589s] Invoking command in '/home/genozen/Desktop/ros2_ws/src/mobile_robotics': PYTHONPATH=/home/genozen/Desktop/ros2_ws/build/mobile_robotics/prefix_override:/home/genozen/Desktop/ros2_ws/install/mobile_robotics/lib/python3.10/site-packages:${PYTHONPATH} /usr/bin/python3 setup.py egg_info --egg-base ../../build/mobile_robotics build --build-base /home/genozen/Desktop/ros2_ws/build/mobile_robotics/build install --record /home/genozen/Desktop/ros2_ws/build/mobile_robotics/install.log --single-version-externally-managed
[14.317s] running egg_info
[14.325s] writing ../../build/mobile_robotics/mobile_robotics.egg-info/PKG-INFO
[14.326s] writing dependency_links to ../../build/mobile_robotics/mobile_robotics.egg-info/dependency_links.txt
[14.327s] writing entry points to ../../build/mobile_robotics/mobile_robotics.egg-info/entry_points.txt
[14.328s] writing requirements to ../../build/mobile_robotics/mobile_robotics.egg-info/requires.txt
[14.329s] writing top-level names to ../../build/mobile_robotics/mobile_robotics.egg-info/top_level.txt
[14.339s] reading manifest file '../../build/mobile_robotics/mobile_robotics.egg-info/SOURCES.txt'
[14.745s] writing manifest file '../../build/mobile_robotics/mobile_robotics.egg-info/SOURCES.txt'
[15.005s] running build
[15.006s] running build_py
[15.011s] running install
[15.011s] /usr/lib/python3/dist-packages/setuptools/command/install.py:34: SetuptoolsDeprecationWarning: setup.py install is deprecated. Use build and pip and other standards-based tools.
[15.012s]   warnings.warn(
[15.013s] running install_lib
[15.023s] running install_data
[15.025s] running install_egg_info
[15.033s] removing '/home/genozen/Desktop/ros2_ws/install/mobile_robotics/lib/python3.10/site-packages/mobile_robotics-0.0.0-py3.10.egg-info' (and everything under it)
[15.036s] Copying ../../build/mobile_robotics/mobile_robotics.egg-info to /home/genozen/Desktop/ros2_ws/install/mobile_robotics/lib/python3.10/site-packages/mobile_robotics-0.0.0-py3.10.egg-info
[15.044s] running install_scripts
[15.133s] Installing cod_ex2 script to /home/genozen/Desktop/ros2_ws/install/mobile_robotics/lib/mobile_robotics
[15.134s] Installing part1 script to /home/genozen/Desktop/ros2_ws/install/mobile_robotics/lib/mobile_robotics
[15.139s] writing list of installed files to '/home/genozen/Desktop/ros2_ws/build/mobile_robotics/install.log'
[15.270s] Invoked command in '/home/genozen/Desktop/ros2_ws/src/mobile_robotics' returned '0': PYTHONPATH=/home/genozen/Desktop/ros2_ws/build/mobile_robotics/prefix_override:/home/genozen/Desktop/ros2_ws/install/mobile_robotics/lib/python3.10/site-packages:${PYTHONPATH} /usr/bin/python3 setup.py egg_info --egg-base ../../build/mobile_robotics build --build-base /home/genozen/Desktop/ros2_ws/build/mobile_robotics/build install --record /home/genozen/Desktop/ros2_ws/build/mobile_robotics/install.log --single-version-externally-managed
