[1.446s] Invoking command in '/home/genozen/Desktop/ros2_ws/build/rplidar_ros': /usr/bin/cmake --build /home/genozen/Desktop/ros2_ws/build/rplidar_ros -- -j4 -l4
[3.071s] [35m[1mConsolidate compiler generated dependencies of target rplidar_composition_node[0m
[4.717s] [ 77%] Built target rplidar_composition_node
[4.821s] [35m[1mConsolidate compiler generated dependencies of target rplidar_composition[0m
[4.941s] [100%] Built target rplidar_composition
[4.988s] Invoked command in '/home/genozen/Desktop/ros2_ws/build/rplidar_ros' returned '0': /usr/bin/cmake --build /home/genozen/Desktop/ros2_ws/build/rplidar_ros -- -j4 -l4
[5.318s] Invoking command in '/home/genozen/Desktop/ros2_ws/build/rplidar_ros': /usr/bin/cmake --install /home/genozen/Desktop/ros2_ws/build/rplidar_ros
[5.385s] -- Install configuration: ""
[5.425s] -- Execute custom install script
[5.449s] -- Up-to-date symlink: /home/genozen/Desktop/ros2_ws/install/rplidar_ros/lib/rplidar_ros/rplidar_composition
[5.485s] -- Symlinking: /home/genozen/Desktop/ros2_ws/install/rplidar_ros/share/rplidar_ros/launch/__pycache__/rplidar.launch.cpython-310.pyc
[5.555s] -- Symlinking: /home/genozen/Desktop/ros2_ws/install/rplidar_ros/share/rplidar_ros/launch/__pycache__/view_rplidar.launch.cpython-310.pyc
[5.630s] -- Up-to-date symlink: /home/genozen/Desktop/ros2_ws/install/rplidar_ros/share/rplidar_ros/launch/rplidar.launch.py
[5.632s] -- Up-to-date symlink: /home/genozen/Desktop/ros2_ws/install/rplidar_ros/share/rplidar_ros/launch/rplidar_a3.launch.py
[5.639s] -- Up-to-date symlink: /home/genozen/Desktop/ros2_ws/install/rplidar_ros/share/rplidar_ros/launch/rplidar_s1.launch.py
[5.640s] -- Up-to-date symlink: /home/genozen/Desktop/ros2_ws/install/rplidar_ros/share/rplidar_ros/launch/rplidar_s1_tcp.launch.py
[5.643s] -- Up-to-date symlink: /home/genozen/Desktop/ros2_ws/install/rplidar_ros/share/rplidar_ros/launch/test_rplidar_a3.launch.py
[5.651s] -- Up-to-date symlink: /home/genozen/Desktop/ros2_ws/install/rplidar_ros/share/rplidar_ros/launch/view_rplidar.launch.py
[5.652s] -- Up-to-date symlink: /home/genozen/Desktop/ros2_ws/install/rplidar_ros/share/rplidar_ros/launch/view_rplidar_a3.launch.py
[5.654s] -- Up-to-date symlink: /home/genozen/Desktop/ros2_ws/install/rplidar_ros/share/rplidar_ros/launch/view_rplidar_s1.launch.py
[5.656s] -- Up-to-date symlink: /home/genozen/Desktop/ros2_ws/install/rplidar_ros/share/rplidar_ros/launch/view_rplidar_s1_tcp.launch.py
[5.658s] -- Up-to-date symlink: /home/genozen/Desktop/ros2_ws/install/rplidar_ros/share/rplidar_ros/rviz/rplidar.rviz
[5.671s] -- Up-to-date symlink: /home/genozen/Desktop/ros2_ws/install/rplidar_ros/lib/librplidar_composition_node.so
[5.673s] -- Up-to-date symlink: /home/genozen/Desktop/ros2_ws/install/rplidar_ros/include/rplidar_node.hpp
[5.682s] -- Up-to-date symlink: /home/genozen/Desktop/ros2_ws/install/rplidar_ros/include/visibility.h
[5.688s] -- Up-to-date symlink: /home/genozen/Desktop/ros2_ws/install/rplidar_ros/lib/rplidar_ros/rplidar_composition
[5.703s] -- Up-to-date symlink: /home/genozen/Desktop/ros2_ws/install/rplidar_ros/share/ament_index/resource_index/package_run_dependencies/rplidar_ros
[5.710s] -- Up-to-date symlink: /home/genozen/Desktop/ros2_ws/install/rplidar_ros/share/ament_index/resource_index/parent_prefix_path/rplidar_ros
[5.716s] -- Up-to-date symlink: /home/genozen/Desktop/ros2_ws/install/rplidar_ros/share/rplidar_ros/environment/ament_prefix_path.sh
[5.720s] -- Up-to-date symlink: /home/genozen/Desktop/ros2_ws/install/rplidar_ros/share/rplidar_ros/environment/ament_prefix_path.dsv
[5.727s] -- Up-to-date symlink: /home/genozen/Desktop/ros2_ws/install/rplidar_ros/share/rplidar_ros/environment/path.sh
[5.731s] -- Up-to-date symlink: /home/genozen/Desktop/ros2_ws/install/rplidar_ros/share/rplidar_ros/environment/path.dsv
[5.737s] -- Up-to-date symlink: /home/genozen/Desktop/ros2_ws/install/rplidar_ros/share/rplidar_ros/local_setup.bash
[5.742s] -- Up-to-date symlink: /home/genozen/Desktop/ros2_ws/install/rplidar_ros/share/rplidar_ros/local_setup.sh
[5.746s] -- Up-to-date symlink: /home/genozen/Desktop/ros2_ws/install/rplidar_ros/share/rplidar_ros/local_setup.zsh
[5.751s] -- Up-to-date symlink: /home/genozen/Desktop/ros2_ws/install/rplidar_ros/share/rplidar_ros/local_setup.dsv
[5.756s] -- Symlinking: /home/genozen/Desktop/ros2_ws/install/rplidar_ros/share/rplidar_ros/package.dsv
[5.850s] -- Up-to-date symlink: /home/genozen/Desktop/ros2_ws/install/rplidar_ros/share/ament_index/resource_index/packages/rplidar_ros
[5.853s] -- Up-to-date symlink: /home/genozen/Desktop/ros2_ws/install/rplidar_ros/share/ament_index/resource_index/rclcpp_components/rplidar_ros
[5.863s] -- Up-to-date symlink: /home/genozen/Desktop/ros2_ws/install/rplidar_ros/share/rplidar_ros/cmake/ament_cmake_export_dependencies-extras.cmake
[5.876s] -- Up-to-date symlink: /home/genozen/Desktop/ros2_ws/install/rplidar_ros/share/rplidar_ros/cmake/ament_cmake_export_include_directories-extras.cmake
[5.901s] -- Up-to-date symlink: /home/genozen/Desktop/ros2_ws/install/rplidar_ros/share/rplidar_ros/cmake/rplidar_rosConfig.cmake
[5.905s] -- Up-to-date symlink: /home/genozen/Desktop/ros2_ws/install/rplidar_ros/share/rplidar_ros/cmake/rplidar_rosConfig-version.cmake
[5.907s] -- Up-to-date symlink: /home/genozen/Desktop/ros2_ws/install/rplidar_ros/share/rplidar_ros/package.xml
[5.910s] Invoked command in '/home/genozen/Desktop/ros2_ws/build/rplidar_ros' returned '0': /usr/bin/cmake --install /home/genozen/Desktop/ros2_ws/build/rplidar_ros
