[6.501s] Invoking command in '/home/genozen/Desktop/ros2_ws/src/my_first_robot': PYTHONPATH=/home/genozen/Desktop/ros2_ws/build/my_first_robot/prefix_override:/home/genozen/Desktop/ros2_ws/install/my_first_robot/lib/python3.10/site-packages:${PYTHONPATH} /usr/bin/python3 setup.py egg_info --egg-base ../../build/my_first_robot build --build-base /home/genozen/Desktop/ros2_ws/build/my_first_robot/build install --record /home/genozen/Desktop/ros2_ws/build/my_first_robot/install.log --single-version-externally-managed
[8.037s] running egg_info
[8.046s] writing ../../build/my_first_robot/my_first_robot.egg-info/PKG-INFO
[8.049s] writing dependency_links to ../../build/my_first_robot/my_first_robot.egg-info/dependency_links.txt
[8.052s] writing entry points to ../../build/my_first_robot/my_first_robot.egg-info/entry_points.txt
[8.053s] writing requirements to ../../build/my_first_robot/my_first_robot.egg-info/requires.txt
[8.054s] writing top-level names to ../../build/my_first_robot/my_first_robot.egg-info/top_level.txt
[8.057s] reading manifest file '../../build/my_first_robot/my_first_robot.egg-info/SOURCES.txt'
[8.071s] writing manifest file '../../build/my_first_robot/my_first_robot.egg-info/SOURCES.txt'
[8.072s] running build
[8.073s] running build_py
[8.074s] copying my_first_robot/my_first_robot_driver.py -> /home/genozen/Desktop/ros2_ws/build/my_first_robot/build/lib/my_first_robot
[8.075s] running install
[8.077s] /usr/lib/python3/dist-packages/setuptools/command/install.py:34: SetuptoolsDeprecationWarning: setup.py install is deprecated. Use build and pip and other standards-based tools.
[8.093s]   warnings.warn(
[8.100s] running install_lib
[8.101s] copying /home/genozen/Desktop/ros2_ws/build/my_first_robot/build/lib/my_first_robot/my_first_robot_driver.py -> /home/genozen/Desktop/ros2_ws/install/my_first_robot/lib/python3.10/site-packages/my_first_robot
[8.102s] byte-compiling /home/genozen/Desktop/ros2_ws/install/my_first_robot/lib/python3.10/site-packages/my_first_robot/my_first_robot_driver.py to my_first_robot_driver.cpython-310.pyc
[8.103s] running install_data
[8.104s] running install_egg_info
[8.105s] removing '/home/genozen/Desktop/ros2_ws/install/my_first_robot/lib/python3.10/site-packages/my_first_robot-0.0.0-py3.10.egg-info' (and everything under it)
[8.106s] Copying ../../build/my_first_robot/my_first_robot.egg-info to /home/genozen/Desktop/ros2_ws/install/my_first_robot/lib/python3.10/site-packages/my_first_robot-0.0.0-py3.10.egg-info
[8.122s] running install_scripts
[8.228s] Installing joystick_listener script to /home/genozen/Desktop/ros2_ws/install/my_first_robot/lib/my_first_robot
[8.230s] writing list of installed files to '/home/genozen/Desktop/ros2_ws/build/my_first_robot/install.log'
[8.402s] Invoked command in '/home/genozen/Desktop/ros2_ws/src/my_first_robot' returned '0': PYTHONPATH=/home/genozen/Desktop/ros2_ws/build/my_first_robot/prefix_override:/home/genozen/Desktop/ros2_ws/install/my_first_robot/lib/python3.10/site-packages:${PYTHONPATH} /usr/bin/python3 setup.py egg_info --egg-base ../../build/my_first_robot build --build-base /home/genozen/Desktop/ros2_ws/build/my_first_robot/build install --record /home/genozen/Desktop/ros2_ws/build/my_first_robot/install.log --single-version-externally-managed
