[1.430s] Invoking command in '/home/genozen/Desktop/ros2_ws/build/rplidar_ros': CMAKE_PREFIX_PATH=${CMAKE_PREFIX_PATH}:/home/genozen/Desktop/ros2_ws/install/mobile_robotics:/opt/ros/humble /usr/bin/cmake --build /home/genozen/Desktop/ros2_ws/build/rplidar_ros -- -j4 -l4
[1.777s] [ 77%] Built target rplidar_composition_node
[1.932s] [100%] Built target rplidar_composition
[1.983s] Invoked command in '/home/genozen/Desktop/ros2_ws/build/rplidar_ros' returned '0': CMAKE_PREFIX_PATH=${CMAKE_PREFIX_PATH}:/home/genozen/Desktop/ros2_ws/install/mobile_robotics:/opt/ros/humble /usr/bin/cmake --build /home/genozen/Desktop/ros2_ws/build/rplidar_ros -- -j4 -l4
[2.360s] Invoking command in '/home/genozen/Desktop/ros2_ws/build/rplidar_ros': CMAKE_PREFIX_PATH=${CMAKE_PREFIX_PATH}:/home/genozen/Desktop/ros2_ws/install/mobile_robotics:/opt/ros/humble /usr/bin/cmake --install /home/genozen/Desktop/ros2_ws/build/rplidar_ros
[2.362s] -- Install configuration: ""
[2.363s] -- Execute custom install script
[2.364s] -- Up-to-date symlink: /home/genozen/Desktop/ros2_ws/install/rplidar_ros/lib/rplidar_ros/rplidar_composition
[2.367s] -- Up-to-date symlink: /home/genozen/Desktop/ros2_ws/install/rplidar_ros/share/rplidar_ros/launch/__pycache__/rplidar.launch.cpython-310.pyc
[2.368s] -- Up-to-date symlink: /home/genozen/Desktop/ros2_ws/install/rplidar_ros/share/rplidar_ros/launch/__pycache__/view_rplidar.launch.cpython-310.pyc
[2.369s] -- Up-to-date symlink: /home/genozen/Desktop/ros2_ws/install/rplidar_ros/share/rplidar_ros/launch/rplidar.launch.py
[2.370s] -- Up-to-date symlink: /home/genozen/Desktop/ros2_ws/install/rplidar_ros/share/rplidar_ros/launch/rplidar_a3.launch.py
[2.371s] -- Up-to-date symlink: /home/genozen/Desktop/ros2_ws/install/rplidar_ros/share/rplidar_ros/launch/rplidar_s1.launch.py
[2.373s] -- Up-to-date symlink: /home/genozen/Desktop/ros2_ws/install/rplidar_ros/share/rplidar_ros/launch/rplidar_s1_tcp.launch.py
[2.384s] -- Up-to-date symlink: /home/genozen/Desktop/ros2_ws/install/rplidar_ros/share/rplidar_ros/launch/test_rplidar_a3.launch.py
[2.385s] -- Up-to-date symlink: /home/genozen/Desktop/ros2_ws/install/rplidar_ros/share/rplidar_ros/launch/view_rplidar.launch.py
[2.385s] -- Up-to-date symlink: /home/genozen/Desktop/ros2_ws/install/rplidar_ros/share/rplidar_ros/launch/view_rplidar_a3.launch.py
[2.398s] -- Up-to-date symlink: /home/genozen/Desktop/ros2_ws/install/rplidar_ros/share/rplidar_ros/launch/view_rplidar_s1.launch.py
[2.399s] -- Up-to-date symlink: /home/genozen/Desktop/ros2_ws/install/rplidar_ros/share/rplidar_ros/launch/view_rplidar_s1_tcp.launch.py
[2.418s] -- Up-to-date symlink: /home/genozen/Desktop/ros2_ws/install/rplidar_ros/share/rplidar_ros/rviz/rplidar.rviz
[2.419s] -- Up-to-date symlink: /home/genozen/Desktop/ros2_ws/install/rplidar_ros/lib/librplidar_composition_node.so
[2.420s] -- Up-to-date symlink: /home/genozen/Desktop/ros2_ws/install/rplidar_ros/include/rplidar_node.hpp
[2.420s] -- Up-to-date symlink: /home/genozen/Desktop/ros2_ws/install/rplidar_ros/include/visibility.h
[2.420s] -- Up-to-date symlink: /home/genozen/Desktop/ros2_ws/install/rplidar_ros/lib/rplidar_ros/rplidar_composition
[2.422s] -- Up-to-date symlink: /home/genozen/Desktop/ros2_ws/install/rplidar_ros/share/ament_index/resource_index/package_run_dependencies/rplidar_ros
[2.422s] -- Up-to-date symlink: /home/genozen/Desktop/ros2_ws/install/rplidar_ros/share/ament_index/resource_index/parent_prefix_path/rplidar_ros
[2.423s] -- Up-to-date symlink: /home/genozen/Desktop/ros2_ws/install/rplidar_ros/share/rplidar_ros/environment/ament_prefix_path.sh
[2.423s] -- Up-to-date symlink: /home/genozen/Desktop/ros2_ws/install/rplidar_ros/share/rplidar_ros/environment/ament_prefix_path.dsv
[2.428s] -- Up-to-date symlink: /home/genozen/Desktop/ros2_ws/install/rplidar_ros/share/rplidar_ros/environment/path.sh
[2.429s] -- Up-to-date symlink: /home/genozen/Desktop/ros2_ws/install/rplidar_ros/share/rplidar_ros/environment/path.dsv
[2.430s] -- Up-to-date symlink: /home/genozen/Desktop/ros2_ws/install/rplidar_ros/share/rplidar_ros/local_setup.bash
[2.430s] -- Up-to-date symlink: /home/genozen/Desktop/ros2_ws/install/rplidar_ros/share/rplidar_ros/local_setup.sh
[2.431s] -- Up-to-date symlink: /home/genozen/Desktop/ros2_ws/install/rplidar_ros/share/rplidar_ros/local_setup.zsh
[2.431s] -- Up-to-date symlink: /home/genozen/Desktop/ros2_ws/install/rplidar_ros/share/rplidar_ros/local_setup.dsv
[2.432s] -- Symlinking: /home/genozen/Desktop/ros2_ws/install/rplidar_ros/share/rplidar_ros/package.dsv
[2.470s] -- Up-to-date symlink: /home/genozen/Desktop/ros2_ws/install/rplidar_ros/share/ament_index/resource_index/packages/rplidar_ros
[2.472s] -- Up-to-date symlink: /home/genozen/Desktop/ros2_ws/install/rplidar_ros/share/ament_index/resource_index/rclcpp_components/rplidar_ros
[2.474s] -- Up-to-date symlink: /home/genozen/Desktop/ros2_ws/install/rplidar_ros/share/rplidar_ros/cmake/ament_cmake_export_dependencies-extras.cmake
[2.475s] -- Up-to-date symlink: /home/genozen/Desktop/ros2_ws/install/rplidar_ros/share/rplidar_ros/cmake/ament_cmake_export_include_directories-extras.cmake
[2.476s] -- Up-to-date symlink: /home/genozen/Desktop/ros2_ws/install/rplidar_ros/share/rplidar_ros/cmake/rplidar_rosConfig.cmake
[2.477s] -- Up-to-date symlink: /home/genozen/Desktop/ros2_ws/install/rplidar_ros/share/rplidar_ros/cmake/rplidar_rosConfig-version.cmake
[2.479s] -- Up-to-date symlink: /home/genozen/Desktop/ros2_ws/install/rplidar_ros/share/rplidar_ros/package.xml
[2.505s] Invoked command in '/home/genozen/Desktop/ros2_ws/build/rplidar_ros' returned '0': CMAKE_PREFIX_PATH=${CMAKE_PREFIX_PATH}:/home/genozen/Desktop/ros2_ws/install/mobile_robotics:/opt/ros/humble /usr/bin/cmake --install /home/genozen/Desktop/ros2_ws/build/rplidar_ros
