[4.714s] DEBUG:colcon:Command line arguments: ['/usr/bin/colcon', 'build', '--symlink-install', '--packages-select', 'mobile_robotics']
[4.714s] DEBUG:colcon:Parsed command line arguments: Namespace(log_base=None, log_level=None, verb_name='build', build_base='build', install_base='install', merge_install=False, symlink_install=True, test_result_base=None, continue_on_error=False, executor='parallel', parallel_workers=4, event_handlers=None, ignore_user_meta=False, metas=['./colcon.meta'], base_paths=['.'], packages_ignore=None, packages_ignore_regex=None, paths=None, packages_up_to=None, packages_up_to_regex=None, packages_above=None, packages_above_and_dependencies=None, packages_above_depth=None, packages_select_by_dep=None, packages_skip_by_dep=None, packages_skip_up_to=None, packages_select_build_failed=False, packages_skip_build_finished=False, packages_select_test_failures=False, packages_skip_test_passed=False, packages_select=['mobile_robotics'], packages_skip=None, packages_select_regex=None, packages_skip_regex=None, packages_start=None, packages_end=None, allow_overriding=[], cmake_args=None, cmake_target=None, cmake_target_skip_unavailable=False, cmake_clean_cache=False, cmake_clean_first=False, cmake_force_configure=False, ament_cmake_args=None, catkin_cmake_args=None, catkin_skip_building_tests=False, verb_parser=<colcon_defaults.argument_parser.defaults.DefaultArgumentsDecorator object at 0xffffa9d01720>, verb_extension=<colcon_core.verb.build.BuildVerb object at 0xffffa9f1afb0>, main=<bound method BuildVerb.main of <colcon_core.verb.build.BuildVerb object at 0xffffa9f1afb0>>)
[5.246s] Level 1:colcon.colcon_core.package_discovery:discover_packages(colcon_meta) check parameters
[5.247s] Level 1:colcon.colcon_core.package_discovery:discover_packages(recursive) check parameters
[5.247s] Level 1:colcon.colcon_core.package_discovery:discover_packages(ignore) check parameters
[5.247s] Level 1:colcon.colcon_core.package_discovery:discover_packages(path) check parameters
[5.247s] Level 1:colcon.colcon_core.package_discovery:discover_packages(colcon_meta) discover
[5.248s] Level 1:colcon.colcon_core.package_discovery:discover_packages(recursive) discover
[5.248s] INFO:colcon.colcon_core.package_discovery:Crawling recursively for packages in '/home/genozen/Desktop/ros2_ws'
[5.248s] Level 1:colcon.colcon_core.package_identification:_identify(.) by extensions ['ignore', 'ignore_ament_install']
[5.249s] Level 1:colcon.colcon_core.package_identification:_identify(.) by extension 'ignore'
[5.249s] Level 1:colcon.colcon_core.package_identification:_identify(.) by extension 'ignore_ament_install'
[5.250s] Level 1:colcon.colcon_core.package_identification:_identify(.) by extensions ['colcon_pkg']
[5.250s] Level 1:colcon.colcon_core.package_identification:_identify(.) by extension 'colcon_pkg'
[5.250s] Level 1:colcon.colcon_core.package_identification:_identify(.) by extensions ['colcon_meta']
[5.250s] Level 1:colcon.colcon_core.package_identification:_identify(.) by extension 'colcon_meta'
[5.251s] Level 1:colcon.colcon_core.package_identification:_identify(.) by extensions ['ros']
[5.251s] Level 1:colcon.colcon_core.package_identification:_identify(.) by extension 'ros'
[5.346s] Level 1:colcon.colcon_core.package_identification:_identify(.) by extensions ['cmake', 'python']
[5.346s] Level 1:colcon.colcon_core.package_identification:_identify(.) by extension 'cmake'
[5.347s] Level 1:colcon.colcon_core.package_identification:_identify(.) by extension 'python'
[5.347s] Level 1:colcon.colcon_core.package_identification:_identify(.) by extensions ['python_setup_py']
[5.347s] Level 1:colcon.colcon_core.package_identification:_identify(.) by extension 'python_setup_py'
[5.348s] Level 1:colcon.colcon_core.package_identification:_identify(build) by extensions ['ignore', 'ignore_ament_install']
[5.349s] Level 1:colcon.colcon_core.package_identification:_identify(build) by extension 'ignore'
[5.349s] Level 1:colcon.colcon_core.package_identification:_identify(build) ignored
[5.350s] Level 1:colcon.colcon_core.package_identification:_identify(install) by extensions ['ignore', 'ignore_ament_install']
[5.351s] Level 1:colcon.colcon_core.package_identification:_identify(install) by extension 'ignore'
[5.351s] Level 1:colcon.colcon_core.package_identification:_identify(install) ignored
[5.351s] Level 1:colcon.colcon_core.package_identification:_identify(log) by extensions ['ignore', 'ignore_ament_install']
[5.352s] Level 1:colcon.colcon_core.package_identification:_identify(log) by extension 'ignore'
[5.352s] Level 1:colcon.colcon_core.package_identification:_identify(log) ignored
[5.352s] Level 1:colcon.colcon_core.package_identification:_identify(src) by extensions ['ignore', 'ignore_ament_install']
[5.353s] Level 1:colcon.colcon_core.package_identification:_identify(src) by extension 'ignore'
[5.353s] Level 1:colcon.colcon_core.package_identification:_identify(src) by extension 'ignore_ament_install'
[5.353s] Level 1:colcon.colcon_core.package_identification:_identify(src) by extensions ['colcon_pkg']
[5.354s] Level 1:colcon.colcon_core.package_identification:_identify(src) by extension 'colcon_pkg'
[5.354s] Level 1:colcon.colcon_core.package_identification:_identify(src) by extensions ['colcon_meta']
[5.354s] Level 1:colcon.colcon_core.package_identification:_identify(src) by extension 'colcon_meta'
[5.354s] Level 1:colcon.colcon_core.package_identification:_identify(src) by extensions ['ros']
[5.354s] Level 1:colcon.colcon_core.package_identification:_identify(src) by extension 'ros'
[5.355s] Level 1:colcon.colcon_core.package_identification:_identify(src) by extensions ['cmake', 'python']
[5.355s] Level 1:colcon.colcon_core.package_identification:_identify(src) by extension 'cmake'
[5.355s] Level 1:colcon.colcon_core.package_identification:_identify(src) by extension 'python'
[5.355s] Level 1:colcon.colcon_core.package_identification:_identify(src) by extensions ['python_setup_py']
[5.356s] Level 1:colcon.colcon_core.package_identification:_identify(src) by extension 'python_setup_py'
[5.356s] Level 1:colcon.colcon_core.package_identification:_identify(src/mobile_robotics) by extensions ['ignore', 'ignore_ament_install']
[5.357s] Level 1:colcon.colcon_core.package_identification:_identify(src/mobile_robotics) by extension 'ignore'
[5.357s] Level 1:colcon.colcon_core.package_identification:_identify(src/mobile_robotics) by extension 'ignore_ament_install'
[5.357s] Level 1:colcon.colcon_core.package_identification:_identify(src/mobile_robotics) by extensions ['colcon_pkg']
[5.357s] Level 1:colcon.colcon_core.package_identification:_identify(src/mobile_robotics) by extension 'colcon_pkg'
[5.357s] Level 1:colcon.colcon_core.package_identification:_identify(src/mobile_robotics) by extensions ['colcon_meta']
[5.358s] Level 1:colcon.colcon_core.package_identification:_identify(src/mobile_robotics) by extension 'colcon_meta'
[5.358s] Level 1:colcon.colcon_core.package_identification:_identify(src/mobile_robotics) by extensions ['ros']
[5.358s] Level 1:colcon.colcon_core.package_identification:_identify(src/mobile_robotics) by extension 'ros'
[5.374s] DEBUG:colcon.colcon_core.package_identification:Package 'src/mobile_robotics' with type 'ros.ament_python' and name 'mobile_robotics'
[5.374s] Level 1:colcon.colcon_core.package_discovery:discover_packages(recursive) using defaults
[5.374s] Level 1:colcon.colcon_core.package_discovery:discover_packages(ignore) discover
[5.375s] Level 1:colcon.colcon_core.package_discovery:discover_packages(ignore) using defaults
[5.375s] Level 1:colcon.colcon_core.package_discovery:discover_packages(path) discover
[5.375s] Level 1:colcon.colcon_core.package_discovery:discover_packages(path) using defaults
[5.650s] Level 1:colcon.colcon_core.package_discovery:discover_packages(prefix_path) check parameters
[5.651s] Level 1:colcon.colcon_core.package_discovery:discover_packages(prefix_path) discover
[5.675s] DEBUG:colcon.colcon_installed_package_information.package_discovery:Found 270 installed packages in /opt/ros/humble
[5.683s] Level 1:colcon.colcon_core.package_discovery:discover_packages(prefix_path) using defaults
[6.247s] Level 5:colcon.colcon_core.verb:set package 'mobile_robotics' build argument 'cmake_args' from command line to 'None'
[6.247s] Level 5:colcon.colcon_core.verb:set package 'mobile_robotics' build argument 'cmake_target' from command line to 'None'
[6.247s] Level 5:colcon.colcon_core.verb:set package 'mobile_robotics' build argument 'cmake_target_skip_unavailable' from command line to 'False'
[6.248s] Level 5:colcon.colcon_core.verb:set package 'mobile_robotics' build argument 'cmake_clean_cache' from command line to 'False'
[6.248s] Level 5:colcon.colcon_core.verb:set package 'mobile_robotics' build argument 'cmake_clean_first' from command line to 'False'
[6.248s] Level 5:colcon.colcon_core.verb:set package 'mobile_robotics' build argument 'cmake_force_configure' from command line to 'False'
[6.248s] Level 5:colcon.colcon_core.verb:set package 'mobile_robotics' build argument 'ament_cmake_args' from command line to 'None'
[6.248s] Level 5:colcon.colcon_core.verb:set package 'mobile_robotics' build argument 'catkin_cmake_args' from command line to 'None'
[6.248s] Level 5:colcon.colcon_core.verb:set package 'mobile_robotics' build argument 'catkin_skip_building_tests' from command line to 'False'
[6.248s] DEBUG:colcon.colcon_core.verb:Building package 'mobile_robotics' with the following arguments: {'ament_cmake_args': None, 'build_base': '/home/genozen/Desktop/ros2_ws/build/mobile_robotics', 'catkin_cmake_args': None, 'catkin_skip_building_tests': False, 'cmake_args': None, 'cmake_clean_cache': False, 'cmake_clean_first': False, 'cmake_force_configure': False, 'cmake_target': None, 'cmake_target_skip_unavailable': False, 'install_base': '/home/genozen/Desktop/ros2_ws/install/mobile_robotics', 'merge_install': False, 'path': '/home/genozen/Desktop/ros2_ws/src/mobile_robotics', 'symlink_install': True, 'test_result_base': None}
[6.252s] INFO:colcon.colcon_core.executor:Executing jobs using 'parallel' executor
[6.268s] DEBUG:colcon.colcon_parallel_executor.executor.parallel:run_until_complete
[6.269s] INFO:colcon.colcon_ros.task.ament_python.build:Building ROS package in '/home/genozen/Desktop/ros2_ws/src/mobile_robotics' with build type 'ament_python'
[6.270s] Level 1:colcon.colcon_core.shell:create_environment_hook('mobile_robotics', 'ament_prefix_path')
[6.294s] INFO:colcon.colcon_core.plugin_system:Skipping extension 'colcon_core.shell.bat': Not used on non-Windows systems
[6.295s] INFO:colcon.colcon_core.shell:Creating environment hook '/home/genozen/Desktop/ros2_ws/install/mobile_robotics/share/mobile_robotics/hook/ament_prefix_path.ps1'
[6.300s] INFO:colcon.colcon_core.shell:Creating environment descriptor '/home/genozen/Desktop/ros2_ws/install/mobile_robotics/share/mobile_robotics/hook/ament_prefix_path.dsv'
[6.302s] INFO:colcon.colcon_core.shell:Creating environment hook '/home/genozen/Desktop/ros2_ws/install/mobile_robotics/share/mobile_robotics/hook/ament_prefix_path.sh'
[6.312s] INFO:colcon.colcon_core.shell:Skip shell extension 'powershell' for command environment: Not usable outside of PowerShell
[6.312s] DEBUG:colcon.colcon_core.shell:Skip shell extension 'dsv' for command environment
[7.673s] INFO:colcon.colcon_core.task.python.build:Building Python package in '/home/genozen/Desktop/ros2_ws/src/mobile_robotics'
[7.678s] INFO:colcon.colcon_core.shell:Skip shell extension 'powershell' for command environment: Not usable outside of PowerShell
[7.679s] DEBUG:colcon.colcon_core.shell:Skip shell extension 'dsv' for command environment
[9.552s] DEBUG:colcon.colcon_core.event_handler.log_command:Invoking command in '/home/genozen/Desktop/ros2_ws/build/mobile_robotics': PYTHONPATH=/home/genozen/Desktop/ros2_ws/build/mobile_robotics/prefix_override:/home/genozen/Desktop/ros2_ws/install/mobile_robotics/lib/python3.10/site-packages:${PYTHONPATH} /usr/bin/python3 setup.py develop --editable --build-directory /home/genozen/Desktop/ros2_ws/build/mobile_robotics/build --no-deps install_data
[12.006s] Level 1:colcon.colcon_core.shell:create_environment_hook('mobile_robotics', 'pythonpath_develop')
[12.013s] INFO:colcon.colcon_core.shell:Creating environment hook '/home/genozen/Desktop/ros2_ws/build/mobile_robotics/share/mobile_robotics/hook/pythonpath_develop.ps1'
[12.014s] DEBUG:colcon.colcon_core.event_handler.log_command:Invoked command in '/home/genozen/Desktop/ros2_ws/build/mobile_robotics' returned '0': PYTHONPATH=/home/genozen/Desktop/ros2_ws/build/mobile_robotics/prefix_override:/home/genozen/Desktop/ros2_ws/install/mobile_robotics/lib/python3.10/site-packages:${PYTHONPATH} /usr/bin/python3 setup.py develop --editable --build-directory /home/genozen/Desktop/ros2_ws/build/mobile_robotics/build --no-deps install_data
[12.017s] INFO:colcon.colcon_core.shell:Creating environment descriptor '/home/genozen/Desktop/ros2_ws/build/mobile_robotics/share/mobile_robotics/hook/pythonpath_develop.dsv'
[12.019s] INFO:colcon.colcon_core.shell:Creating environment hook '/home/genozen/Desktop/ros2_ws/build/mobile_robotics/share/mobile_robotics/hook/pythonpath_develop.sh'
[12.056s] Level 1:colcon.colcon_core.environment:checking '/home/genozen/Desktop/ros2_ws/install/mobile_robotics' for CMake module files
[12.060s] Level 1:colcon.colcon_core.environment:checking '/home/genozen/Desktop/ros2_ws/install/mobile_robotics' for CMake config files
[12.064s] Level 1:colcon.colcon_core.environment:checking '/home/genozen/Desktop/ros2_ws/install/mobile_robotics/lib'
[12.065s] Level 1:colcon.colcon_core.environment:checking '/home/genozen/Desktop/ros2_ws/install/mobile_robotics/bin'
[12.065s] Level 1:colcon.colcon_core.environment:checking '/home/genozen/Desktop/ros2_ws/install/mobile_robotics/lib/pkgconfig/mobile_robotics.pc'
[12.067s] Level 1:colcon.colcon_core.environment:checking '/home/genozen/Desktop/ros2_ws/install/mobile_robotics/lib/python3.10/site-packages'
[12.067s] Level 1:colcon.colcon_core.shell:create_environment_hook('mobile_robotics', 'pythonpath')
[12.074s] INFO:colcon.colcon_core.shell:Creating environment hook '/home/genozen/Desktop/ros2_ws/install/mobile_robotics/share/mobile_robotics/hook/pythonpath.ps1'
[12.076s] INFO:colcon.colcon_core.shell:Creating environment descriptor '/home/genozen/Desktop/ros2_ws/install/mobile_robotics/share/mobile_robotics/hook/pythonpath.dsv'
[12.078s] INFO:colcon.colcon_core.shell:Creating environment hook '/home/genozen/Desktop/ros2_ws/install/mobile_robotics/share/mobile_robotics/hook/pythonpath.sh'
[12.081s] Level 1:colcon.colcon_core.environment:checking '/home/genozen/Desktop/ros2_ws/install/mobile_robotics/bin'
[12.081s] Level 1:colcon.colcon_core.environment:create_environment_scripts_only(mobile_robotics)
[12.089s] INFO:colcon.colcon_core.shell:Creating package script '/home/genozen/Desktop/ros2_ws/install/mobile_robotics/share/mobile_robotics/package.ps1'
[12.093s] INFO:colcon.colcon_core.shell:Creating package descriptor '/home/genozen/Desktop/ros2_ws/install/mobile_robotics/share/mobile_robotics/package.dsv'
[12.097s] INFO:colcon.colcon_core.shell:Creating package script '/home/genozen/Desktop/ros2_ws/install/mobile_robotics/share/mobile_robotics/package.sh'
[12.101s] INFO:colcon.colcon_core.shell:Creating package script '/home/genozen/Desktop/ros2_ws/install/mobile_robotics/share/mobile_robotics/package.bash'
[12.105s] INFO:colcon.colcon_core.shell:Creating package script '/home/genozen/Desktop/ros2_ws/install/mobile_robotics/share/mobile_robotics/package.zsh'
[12.109s] Level 1:colcon.colcon_core.environment:create_file_with_runtime_dependencies(/home/genozen/Desktop/ros2_ws/install/mobile_robotics/share/colcon-core/packages/mobile_robotics)
[12.111s] DEBUG:colcon.colcon_parallel_executor.executor.parallel:closing loop
[12.112s] DEBUG:colcon.colcon_parallel_executor.executor.parallel:loop closed
[12.112s] DEBUG:colcon.colcon_parallel_executor.executor.parallel:run_until_complete finished with '0'
[12.112s] DEBUG:colcon.colcon_core.event_reactor:joining thread
[12.220s] INFO:colcon.colcon_core.plugin_system:Skipping extension 'colcon_notification.desktop_notification.terminal_notifier': Not used on non-Darwin systems
[12.220s] INFO:colcon.colcon_core.plugin_system:Skipping extension 'colcon_notification.desktop_notification.win32': Not used on non-Windows systems
[12.221s] INFO:colcon.colcon_notification.desktop_notification:Sending desktop notification using 'notify2'
[12.463s] DEBUG:colcon.colcon_core.event_reactor:joined thread
[12.474s] INFO:colcon.colcon_core.shell:Creating prefix script '/home/genozen/Desktop/ros2_ws/install/local_setup.ps1'
[12.479s] INFO:colcon.colcon_core.shell:Creating prefix util module '/home/genozen/Desktop/ros2_ws/install/_local_setup_util_ps1.py'
[12.488s] INFO:colcon.colcon_core.shell:Creating prefix chain script '/home/genozen/Desktop/ros2_ws/install/setup.ps1'
[12.500s] INFO:colcon.colcon_core.shell:Creating prefix script '/home/genozen/Desktop/ros2_ws/install/local_setup.sh'
[12.504s] INFO:colcon.colcon_core.shell:Creating prefix util module '/home/genozen/Desktop/ros2_ws/install/_local_setup_util_sh.py'
[12.507s] INFO:colcon.colcon_core.shell:Creating prefix chain script '/home/genozen/Desktop/ros2_ws/install/setup.sh'
[12.515s] INFO:colcon.colcon_core.shell:Creating prefix script '/home/genozen/Desktop/ros2_ws/install/local_setup.bash'
[12.520s] INFO:colcon.colcon_core.shell:Creating prefix chain script '/home/genozen/Desktop/ros2_ws/install/setup.bash'
[12.531s] INFO:colcon.colcon_core.shell:Creating prefix script '/home/genozen/Desktop/ros2_ws/install/local_setup.zsh'
[12.535s] INFO:colcon.colcon_core.shell:Creating prefix chain script '/home/genozen/Desktop/ros2_ws/install/setup.zsh'
