[6.927s] Invoking command in '/home/genozen/Desktop/ros2_ws/src/my_first_robot': PYTHONPATH=/home/genozen/Desktop/ros2_ws/build/my_first_robot/prefix_override:/home/genozen/Desktop/ros2_ws/install/my_first_robot/lib/python3.10/site-packages:${PYTHONPATH} /usr/bin/python3 setup.py egg_info --egg-base ../../build/my_first_robot build --build-base /home/genozen/Desktop/ros2_ws/build/my_first_robot/build install --record /home/genozen/Desktop/ros2_ws/build/my_first_robot/install.log --single-version-externally-managed
[8.876s] running egg_info
[8.881s] writing ../../build/my_first_robot/my_first_robot.egg-info/PKG-INFO
[9.033s] writing dependency_links to ../../build/my_first_robot/my_first_robot.egg-info/dependency_links.txt
[9.034s] writing entry points to ../../build/my_first_robot/my_first_robot.egg-info/entry_points.txt
[9.036s] writing requirements to ../../build/my_first_robot/my_first_robot.egg-info/requires.txt
[9.037s] writing top-level names to ../../build/my_first_robot/my_first_robot.egg-info/top_level.txt
[9.049s] reading manifest file '../../build/my_first_robot/my_first_robot.egg-info/SOURCES.txt'
[9.083s] writing manifest file '../../build/my_first_robot/my_first_robot.egg-info/SOURCES.txt'
[9.084s] running build
[9.085s] running build_py
[9.086s] running install
[9.281s] /usr/lib/python3/dist-packages/setuptools/command/install.py:34: SetuptoolsDeprecationWarning: setup.py install is deprecated. Use build and pip and other standards-based tools.
[9.282s]   warnings.warn(
[9.287s] running install_lib
[9.291s] running install_data
[9.295s] running install_egg_info
[9.302s] removing '/home/genozen/Desktop/ros2_ws/install/my_first_robot/lib/python3.10/site-packages/my_first_robot-0.0.0-py3.10.egg-info' (and everything under it)
[9.469s] Copying ../../build/my_first_robot/my_first_robot.egg-info to /home/genozen/Desktop/ros2_ws/install/my_first_robot/lib/python3.10/site-packages/my_first_robot-0.0.0-py3.10.egg-info
[9.477s] running install_scripts
[9.577s] Installing joystick_listener script to /home/genozen/Desktop/ros2_ws/install/my_first_robot/lib/my_first_robot
[9.655s] writing list of installed files to '/home/genozen/Desktop/ros2_ws/build/my_first_robot/install.log'
[9.800s] Invoked command in '/home/genozen/Desktop/ros2_ws/src/my_first_robot' returned '0': PYTHONPATH=/home/genozen/Desktop/ros2_ws/build/my_first_robot/prefix_override:/home/genozen/Desktop/ros2_ws/install/my_first_robot/lib/python3.10/site-packages:${PYTHONPATH} /usr/bin/python3 setup.py egg_info --egg-base ../../build/my_first_robot build --build-base /home/genozen/Desktop/ros2_ws/build/my_first_robot/build install --record /home/genozen/Desktop/ros2_ws/build/my_first_robot/install.log --single-version-externally-managed
