[4.339s] Invoking command in '/home/genozen/Desktop/ros2_ws/build/mobile_robotics': PYTHONPATH=/home/genozen/Desktop/ros2_ws/build/mobile_robotics/prefix_override:/home/genozen/Desktop/ros2_ws/install/mobile_robotics/lib/python3.10/site-packages:${PYTHONPATH} /usr/bin/python3 setup.py develop --editable --build-directory /home/genozen/Desktop/ros2_ws/build/mobile_robotics/build --no-deps install_data
[5.866s] running develop
[5.871s] /usr/lib/python3/dist-packages/setuptools/command/easy_install.py:158: EasyInstallDeprecationWarning: easy_install command is deprecated. Use build and pip and other standards-based tools.
[5.872s]   warnings.warn(
[5.881s] /usr/lib/python3/dist-packages/setuptools/command/install.py:34: SetuptoolsDeprecationWarning: setup.py install is deprecated. Use build and pip and other standards-based tools.
[5.882s]   warnings.warn(
[6.360s] /usr/lib/python3/dist-packages/pkg_resources/__init__.py:116: PkgResourcesDeprecationWarning: 1.1build1 is an invalid version and will not be supported in a future release
[6.361s]   warnings.warn(
[6.362s] /usr/lib/python3/dist-packages/pkg_resources/__init__.py:116: PkgResourcesDeprecationWarning: 0.1.43ubuntu1 is an invalid version and will not be supported in a future release
[6.363s]   warnings.warn(
[7.230s] running egg_info
[7.231s] writing mobile_robotics.egg-info/PKG-INFO
[7.232s] writing dependency_links to mobile_robotics.egg-info/dependency_links.txt
[7.233s] writing entry points to mobile_robotics.egg-info/entry_points.txt
[7.250s] writing requirements to mobile_robotics.egg-info/requires.txt
[7.251s] writing top-level names to mobile_robotics.egg-info/top_level.txt
[7.260s] reading manifest file 'mobile_robotics.egg-info/SOURCES.txt'
[7.321s] writing manifest file 'mobile_robotics.egg-info/SOURCES.txt'
[7.329s] running build_ext
[7.330s] Creating /home/genozen/Desktop/ros2_ws/install/mobile_robotics/lib/python3.10/site-packages/mobile-robotics.egg-link (link to .)
[7.334s] Installing cod_ex2 script to /home/genozen/Desktop/ros2_ws/install/mobile_robotics/lib/mobile_robotics
[7.335s] Installing part1 script to /home/genozen/Desktop/ros2_ws/install/mobile_robotics/lib/mobile_robotics
[7.336s] 
[7.337s] Installed /home/genozen/Desktop/ros2_ws/build/mobile_robotics
[7.337s] running install_data
[7.489s] Invoked command in '/home/genozen/Desktop/ros2_ws/build/mobile_robotics' returned '0': PYTHONPATH=/home/genozen/Desktop/ros2_ws/build/mobile_robotics/prefix_override:/home/genozen/Desktop/ros2_ws/install/mobile_robotics/lib/python3.10/site-packages:${PYTHONPATH} /usr/bin/python3 setup.py develop --editable --build-directory /home/genozen/Desktop/ros2_ws/build/mobile_robotics/build --no-deps install_data
