[0.349s] Invoking command in '/home/genozen/Desktop/ros2_ws/build/openslam_gmapping': CMAKE_PREFIX_PATH=${CMAKE_PREFIX_PATH}:/home/genozen/Desktop/ros2_ws/install/my_first_robot:/home/genozen/Desktop/ros2_ws/install/mobile_robotics:/opt/ros/humble /usr/bin/cmake --build /home/genozen/Desktop/ros2_ws/build/openslam_gmapping -- -j4 -l4
[3.613s] [ 13%] Built target utils
[3.614s] [ 27%] Built target sensor_base
[3.615s] [ 40%] Built target sensor_range
[3.616s] [ 54%] Built target sensor_odometry
[3.617s] [ 77%] Built target scanmatcher
[3.617s] [100%] Built target gridfastslam
[3.652s] Invoked command in '/home/genozen/Desktop/ros2_ws/build/openslam_gmapping' returned '0': CMAKE_PREFIX_PATH=${CMAKE_PREFIX_PATH}:/home/genozen/Desktop/ros2_ws/install/my_first_robot:/home/genozen/Desktop/ros2_ws/install/mobile_robotics:/opt/ros/humble /usr/bin/cmake --build /home/genozen/Desktop/ros2_ws/build/openslam_gmapping -- -j4 -l4
[3.940s] Invoking command in '/home/genozen/Desktop/ros2_ws/build/openslam_gmapping': CMAKE_PREFIX_PATH=${CMAKE_PREFIX_PATH}:/home/genozen/Desktop/ros2_ws/install/my_first_robot:/home/genozen/Desktop/ros2_ws/install/mobile_robotics:/opt/ros/humble /usr/bin/cmake --install /home/genozen/Desktop/ros2_ws/build/openslam_gmapping
[4.031s] -- Install configuration: ""
[4.052s] -- Up-to-date: /home/genozen/Desktop/ros2_ws/install/openslam_gmapping/share/openslam_gmapping/environment/library_path.sh
[4.061s] -- Up-to-date: /home/genozen/Desktop/ros2_ws/install/openslam_gmapping/share/openslam_gmapping/environment/library_path.dsv
[4.070s] -- Up-to-date: /home/genozen/Desktop/ros2_ws/install/openslam_gmapping/include/
[4.088s] -- Up-to-date: /home/genozen/Desktop/ros2_ws/install/openslam_gmapping/include//gmapping
[4.094s] -- Up-to-date: /home/genozen/Desktop/ros2_ws/install/openslam_gmapping/include//gmapping/sensor
[4.113s] -- Up-to-date: /home/genozen/Desktop/ros2_ws/install/openslam_gmapping/include//gmapping/sensor/sensor_odometry
[4.124s] -- Up-to-date: /home/genozen/Desktop/ros2_ws/install/openslam_gmapping/include//gmapping/sensor/sensor_odometry/odometrysensor.h
[4.125s] -- Up-to-date: /home/genozen/Desktop/ros2_ws/install/openslam_gmapping/include//gmapping/sensor/sensor_odometry/odometryreading.h
[4.126s] -- Up-to-date: /home/genozen/Desktop/ros2_ws/install/openslam_gmapping/include//gmapping/sensor/sensor_base
[4.127s] -- Up-to-date: /home/genozen/Desktop/ros2_ws/install/openslam_gmapping/include//gmapping/sensor/sensor_base/sensorreading.h
[4.127s] -- Up-to-date: /home/genozen/Desktop/ros2_ws/install/openslam_gmapping/include//gmapping/sensor/sensor_base/sensor.h
[4.128s] -- Up-to-date: /home/genozen/Desktop/ros2_ws/install/openslam_gmapping/include//gmapping/sensor/sensor_range
[4.129s] -- Up-to-date: /home/genozen/Desktop/ros2_ws/install/openslam_gmapping/include//gmapping/sensor/sensor_range/rangereading.h
[4.130s] -- Up-to-date: /home/genozen/Desktop/ros2_ws/install/openslam_gmapping/include//gmapping/sensor/sensor_range/rangesensor.h
[4.131s] -- Up-to-date: /home/genozen/Desktop/ros2_ws/install/openslam_gmapping/include//gmapping/grid
[4.132s] -- Up-to-date: /home/genozen/Desktop/ros2_ws/install/openslam_gmapping/include//gmapping/grid/accessstate.h
[4.133s] -- Up-to-date: /home/genozen/Desktop/ros2_ws/install/openslam_gmapping/include//gmapping/grid/array2d.h
[4.134s] -- Up-to-date: /home/genozen/Desktop/ros2_ws/install/openslam_gmapping/include//gmapping/grid/harray2d.h
[4.135s] -- Up-to-date: /home/genozen/Desktop/ros2_ws/install/openslam_gmapping/include//gmapping/grid/map.h
[4.136s] -- Up-to-date: /home/genozen/Desktop/ros2_ws/install/openslam_gmapping/include//gmapping/utils
[4.136s] -- Up-to-date: /home/genozen/Desktop/ros2_ws/install/openslam_gmapping/include//gmapping/utils/stat.h
[4.137s] -- Up-to-date: /home/genozen/Desktop/ros2_ws/install/openslam_gmapping/include//gmapping/utils/autoptr.h
[4.138s] -- Up-to-date: /home/genozen/Desktop/ros2_ws/install/openslam_gmapping/include//gmapping/utils/macro_params.h
[4.138s] -- Up-to-date: /home/genozen/Desktop/ros2_ws/install/openslam_gmapping/include//gmapping/utils/gvalues.h
[4.139s] -- Up-to-date: /home/genozen/Desktop/ros2_ws/install/openslam_gmapping/include//gmapping/utils/point.h
[4.140s] -- Up-to-date: /home/genozen/Desktop/ros2_ws/install/openslam_gmapping/include//gmapping/utils/commandline.h
[4.141s] -- Up-to-date: /home/genozen/Desktop/ros2_ws/install/openslam_gmapping/include//gmapping/log
[4.142s] -- Up-to-date: /home/genozen/Desktop/ros2_ws/install/openslam_gmapping/include//gmapping/log/sensorlog.h
[4.143s] -- Up-to-date: /home/genozen/Desktop/ros2_ws/install/openslam_gmapping/include//gmapping/log/configuration.h
[4.143s] -- Up-to-date: /home/genozen/Desktop/ros2_ws/install/openslam_gmapping/include//gmapping/gridfastslam
[4.145s] -- Up-to-date: /home/genozen/Desktop/ros2_ws/install/openslam_gmapping/include//gmapping/gridfastslam/gridslamprocessor.hxx
[4.146s] -- Up-to-date: /home/genozen/Desktop/ros2_ws/install/openslam_gmapping/include//gmapping/gridfastslam/gridslamprocessor.h
[4.146s] -- Up-to-date: /home/genozen/Desktop/ros2_ws/install/openslam_gmapping/include//gmapping/gridfastslam/motionmodel.h
[4.147s] -- Up-to-date: /home/genozen/Desktop/ros2_ws/install/openslam_gmapping/include//gmapping/particlefilter
[4.147s] -- Up-to-date: /home/genozen/Desktop/ros2_ws/install/openslam_gmapping/include//gmapping/particlefilter/particlefilter.h
[4.148s] -- Up-to-date: /home/genozen/Desktop/ros2_ws/install/openslam_gmapping/include//gmapping/scanmatcher
[4.150s] -- Up-to-date: /home/genozen/Desktop/ros2_ws/install/openslam_gmapping/include//gmapping/scanmatcher/smmap.h
[4.151s] -- Up-to-date: /home/genozen/Desktop/ros2_ws/install/openslam_gmapping/include//gmapping/scanmatcher/icp.h
[4.151s] -- Up-to-date: /home/genozen/Desktop/ros2_ws/install/openslam_gmapping/include//gmapping/scanmatcher/scanmatcher.h
[4.153s] -- Up-to-date: /home/genozen/Desktop/ros2_ws/install/openslam_gmapping/share/ament_index/resource_index/package_run_dependencies/openslam_gmapping
[4.160s] -- Up-to-date: /home/genozen/Desktop/ros2_ws/install/openslam_gmapping/share/ament_index/resource_index/parent_prefix_path/openslam_gmapping
[4.162s] -- Up-to-date: /home/genozen/Desktop/ros2_ws/install/openslam_gmapping/share/openslam_gmapping/environment/ament_prefix_path.sh
[4.164s] -- Up-to-date: /home/genozen/Desktop/ros2_ws/install/openslam_gmapping/share/openslam_gmapping/environment/ament_prefix_path.dsv
[4.168s] -- Up-to-date: /home/genozen/Desktop/ros2_ws/install/openslam_gmapping/share/openslam_gmapping/environment/path.sh
[4.168s] -- Up-to-date: /home/genozen/Desktop/ros2_ws/install/openslam_gmapping/share/openslam_gmapping/environment/path.dsv
[4.173s] -- Up-to-date: /home/genozen/Desktop/ros2_ws/install/openslam_gmapping/share/openslam_gmapping/local_setup.bash
[4.184s] -- Up-to-date: /home/genozen/Desktop/ros2_ws/install/openslam_gmapping/share/openslam_gmapping/local_setup.sh
[4.185s] -- Up-to-date: /home/genozen/Desktop/ros2_ws/install/openslam_gmapping/share/openslam_gmapping/local_setup.zsh
[4.186s] -- Up-to-date: /home/genozen/Desktop/ros2_ws/install/openslam_gmapping/share/openslam_gmapping/local_setup.dsv
[4.187s] -- Installing: /home/genozen/Desktop/ros2_ws/install/openslam_gmapping/share/openslam_gmapping/package.dsv
[4.187s] -- Up-to-date: /home/genozen/Desktop/ros2_ws/install/openslam_gmapping/share/ament_index/resource_index/packages/openslam_gmapping
[4.188s] -- Up-to-date: /home/genozen/Desktop/ros2_ws/install/openslam_gmapping/share/openslam_gmapping/cmake/ament_cmake_export_libraries-extras.cmake
[4.189s] -- Up-to-date: /home/genozen/Desktop/ros2_ws/install/openslam_gmapping/share/openslam_gmapping/cmake/ament_cmake_export_include_directories-extras.cmake
[4.189s] -- Up-to-date: /home/genozen/Desktop/ros2_ws/install/openslam_gmapping/share/openslam_gmapping/cmake/openslam_gmappingConfig.cmake
[4.190s] -- Up-to-date: /home/genozen/Desktop/ros2_ws/install/openslam_gmapping/share/openslam_gmapping/cmake/openslam_gmappingConfig-version.cmake
[4.191s] -- Up-to-date: /home/genozen/Desktop/ros2_ws/install/openslam_gmapping/share/openslam_gmapping/package.xml
[4.192s] -- Up-to-date: /home/genozen/Desktop/ros2_ws/install/openslam_gmapping/lib/libgridfastslam.a
[4.193s] -- Up-to-date: /home/genozen/Desktop/ros2_ws/install/openslam_gmapping/lib/libscanmatcher.a
[4.194s] -- Up-to-date: /home/genozen/Desktop/ros2_ws/install/openslam_gmapping/share/openslam_gmapping/environment/library_path.sh
[4.194s] -- Up-to-date: /home/genozen/Desktop/ros2_ws/install/openslam_gmapping/share/openslam_gmapping/environment/library_path.dsv
[4.195s] -- Up-to-date: /home/genozen/Desktop/ros2_ws/install/openslam_gmapping/lib/libsensor_base.a
[4.196s] -- Up-to-date: /home/genozen/Desktop/ros2_ws/install/openslam_gmapping/share/openslam_gmapping/environment/library_path.sh
[4.197s] -- Up-to-date: /home/genozen/Desktop/ros2_ws/install/openslam_gmapping/share/openslam_gmapping/environment/library_path.dsv
[4.198s] -- Up-to-date: /home/genozen/Desktop/ros2_ws/install/openslam_gmapping/lib/libsensor_odometry.a
[4.199s] -- Up-to-date: /home/genozen/Desktop/ros2_ws/install/openslam_gmapping/lib/libsensor_range.a
[4.199s] -- Up-to-date: /home/genozen/Desktop/ros2_ws/install/openslam_gmapping/lib/libutils.a
[4.200s] -- Up-to-date: /home/genozen/Desktop/ros2_ws/install/openslam_gmapping/share/openslam_gmapping/environment/library_path.sh
[4.203s] -- Up-to-date: /home/genozen/Desktop/ros2_ws/install/openslam_gmapping/share/openslam_gmapping/environment/library_path.dsv
[4.224s] Invoked command in '/home/genozen/Desktop/ros2_ws/build/openslam_gmapping' returned '0': CMAKE_PREFIX_PATH=${CMAKE_PREFIX_PATH}:/home/genozen/Desktop/ros2_ws/install/my_first_robot:/home/genozen/Desktop/ros2_ws/install/mobile_robotics:/opt/ros/humble /usr/bin/cmake --install /home/genozen/Desktop/ros2_ws/build/openslam_gmapping
