[1.986s] DEBUG:colcon:Command line arguments: ['/usr/bin/colcon', 'build', '--packages-select', 'my_first_robot']
[1.986s] DEBUG:colcon:Parsed command line arguments: Namespace(log_base=None, log_level=None, verb_name='build', build_base='build', install_base='install', merge_install=False, symlink_install=False, test_result_base=None, continue_on_error=False, executor='parallel', parallel_workers=4, event_handlers=None, ignore_user_meta=False, metas=['./colcon.meta'], base_paths=['.'], packages_ignore=None, packages_ignore_regex=None, paths=None, packages_up_to=None, packages_up_to_regex=None, packages_above=None, packages_above_and_dependencies=None, packages_above_depth=None, packages_select_by_dep=None, packages_skip_by_dep=None, packages_skip_up_to=None, packages_select_build_failed=False, packages_skip_build_finished=False, packages_select_test_failures=False, packages_skip_test_passed=False, packages_select=['my_first_robot'], packages_skip=None, packages_select_regex=None, packages_skip_regex=None, packages_start=None, packages_end=None, allow_overriding=[], cmake_args=None, cmake_target=None, cmake_target_skip_unavailable=False, cmake_clean_cache=False, cmake_clean_first=False, cmake_force_configure=False, ament_cmake_args=None, catkin_cmake_args=None, catkin_skip_building_tests=False, verb_parser=<colcon_defaults.argument_parser.defaults.DefaultArgumentsDecorator object at 0xffffb1e06d70>, verb_extension=<colcon_core.verb.build.BuildVerb object at 0xffffb2138820>, main=<bound method BuildVerb.main of <colcon_core.verb.build.BuildVerb object at 0xffffb2138820>>)
[2.208s] Level 1:colcon.colcon_core.package_discovery:discover_packages(colcon_meta) check parameters
[2.208s] Level 1:colcon.colcon_core.package_discovery:discover_packages(recursive) check parameters
[2.209s] Level 1:colcon.colcon_core.package_discovery:discover_packages(ignore) check parameters
[2.209s] Level 1:colcon.colcon_core.package_discovery:discover_packages(path) check parameters
[2.209s] Level 1:colcon.colcon_core.package_discovery:discover_packages(colcon_meta) discover
[2.210s] Level 1:colcon.colcon_core.package_discovery:discover_packages(recursive) discover
[2.210s] INFO:colcon.colcon_core.package_discovery:Crawling recursively for packages in '/home/genozen/Desktop/ros2_ws'
[2.211s] Level 1:colcon.colcon_core.package_identification:_identify(.) by extensions ['ignore', 'ignore_ament_install']
[2.211s] Level 1:colcon.colcon_core.package_identification:_identify(.) by extension 'ignore'
[2.212s] Level 1:colcon.colcon_core.package_identification:_identify(.) by extension 'ignore_ament_install'
[2.212s] Level 1:colcon.colcon_core.package_identification:_identify(.) by extensions ['colcon_pkg']
[2.213s] Level 1:colcon.colcon_core.package_identification:_identify(.) by extension 'colcon_pkg'
[2.213s] Level 1:colcon.colcon_core.package_identification:_identify(.) by extensions ['colcon_meta']
[2.213s] Level 1:colcon.colcon_core.package_identification:_identify(.) by extension 'colcon_meta'
[2.214s] Level 1:colcon.colcon_core.package_identification:_identify(.) by extensions ['ros']
[2.214s] Level 1:colcon.colcon_core.package_identification:_identify(.) by extension 'ros'
[2.278s] Level 1:colcon.colcon_core.package_identification:_identify(.) by extensions ['cmake', 'python']
[2.279s] Level 1:colcon.colcon_core.package_identification:_identify(.) by extension 'cmake'
[2.279s] Level 1:colcon.colcon_core.package_identification:_identify(.) by extension 'python'
[2.280s] Level 1:colcon.colcon_core.package_identification:_identify(.) by extensions ['python_setup_py']
[2.280s] Level 1:colcon.colcon_core.package_identification:_identify(.) by extension 'python_setup_py'
[2.281s] Level 1:colcon.colcon_core.package_identification:_identify(build) by extensions ['ignore', 'ignore_ament_install']
[2.282s] Level 1:colcon.colcon_core.package_identification:_identify(build) by extension 'ignore'
[2.283s] Level 1:colcon.colcon_core.package_identification:_identify(build) ignored
[2.285s] Level 1:colcon.colcon_core.package_identification:_identify(install) by extensions ['ignore', 'ignore_ament_install']
[2.286s] Level 1:colcon.colcon_core.package_identification:_identify(install) by extension 'ignore'
[2.287s] Level 1:colcon.colcon_core.package_identification:_identify(install) ignored
[2.289s] Level 1:colcon.colcon_core.package_identification:_identify(log) by extensions ['ignore', 'ignore_ament_install']
[2.290s] Level 1:colcon.colcon_core.package_identification:_identify(log) by extension 'ignore'
[2.291s] Level 1:colcon.colcon_core.package_identification:_identify(log) ignored
[2.293s] Level 1:colcon.colcon_core.package_identification:_identify(src) by extensions ['ignore', 'ignore_ament_install']
[2.294s] Level 1:colcon.colcon_core.package_identification:_identify(src) by extension 'ignore'
[2.295s] Level 1:colcon.colcon_core.package_identification:_identify(src) by extension 'ignore_ament_install'
[2.296s] Level 1:colcon.colcon_core.package_identification:_identify(src) by extensions ['colcon_pkg']
[2.296s] Level 1:colcon.colcon_core.package_identification:_identify(src) by extension 'colcon_pkg'
[2.297s] Level 1:colcon.colcon_core.package_identification:_identify(src) by extensions ['colcon_meta']
[2.297s] Level 1:colcon.colcon_core.package_identification:_identify(src) by extension 'colcon_meta'
[2.298s] Level 1:colcon.colcon_core.package_identification:_identify(src) by extensions ['ros']
[2.299s] Level 1:colcon.colcon_core.package_identification:_identify(src) by extension 'ros'
[2.300s] Level 1:colcon.colcon_core.package_identification:_identify(src) by extensions ['cmake', 'python']
[2.300s] Level 1:colcon.colcon_core.package_identification:_identify(src) by extension 'cmake'
[2.301s] Level 1:colcon.colcon_core.package_identification:_identify(src) by extension 'python'
[2.302s] Level 1:colcon.colcon_core.package_identification:_identify(src) by extensions ['python_setup_py']
[2.303s] Level 1:colcon.colcon_core.package_identification:_identify(src) by extension 'python_setup_py'
[2.305s] Level 1:colcon.colcon_core.package_identification:_identify(src/mobile_robotics) by extensions ['ignore', 'ignore_ament_install']
[2.306s] Level 1:colcon.colcon_core.package_identification:_identify(src/mobile_robotics) by extension 'ignore'
[2.306s] Level 1:colcon.colcon_core.package_identification:_identify(src/mobile_robotics) by extension 'ignore_ament_install'
[2.308s] Level 1:colcon.colcon_core.package_identification:_identify(src/mobile_robotics) by extensions ['colcon_pkg']
[2.308s] Level 1:colcon.colcon_core.package_identification:_identify(src/mobile_robotics) by extension 'colcon_pkg'
[2.309s] Level 1:colcon.colcon_core.package_identification:_identify(src/mobile_robotics) by extensions ['colcon_meta']
[2.310s] Level 1:colcon.colcon_core.package_identification:_identify(src/mobile_robotics) by extension 'colcon_meta'
[2.310s] Level 1:colcon.colcon_core.package_identification:_identify(src/mobile_robotics) by extensions ['ros']
[2.310s] Level 1:colcon.colcon_core.package_identification:_identify(src/mobile_robotics) by extension 'ros'
[2.324s] DEBUG:colcon.colcon_core.package_identification:Package 'src/mobile_robotics' with type 'ros.ament_python' and name 'mobile_robotics'
[2.325s] Level 1:colcon.colcon_core.package_identification:_identify(src/my_first_robot) by extensions ['ignore', 'ignore_ament_install']
[2.326s] Level 1:colcon.colcon_core.package_identification:_identify(src/my_first_robot) by extension 'ignore'
[2.326s] Level 1:colcon.colcon_core.package_identification:_identify(src/my_first_robot) by extension 'ignore_ament_install'
[2.327s] Level 1:colcon.colcon_core.package_identification:_identify(src/my_first_robot) by extensions ['colcon_pkg']
[2.327s] Level 1:colcon.colcon_core.package_identification:_identify(src/my_first_robot) by extension 'colcon_pkg'
[2.328s] Level 1:colcon.colcon_core.package_identification:_identify(src/my_first_robot) by extensions ['colcon_meta']
[2.328s] Level 1:colcon.colcon_core.package_identification:_identify(src/my_first_robot) by extension 'colcon_meta'
[2.328s] Level 1:colcon.colcon_core.package_identification:_identify(src/my_first_robot) by extensions ['ros']
[2.329s] Level 1:colcon.colcon_core.package_identification:_identify(src/my_first_robot) by extension 'ros'
[2.332s] DEBUG:colcon.colcon_core.package_identification:Package 'src/my_first_robot' with type 'ros.ament_python' and name 'my_first_robot'
[2.334s] Level 1:colcon.colcon_core.package_identification:_identify(src/rplidar_ros2) by extensions ['ignore', 'ignore_ament_install']
[2.334s] Level 1:colcon.colcon_core.package_identification:_identify(src/rplidar_ros2) by extension 'ignore'
[2.335s] Level 1:colcon.colcon_core.package_identification:_identify(src/rplidar_ros2) by extension 'ignore_ament_install'
[2.335s] Level 1:colcon.colcon_core.package_identification:_identify(src/rplidar_ros2) by extensions ['colcon_pkg']
[2.335s] Level 1:colcon.colcon_core.package_identification:_identify(src/rplidar_ros2) by extension 'colcon_pkg'
[2.336s] Level 1:colcon.colcon_core.package_identification:_identify(src/rplidar_ros2) by extensions ['colcon_meta']
[2.336s] Level 1:colcon.colcon_core.package_identification:_identify(src/rplidar_ros2) by extension 'colcon_meta'
[2.336s] Level 1:colcon.colcon_core.package_identification:_identify(src/rplidar_ros2) by extensions ['ros']
[2.336s] Level 1:colcon.colcon_core.package_identification:_identify(src/rplidar_ros2) by extension 'ros'
[2.339s] DEBUG:colcon.colcon_core.package_identification:Package 'src/rplidar_ros2' with type 'ros.ament_cmake' and name 'rplidar_ros'
[2.340s] Level 1:colcon.colcon_core.package_identification:_identify(src/slam_gmapping) by extensions ['ignore', 'ignore_ament_install']
[2.341s] Level 1:colcon.colcon_core.package_identification:_identify(src/slam_gmapping) by extension 'ignore'
[2.342s] Level 1:colcon.colcon_core.package_identification:_identify(src/slam_gmapping) by extension 'ignore_ament_install'
[2.342s] Level 1:colcon.colcon_core.package_identification:_identify(src/slam_gmapping) by extensions ['colcon_pkg']
[2.342s] Level 1:colcon.colcon_core.package_identification:_identify(src/slam_gmapping) by extension 'colcon_pkg'
[2.343s] Level 1:colcon.colcon_core.package_identification:_identify(src/slam_gmapping) by extensions ['colcon_meta']
[2.343s] Level 1:colcon.colcon_core.package_identification:_identify(src/slam_gmapping) by extension 'colcon_meta'
[2.343s] Level 1:colcon.colcon_core.package_identification:_identify(src/slam_gmapping) by extensions ['ros']
[2.343s] Level 1:colcon.colcon_core.package_identification:_identify(src/slam_gmapping) by extension 'ros'
[2.344s] Level 1:colcon.colcon_core.package_identification:_identify(src/slam_gmapping) by extensions ['cmake', 'python']
[2.344s] Level 1:colcon.colcon_core.package_identification:_identify(src/slam_gmapping) by extension 'cmake'
[2.345s] Level 1:colcon.colcon_core.package_identification:_identify(src/slam_gmapping) by extension 'python'
[2.345s] Level 1:colcon.colcon_core.package_identification:_identify(src/slam_gmapping) by extensions ['python_setup_py']
[2.346s] Level 1:colcon.colcon_core.package_identification:_identify(src/slam_gmapping) by extension 'python_setup_py'
[2.347s] Level 1:colcon.colcon_core.package_identification:_identify(src/slam_gmapping/openslam_gmapping) by extensions ['ignore', 'ignore_ament_install']
[2.347s] Level 1:colcon.colcon_core.package_identification:_identify(src/slam_gmapping/openslam_gmapping) by extension 'ignore'
[2.348s] Level 1:colcon.colcon_core.package_identification:_identify(src/slam_gmapping/openslam_gmapping) by extension 'ignore_ament_install'
[2.348s] Level 1:colcon.colcon_core.package_identification:_identify(src/slam_gmapping/openslam_gmapping) by extensions ['colcon_pkg']
[2.349s] Level 1:colcon.colcon_core.package_identification:_identify(src/slam_gmapping/openslam_gmapping) by extension 'colcon_pkg'
[2.349s] Level 1:colcon.colcon_core.package_identification:_identify(src/slam_gmapping/openslam_gmapping) by extensions ['colcon_meta']
[2.349s] Level 1:colcon.colcon_core.package_identification:_identify(src/slam_gmapping/openslam_gmapping) by extension 'colcon_meta'
[2.350s] Level 1:colcon.colcon_core.package_identification:_identify(src/slam_gmapping/openslam_gmapping) by extensions ['ros']
[2.350s] Level 1:colcon.colcon_core.package_identification:_identify(src/slam_gmapping/openslam_gmapping) by extension 'ros'
[2.354s] DEBUG:colcon.colcon_core.package_identification:Package 'src/slam_gmapping/openslam_gmapping' with type 'ros.ament_cmake' and name 'openslam_gmapping'
[2.354s] Level 1:colcon.colcon_core.package_identification:_identify(src/slam_gmapping/slam_gmapping) by extensions ['ignore', 'ignore_ament_install']
[2.355s] Level 1:colcon.colcon_core.package_identification:_identify(src/slam_gmapping/slam_gmapping) by extension 'ignore'
[2.356s] Level 1:colcon.colcon_core.package_identification:_identify(src/slam_gmapping/slam_gmapping) by extension 'ignore_ament_install'
[2.356s] Level 1:colcon.colcon_core.package_identification:_identify(src/slam_gmapping/slam_gmapping) by extensions ['colcon_pkg']
[2.357s] Level 1:colcon.colcon_core.package_identification:_identify(src/slam_gmapping/slam_gmapping) by extension 'colcon_pkg'
[2.357s] Level 1:colcon.colcon_core.package_identification:_identify(src/slam_gmapping/slam_gmapping) by extensions ['colcon_meta']
[2.357s] Level 1:colcon.colcon_core.package_identification:_identify(src/slam_gmapping/slam_gmapping) by extension 'colcon_meta'
[2.358s] Level 1:colcon.colcon_core.package_identification:_identify(src/slam_gmapping/slam_gmapping) by extensions ['ros']
[2.358s] Level 1:colcon.colcon_core.package_identification:_identify(src/slam_gmapping/slam_gmapping) by extension 'ros'
[2.365s] DEBUG:colcon.colcon_core.package_identification:Package 'src/slam_gmapping/slam_gmapping' with type 'ros.ament_cmake' and name 'slam_gmapping'
[2.365s] Level 1:colcon.colcon_core.package_discovery:discover_packages(recursive) using defaults
[2.365s] Level 1:colcon.colcon_core.package_discovery:discover_packages(ignore) discover
[2.366s] Level 1:colcon.colcon_core.package_discovery:discover_packages(ignore) using defaults
[2.366s] Level 1:colcon.colcon_core.package_discovery:discover_packages(path) discover
[2.366s] Level 1:colcon.colcon_core.package_discovery:discover_packages(path) using defaults
[2.492s] INFO:colcon.colcon_core.package_selection:Skipping not selected package 'mobile_robotics' in 'src/mobile_robotics'
[2.492s] INFO:colcon.colcon_core.package_selection:Skipping not selected package 'openslam_gmapping' in 'src/slam_gmapping/openslam_gmapping'
[2.493s] INFO:colcon.colcon_core.package_selection:Skipping not selected package 'rplidar_ros' in 'src/rplidar_ros2'
[2.493s] INFO:colcon.colcon_core.package_selection:Skipping not selected package 'slam_gmapping' in 'src/slam_gmapping/slam_gmapping'
[2.499s] Level 1:colcon.colcon_core.package_discovery:discover_packages(prefix_path) check parameters
[2.500s] Level 1:colcon.colcon_core.package_discovery:discover_packages(prefix_path) discover
[2.520s] DEBUG:colcon.colcon_installed_package_information.package_discovery:Found 6 installed packages in /home/genozen/Desktop/ros2_ws/install
[2.534s] DEBUG:colcon.colcon_installed_package_information.package_discovery:Found 270 installed packages in /opt/ros/humble
[2.542s] Level 1:colcon.colcon_core.package_discovery:discover_packages(prefix_path) using defaults
[2.916s] Level 5:colcon.colcon_core.verb:set package 'my_first_robot' build argument 'cmake_args' from command line to 'None'
[2.916s] Level 5:colcon.colcon_core.verb:set package 'my_first_robot' build argument 'cmake_target' from command line to 'None'
[2.916s] Level 5:colcon.colcon_core.verb:set package 'my_first_robot' build argument 'cmake_target_skip_unavailable' from command line to 'False'
[2.917s] Level 5:colcon.colcon_core.verb:set package 'my_first_robot' build argument 'cmake_clean_cache' from command line to 'False'
[2.917s] Level 5:colcon.colcon_core.verb:set package 'my_first_robot' build argument 'cmake_clean_first' from command line to 'False'
[2.918s] Level 5:colcon.colcon_core.verb:set package 'my_first_robot' build argument 'cmake_force_configure' from command line to 'False'
[2.918s] Level 5:colcon.colcon_core.verb:set package 'my_first_robot' build argument 'ament_cmake_args' from command line to 'None'
[2.918s] Level 5:colcon.colcon_core.verb:set package 'my_first_robot' build argument 'catkin_cmake_args' from command line to 'None'
[2.918s] Level 5:colcon.colcon_core.verb:set package 'my_first_robot' build argument 'catkin_skip_building_tests' from command line to 'False'
[2.918s] DEBUG:colcon.colcon_core.verb:Building package 'my_first_robot' with the following arguments: {'ament_cmake_args': None, 'build_base': '/home/genozen/Desktop/ros2_ws/build/my_first_robot', 'catkin_cmake_args': None, 'catkin_skip_building_tests': False, 'cmake_args': None, 'cmake_clean_cache': False, 'cmake_clean_first': False, 'cmake_force_configure': False, 'cmake_target': None, 'cmake_target_skip_unavailable': False, 'install_base': '/home/genozen/Desktop/ros2_ws/install/my_first_robot', 'merge_install': False, 'path': '/home/genozen/Desktop/ros2_ws/src/my_first_robot', 'symlink_install': False, 'test_result_base': None}
[2.922s] INFO:colcon.colcon_core.executor:Executing jobs using 'parallel' executor
[2.938s] DEBUG:colcon.colcon_parallel_executor.executor.parallel:run_until_complete
[2.940s] INFO:colcon.colcon_ros.task.ament_python.build:Building ROS package in '/home/genozen/Desktop/ros2_ws/src/my_first_robot' with build type 'ament_python'
[2.942s] Level 1:colcon.colcon_core.shell:create_environment_hook('my_first_robot', 'ament_prefix_path')
[2.965s] INFO:colcon.colcon_core.plugin_system:Skipping extension 'colcon_core.shell.bat': Not used on non-Windows systems
[2.967s] INFO:colcon.colcon_core.shell:Creating environment hook '/home/genozen/Desktop/ros2_ws/install/my_first_robot/share/my_first_robot/hook/ament_prefix_path.ps1'
[2.970s] INFO:colcon.colcon_core.shell:Creating environment descriptor '/home/genozen/Desktop/ros2_ws/install/my_first_robot/share/my_first_robot/hook/ament_prefix_path.dsv'
[2.972s] INFO:colcon.colcon_core.shell:Creating environment hook '/home/genozen/Desktop/ros2_ws/install/my_first_robot/share/my_first_robot/hook/ament_prefix_path.sh'
[2.981s] INFO:colcon.colcon_core.shell:Skip shell extension 'powershell' for command environment: Not usable outside of PowerShell
[2.981s] DEBUG:colcon.colcon_core.shell:Skip shell extension 'dsv' for command environment
[4.664s] INFO:colcon.colcon_core.task.python.build:Building Python package in '/home/genozen/Desktop/ros2_ws/src/my_first_robot'
[4.671s] INFO:colcon.colcon_core.shell:Skip shell extension 'powershell' for command environment: Not usable outside of PowerShell
[4.671s] DEBUG:colcon.colcon_core.shell:Skip shell extension 'dsv' for command environment
[6.781s] DEBUG:colcon.colcon_core.event_handler.log_command:Invoking command in '/home/genozen/Desktop/ros2_ws/src/my_first_robot': PYTHONPATH=/home/genozen/Desktop/ros2_ws/build/my_first_robot/prefix_override:/home/genozen/Desktop/ros2_ws/install/my_first_robot/lib/python3.10/site-packages:${PYTHONPATH} /usr/bin/python3 setup.py egg_info --egg-base ../../build/my_first_robot build --build-base /home/genozen/Desktop/ros2_ws/build/my_first_robot/build install --record /home/genozen/Desktop/ros2_ws/build/my_first_robot/install.log --single-version-externally-managed
[8.615s] DEBUG:colcon.colcon_core.event_handler.log_command:Invoked command in '/home/genozen/Desktop/ros2_ws/src/my_first_robot' returned '0': PYTHONPATH=/home/genozen/Desktop/ros2_ws/build/my_first_robot/prefix_override:/home/genozen/Desktop/ros2_ws/install/my_first_robot/lib/python3.10/site-packages:${PYTHONPATH} /usr/bin/python3 setup.py egg_info --egg-base ../../build/my_first_robot build --build-base /home/genozen/Desktop/ros2_ws/build/my_first_robot/build install --record /home/genozen/Desktop/ros2_ws/build/my_first_robot/install.log --single-version-externally-managed
[8.647s] Level 1:colcon.colcon_core.environment:checking '/home/genozen/Desktop/ros2_ws/install/my_first_robot' for CMake module files
[8.652s] Level 1:colcon.colcon_core.environment:checking '/home/genozen/Desktop/ros2_ws/install/my_first_robot' for CMake config files
[8.658s] Level 1:colcon.colcon_core.environment:checking '/home/genozen/Desktop/ros2_ws/install/my_first_robot/lib'
[8.659s] Level 1:colcon.colcon_core.environment:checking '/home/genozen/Desktop/ros2_ws/install/my_first_robot/bin'
[8.660s] Level 1:colcon.colcon_core.environment:checking '/home/genozen/Desktop/ros2_ws/install/my_first_robot/lib/pkgconfig/my_first_robot.pc'
[8.662s] Level 1:colcon.colcon_core.environment:checking '/home/genozen/Desktop/ros2_ws/install/my_first_robot/lib/python3.10/site-packages'
[8.663s] Level 1:colcon.colcon_core.shell:create_environment_hook('my_first_robot', 'pythonpath')
[8.670s] INFO:colcon.colcon_core.shell:Creating environment hook '/home/genozen/Desktop/ros2_ws/install/my_first_robot/share/my_first_robot/hook/pythonpath.ps1'
[8.674s] INFO:colcon.colcon_core.shell:Creating environment descriptor '/home/genozen/Desktop/ros2_ws/install/my_first_robot/share/my_first_robot/hook/pythonpath.dsv'
[8.677s] INFO:colcon.colcon_core.shell:Creating environment hook '/home/genozen/Desktop/ros2_ws/install/my_first_robot/share/my_first_robot/hook/pythonpath.sh'
[8.681s] Level 1:colcon.colcon_core.environment:checking '/home/genozen/Desktop/ros2_ws/install/my_first_robot/bin'
[8.681s] Level 1:colcon.colcon_core.environment:create_environment_scripts_only(my_first_robot)
[8.690s] INFO:colcon.colcon_core.shell:Creating package script '/home/genozen/Desktop/ros2_ws/install/my_first_robot/share/my_first_robot/package.ps1'
[8.695s] INFO:colcon.colcon_core.shell:Creating package descriptor '/home/genozen/Desktop/ros2_ws/install/my_first_robot/share/my_first_robot/package.dsv'
[8.699s] INFO:colcon.colcon_core.shell:Creating package script '/home/genozen/Desktop/ros2_ws/install/my_first_robot/share/my_first_robot/package.sh'
[8.705s] INFO:colcon.colcon_core.shell:Creating package script '/home/genozen/Desktop/ros2_ws/install/my_first_robot/share/my_first_robot/package.bash'
[8.710s] INFO:colcon.colcon_core.shell:Creating package script '/home/genozen/Desktop/ros2_ws/install/my_first_robot/share/my_first_robot/package.zsh'
[8.715s] Level 1:colcon.colcon_core.environment:create_file_with_runtime_dependencies(/home/genozen/Desktop/ros2_ws/install/my_first_robot/share/colcon-core/packages/my_first_robot)
[8.717s] DEBUG:colcon.colcon_parallel_executor.executor.parallel:closing loop
[8.719s] DEBUG:colcon.colcon_parallel_executor.executor.parallel:loop closed
[8.720s] DEBUG:colcon.colcon_parallel_executor.executor.parallel:run_until_complete finished with '0'
[8.721s] DEBUG:colcon.colcon_core.event_reactor:joining thread
[8.754s] INFO:colcon.colcon_core.plugin_system:Skipping extension 'colcon_notification.desktop_notification.terminal_notifier': Not used on non-Darwin systems
[8.755s] INFO:colcon.colcon_core.plugin_system:Skipping extension 'colcon_notification.desktop_notification.win32': Not used on non-Windows systems
[8.756s] INFO:colcon.colcon_notification.desktop_notification:Sending desktop notification using 'notify2'
[8.763s] DEBUG:colcon.colcon_notification.desktop_notification.notify2:Failed to initialize notify2: org.freedesktop.DBus.Error.ServiceUnknown: The name org.freedesktop.Notifications was not provided by any .service files
[8.764s] DEBUG:colcon.colcon_core.event_reactor:joined thread
[8.771s] INFO:colcon.colcon_core.shell:Creating prefix script '/home/genozen/Desktop/ros2_ws/install/local_setup.ps1'
[8.776s] INFO:colcon.colcon_core.shell:Creating prefix util module '/home/genozen/Desktop/ros2_ws/install/_local_setup_util_ps1.py'
[8.783s] INFO:colcon.colcon_core.shell:Creating prefix chain script '/home/genozen/Desktop/ros2_ws/install/setup.ps1'
[8.806s] INFO:colcon.colcon_core.shell:Creating prefix script '/home/genozen/Desktop/ros2_ws/install/local_setup.sh'
[8.810s] INFO:colcon.colcon_core.shell:Creating prefix util module '/home/genozen/Desktop/ros2_ws/install/_local_setup_util_sh.py'
[8.812s] INFO:colcon.colcon_core.shell:Creating prefix chain script '/home/genozen/Desktop/ros2_ws/install/setup.sh'
[8.832s] INFO:colcon.colcon_core.shell:Creating prefix script '/home/genozen/Desktop/ros2_ws/install/local_setup.bash'
[8.835s] INFO:colcon.colcon_core.shell:Creating prefix chain script '/home/genozen/Desktop/ros2_ws/install/setup.bash'
[8.850s] INFO:colcon.colcon_core.shell:Creating prefix script '/home/genozen/Desktop/ros2_ws/install/local_setup.zsh'
[8.854s] INFO:colcon.colcon_core.shell:Creating prefix chain script '/home/genozen/Desktop/ros2_ws/install/setup.zsh'
