running develop
/usr/lib/python3/dist-packages/setuptools/command/easy_install.py:158: EasyInstallDeprecationWarning: easy_install command is deprecated. Use build and pip and other standards-based tools.
  warnings.warn(
/usr/lib/python3/dist-packages/setuptools/command/install.py:34: SetuptoolsDeprecationWarning: setup.py install is deprecated. Use build and pip and other standards-based tools.
  warnings.warn(
/usr/lib/python3/dist-packages/pkg_resources/__init__.py:116: PkgResourcesDeprecationWarning: 1.1build1 is an invalid version and will not be supported in a future release
  warnings.warn(
/usr/lib/python3/dist-packages/pkg_resources/__init__.py:116: PkgResourcesDeprecationWarning: 0.1.43ubuntu1 is an invalid version and will not be supported in a future release
  warnings.warn(
running egg_info
writing ../../build/mobile_robotics/mobile_robotics.egg-info/PKG-INFO
writing dependency_links to ../../build/mobile_robotics/mobile_robotics.egg-info/dependency_links.txt
writing entry points to ../../build/mobile_robotics/mobile_robotics.egg-info/entry_points.txt
writing requirements to ../../build/mobile_robotics/mobile_robotics.egg-info/requires.txt
writing top-level names to ../../build/mobile_robotics/mobile_robotics.egg-info/top_level.txt
reading manifest file '../../build/mobile_robotics/mobile_robotics.egg-info/SOURCES.txt'
writing manifest file '../../build/mobile_robotics/mobile_robotics.egg-info/SOURCES.txt'
running build
running build_py
running install
/usr/lib/python3/dist-packages/setuptools/command/install.py:34: SetuptoolsDeprecationWarning: setup.py install is deprecated. Use build and pip and other standards-based tools.
  warnings.warn(
running install_lib
running install_data
running install_egg_info
removing '/home/genozen/Desktop/ros2_ws/install/mobile_robotics/lib/python3.10/site-packages/mobile_robotics-0.0.0-py3.10.egg-info' (and everything under it)
Copying ../../build/mobile_robotics/mobile_robotics.egg-info to /home/genozen/Desktop/ros2_ws/install/mobile_robotics/lib/python3.10/site-packages/mobile_robotics-0.0.0-py3.10.egg-info
running install_scripts
Installing cod_ex2 script to /home/genozen/Desktop/ros2_ws/install/mobile_robotics/lib/mobile_robotics
Installing part1 script to /home/genozen/Desktop/ros2_ws/install/mobile_robotics/lib/mobile_robotics
writing list of installed files to '/home/genozen/Desktop/ros2_ws/build/mobile_robotics/install.log'
